INFO - 2023-05-24 01:21:45 --> Session: Class initialized using 'CodeIgniter\Session\Handlers\FileHandler' driver.
INFO - 2023-05-24 01:21:45 --> Session: Class initialized using 'CodeIgniter\Session\Handlers\FileHandler' driver.
INFO - 2023-05-24 01:21:51 --> Session: Class initialized using 'CodeIgniter\Session\Handlers\FileHandler' driver.
INFO - 2023-05-24 01:21:52 --> Session: Class initialized using 'CodeIgniter\Session\Handlers\FileHandler' driver.
INFO - 2023-05-24 01:22:13 --> Session: Class initialized using 'CodeIgniter\Session\Handlers\FileHandler' driver.
INFO - 2023-05-24 01:22:21 --> Session: Class initialized using 'CodeIgniter\Session\Handlers\FileHandler' driver.
INFO - 2023-05-24 01:22:44 --> Session: Class initialized using 'CodeIgniter\Session\Handlers\FileHandler' driver.
INFO - 2023-05-24 01:22:44 --> Session: Class initialized using 'CodeIgniter\Session\Handlers\FileHandler' driver.
INFO - 2023-05-24 01:23:29 --> Session: Class initialized using 'CodeIgniter\Session\Handlers\FileHandler' driver.
INFO - 2023-05-24 01:23:29 --> Session: Class initialized using 'CodeIgniter\Session\Handlers\FileHandler' driver.
INFO - 2023-05-24 01:23:47 --> Session: Class initialized using 'CodeIgniter\Session\Handlers\FileHandler' driver.
INFO - 2023-05-24 01:23:48 --> Session: Class initialized using 'CodeIgniter\Session\Handlers\FileHandler' driver.
INFO - 2023-05-24 01:25:15 --> Session: Class initialized using 'CodeIgniter\Session\Handlers\FileHandler' driver.
INFO - 2023-05-24 01:25:27 --> Session: Class initialized using 'CodeIgniter\Session\Handlers\FileHandler' driver.
INFO - 2023-05-24 01:25:36 --> Session: Class initialized using 'CodeIgniter\Session\Handlers\FileHandler' driver.
INFO - 2023-05-24 01:29:42 --> Session: Class initialized using 'CodeIgniter\Session\Handlers\FileHandler' driver.
INFO - 2023-05-24 01:30:02 --> Session: Class initialized using 'CodeIgniter\Session\Handlers\FileHandler' driver.
INFO - 2023-05-24 01:30:03 --> Session: Class initialized using 'CodeIgniter\Session\Handlers\FileHandler' driver.
INFO - 2023-05-24 01:30:35 --> Session: Class initialized using 'CodeIgniter\Session\Handlers\FileHandler' driver.
INFO - 2023-05-24 01:30:36 --> Session: Class initialized using 'CodeIgniter\Session\Handlers\FileHandler' driver.
INFO - 2023-05-24 01:31:58 --> Session: Class initialized using 'CodeIgniter\Session\Handlers\FileHandler' driver.
INFO - 2023-05-24 01:32:19 --> Session: Class initialized using 'CodeIgniter\Session\Handlers\FileHandler' driver.
INFO - 2023-05-24 01:32:20 --> Session: Class initialized using 'CodeIgniter\Session\Handlers\FileHandler' driver.
INFO - 2023-05-24 01:32:26 --> Session: Class initialized using 'CodeIgniter\Session\Handlers\FileHandler' driver.
INFO - 2023-05-24 01:32:27 --> Session: Class initialized using 'CodeIgniter\Session\Handlers\FileHandler' driver.
INFO - 2023-05-24 01:32:27 --> Session: Class initialized using 'CodeIgniter\Session\Handlers\FileHandler' driver.
INFO - 2023-05-24 01:32:45 --> Session: Class initialized using 'CodeIgniter\Session\Handlers\FileHandler' driver.
INFO - 2023-05-24 01:32:45 --> Session: Class initialized using 'CodeIgniter\Session\Handlers\FileHandler' driver.
INFO - 2023-05-24 01:32:58 --> Session: Class initialized using 'CodeIgniter\Session\Handlers\FileHandler' driver.
INFO - 2023-05-24 01:32:59 --> Session: Class initialized using 'CodeIgniter\Session\Handlers\FileHandler' driver.
INFO - 2023-05-24 01:33:02 --> Session: Class initialized using 'CodeIgniter\Session\Handlers\FileHandler' driver.
INFO - 2023-05-24 01:33:03 --> Session: Class initialized using 'CodeIgniter\Session\Handlers\FileHandler' driver.
INFO - 2023-05-24 01:33:07 --> Session: Class initialized using 'CodeIgniter\Session\Handlers\FileHandler' driver.
INFO - 2023-05-24 01:33:11 --> Session: Class initialized using 'CodeIgniter\Session\Handlers\FileHandler' driver.
INFO - 2023-05-24 01:33:25 --> Session: Class initialized using 'CodeIgniter\Session\Handlers\FileHandler' driver.
INFO - 2023-05-24 01:33:26 --> Session: Class initialized using 'CodeIgniter\Session\Handlers\FileHandler' driver.
INFO - 2023-05-24 01:33:26 --> Session: Class initialized using 'CodeIgniter\Session\Handlers\FileHandler' driver.
INFO - 2023-05-24 01:33:42 --> Session: Class initialized using 'CodeIgniter\Session\Handlers\FileHandler' driver.
INFO - 2023-05-24 01:33:43 --> Session: Class initialized using 'CodeIgniter\Session\Handlers\FileHandler' driver.
INFO - 2023-05-24 01:34:28 --> Session: Class initialized using 'CodeIgniter\Session\Handlers\FileHandler' driver.
INFO - 2023-05-24 01:34:28 --> Session: Class initialized using 'CodeIgniter\Session\Handlers\FileHandler' driver.
INFO - 2023-05-24 01:34:49 --> Session: Class initialized using 'CodeIgniter\Session\Handlers\FileHandler' driver.
INFO - 2023-05-24 01:34:49 --> Session: Class initialized using 'CodeIgniter\Session\Handlers\FileHandler' driver.
INFO - 2023-05-24 01:35:01 --> Session: Class initialized using 'CodeIgniter\Session\Handlers\FileHandler' driver.
INFO - 2023-05-24 01:35:01 --> Session: Class initialized using 'CodeIgniter\Session\Handlers\FileHandler' driver.
INFO - 2023-05-24 01:35:05 --> Session: Class initialized using 'CodeIgniter\Session\Handlers\FileHandler' driver.
INFO - 2023-05-24 01:35:10 --> Session: Class initialized using 'CodeIgniter\Session\Handlers\FileHandler' driver.
INFO - 2023-05-24 01:35:11 --> Session: Class initialized using 'CodeIgniter\Session\Handlers\FileHandler' driver.
INFO - 2023-05-24 01:35:15 --> Session: Class initialized using 'CodeIgniter\Session\Handlers\FileHandler' driver.
INFO - 2023-05-24 01:35:15 --> Session: Class initialized using 'CodeIgniter\Session\Handlers\FileHandler' driver.
INFO - 2023-05-24 01:35:18 --> Session: Class initialized using 'CodeIgniter\Session\Handlers\FileHandler' driver.
INFO - 2023-05-24 01:35:35 --> Session: Class initialized using 'CodeIgniter\Session\Handlers\FileHandler' driver.
INFO - 2023-05-24 01:35:36 --> Session: Class initialized using 'CodeIgniter\Session\Handlers\FileHandler' driver.
INFO - 2023-05-24 01:35:41 --> Session: Class initialized using 'CodeIgniter\Session\Handlers\FileHandler' driver.
INFO - 2023-05-24 01:35:41 --> Session: Class initialized using 'CodeIgniter\Session\Handlers\FileHandler' driver.
INFO - 2023-05-24 01:35:42 --> Session: Class initialized using 'CodeIgniter\Session\Handlers\FileHandler' driver.
INFO - 2023-05-24 01:36:05 --> Session: Class initialized using 'CodeIgniter\Session\Handlers\FileHandler' driver.
INFO - 2023-05-24 01:36:05 --> Session: Class initialized using 'CodeIgniter\Session\Handlers\FileHandler' driver.
INFO - 2023-05-24 01:40:06 --> Session: Class initialized using 'CodeIgniter\Session\Handlers\FileHandler' driver.
INFO - 2023-05-24 01:40:07 --> Session: Class initialized using 'CodeIgniter\Session\Handlers\FileHandler' driver.
INFO - 2023-05-24 01:40:07 --> Session: Class initialized using 'CodeIgniter\Session\Handlers\FileHandler' driver.
INFO - 2023-05-24 01:40:11 --> Session: Class initialized using 'CodeIgniter\Session\Handlers\FileHandler' driver.
INFO - 2023-05-24 01:40:12 --> Session: Class initialized using 'CodeIgniter\Session\Handlers\FileHandler' driver.
INFO - 2023-05-24 01:40:16 --> Session: Class initialized using 'CodeIgniter\Session\Handlers\FileHandler' driver.
INFO - 2023-05-24 01:40:20 --> Session: Class initialized using 'CodeIgniter\Session\Handlers\FileHandler' driver.
INFO - 2023-05-24 01:40:35 --> Session: Class initialized using 'CodeIgniter\Session\Handlers\FileHandler' driver.
INFO - 2023-05-24 01:40:36 --> Session: Class initialized using 'CodeIgniter\Session\Handlers\FileHandler' driver.
INFO - 2023-05-24 01:40:43 --> Session: Class initialized using 'CodeIgniter\Session\Handlers\FileHandler' driver.
INFO - 2023-05-24 01:40:43 --> Session: Class initialized using 'CodeIgniter\Session\Handlers\FileHandler' driver.
INFO - 2023-05-24 01:40:44 --> Session: Class initialized using 'CodeIgniter\Session\Handlers\FileHandler' driver.
INFO - 2023-05-24 01:40:57 --> Session: Class initialized using 'CodeIgniter\Session\Handlers\FileHandler' driver.
INFO - 2023-05-24 01:40:58 --> Session: Class initialized using 'CodeIgniter\Session\Handlers\FileHandler' driver.
INFO - 2023-05-24 01:41:25 --> Session: Class initialized using 'CodeIgniter\Session\Handlers\FileHandler' driver.
WARNING - 2023-05-24 01:41:26 --> [DEPRECATED] number_format(): Passing null to parameter #1 ($num) of type float is deprecated in APPPATH\Views\data_pesanan\row.php on line 6.
 1 APPPATH\Views\data_pesanan\row.php(6): number_format(null, 2, ',', 'ROOTPATH\\public')
 2 SYSTEMPATH\View\View.php(213): include('APPPATH\\Views\\data_pesanan\\row.php')
 3 SYSTEMPATH\View\View.php(216): CodeIgniter\View\View->CodeIgniter\View\{closure}()
 4 SYSTEMPATH\Common.php(1177): CodeIgniter\View\View->render('data_pesanan/row', [], true)
 5 APPPATH\Controllers\DataPesanan.php(366): view('data_pesanan/row', [...])
 6 SYSTEMPATH\CodeIgniter.php(934): App\Controllers\DataPesanan->laporan()
 7 SYSTEMPATH\CodeIgniter.php(499): CodeIgniter\CodeIgniter->runController(Object(App\Controllers\DataPesanan))
 8 SYSTEMPATH\CodeIgniter.php(368): CodeIgniter\CodeIgniter->handleRequest(null, Object(Config\Cache), false)
 9 FCPATH\index.php(67): CodeIgniter\CodeIgniter->run()
10 SYSTEMPATH\Commands\Server\rewrite.php(47): require_once('FCPATH\\index.php')
WARNING - 2023-05-24 01:41:26 --> [DEPRECATED] number_format(): Passing null to parameter #1 ($num) of type float is deprecated in APPPATH\Views\data_pesanan\row.php on line 6.
 1 APPPATH\Views\data_pesanan\row.php(6): number_format(null, 2, ',', 'ROOTPATH\\public')
 2 SYSTEMPATH\View\View.php(213): include('APPPATH\\Views\\data_pesanan\\row.php')
 3 SYSTEMPATH\View\View.php(216): CodeIgniter\View\View->CodeIgniter\View\{closure}()
 4 SYSTEMPATH\Common.php(1177): CodeIgniter\View\View->render('data_pesanan/row', [], true)
 5 APPPATH\Controllers\DataPesanan.php(366): view('data_pesanan/row', [...])
 6 SYSTEMPATH\CodeIgniter.php(934): App\Controllers\DataPesanan->laporan()
 7 SYSTEMPATH\CodeIgniter.php(499): CodeIgniter\CodeIgniter->runController(Object(App\Controllers\DataPesanan))
 8 SYSTEMPATH\CodeIgniter.php(368): CodeIgniter\CodeIgniter->handleRequest(null, Object(Config\Cache), false)
 9 FCPATH\index.php(67): CodeIgniter\CodeIgniter->run()
10 SYSTEMPATH\Commands\Server\rewrite.php(47): require_once('FCPATH\\index.php')
WARNING - 2023-05-24 01:41:26 --> [DEPRECATED] number_format(): Passing null to parameter #1 ($num) of type float is deprecated in APPPATH\Views\data_pesanan\row.php on line 6.
 1 APPPATH\Views\data_pesanan\row.php(6): number_format(null, 2, ',', 'ROOTPATH\\public')
 2 SYSTEMPATH\View\View.php(213): include('APPPATH\\Views\\data_pesanan\\row.php')
 3 SYSTEMPATH\View\View.php(216): CodeIgniter\View\View->CodeIgniter\View\{closure}()
 4 SYSTEMPATH\Common.php(1177): CodeIgniter\View\View->render('data_pesanan/row', [], true)
 5 APPPATH\Controllers\DataPesanan.php(366): view('data_pesanan/row', [...])
 6 SYSTEMPATH\CodeIgniter.php(934): App\Controllers\DataPesanan->laporan()
 7 SYSTEMPATH\CodeIgniter.php(499): CodeIgniter\CodeIgniter->runController(Object(App\Controllers\DataPesanan))
 8 SYSTEMPATH\CodeIgniter.php(368): CodeIgniter\CodeIgniter->handleRequest(null, Object(Config\Cache), false)
 9 FCPATH\index.php(67): CodeIgniter\CodeIgniter->run()
10 SYSTEMPATH\Commands\Server\rewrite.php(47): require_once('FCPATH\\index.php')
WARNING - 2023-05-24 01:41:26 --> [DEPRECATED] number_format(): Passing null to parameter #1 ($num) of type float is deprecated in APPPATH\Views\data_pesanan\row.php on line 6.
 1 APPPATH\Views\data_pesanan\row.php(6): number_format(null, 2, ',', 'ROOTPATH\\public')
 2 SYSTEMPATH\View\View.php(213): include('APPPATH\\Views\\data_pesanan\\row.php')
 3 SYSTEMPATH\View\View.php(216): CodeIgniter\View\View->CodeIgniter\View\{closure}()
 4 SYSTEMPATH\Common.php(1177): CodeIgniter\View\View->render('data_pesanan/row', [], true)
 5 APPPATH\Controllers\DataPesanan.php(366): view('data_pesanan/row', [...])
 6 SYSTEMPATH\CodeIgniter.php(934): App\Controllers\DataPesanan->laporan()
 7 SYSTEMPATH\CodeIgniter.php(499): CodeIgniter\CodeIgniter->runController(Object(App\Controllers\DataPesanan))
 8 SYSTEMPATH\CodeIgniter.php(368): CodeIgniter\CodeIgniter->handleRequest(null, Object(Config\Cache), false)
 9 FCPATH\index.php(67): CodeIgniter\CodeIgniter->run()
10 SYSTEMPATH\Commands\Server\rewrite.php(47): require_once('FCPATH\\index.php')
WARNING - 2023-05-24 01:41:26 --> [DEPRECATED] number_format(): Passing null to parameter #1 ($num) of type float is deprecated in APPPATH\Views\data_pesanan\row.php on line 6.
 1 APPPATH\Views\data_pesanan\row.php(6): number_format(null, 2, ',', 'ROOTPATH\\public')
 2 SYSTEMPATH\View\View.php(213): include('APPPATH\\Views\\data_pesanan\\row.php')
 3 SYSTEMPATH\View\View.php(216): CodeIgniter\View\View->CodeIgniter\View\{closure}()
 4 SYSTEMPATH\Common.php(1177): CodeIgniter\View\View->render('data_pesanan/row', [], true)
 5 APPPATH\Controllers\DataPesanan.php(366): view('data_pesanan/row', [...])
 6 SYSTEMPATH\CodeIgniter.php(934): App\Controllers\DataPesanan->laporan()
 7 SYSTEMPATH\CodeIgniter.php(499): CodeIgniter\CodeIgniter->runController(Object(App\Controllers\DataPesanan))
 8 SYSTEMPATH\CodeIgniter.php(368): CodeIgniter\CodeIgniter->handleRequest(null, Object(Config\Cache), false)
 9 FCPATH\index.php(67): CodeIgniter\CodeIgniter->run()
10 SYSTEMPATH\Commands\Server\rewrite.php(47): require_once('FCPATH\\index.php')
WARNING - 2023-05-24 01:41:26 --> [DEPRECATED] number_format(): Passing null to parameter #1 ($num) of type float is deprecated in APPPATH\Views\data_pesanan\row.php on line 6.
 1 APPPATH\Views\data_pesanan\row.php(6): number_format(null, 2, ',', 'ROOTPATH\\public')
 2 SYSTEMPATH\View\View.php(213): include('APPPATH\\Views\\data_pesanan\\row.php')
 3 SYSTEMPATH\View\View.php(216): CodeIgniter\View\View->CodeIgniter\View\{closure}()
 4 SYSTEMPATH\Common.php(1177): CodeIgniter\View\View->render('data_pesanan/row', [], true)
 5 APPPATH\Controllers\DataPesanan.php(366): view('data_pesanan/row', [...])
 6 SYSTEMPATH\CodeIgniter.php(934): App\Controllers\DataPesanan->laporan()
 7 SYSTEMPATH\CodeIgniter.php(499): CodeIgniter\CodeIgniter->runController(Object(App\Controllers\DataPesanan))
 8 SYSTEMPATH\CodeIgniter.php(368): CodeIgniter\CodeIgniter->handleRequest(null, Object(Config\Cache), false)
 9 FCPATH\index.php(67): CodeIgniter\CodeIgniter->run()
10 SYSTEMPATH\Commands\Server\rewrite.php(47): require_once('FCPATH\\index.php')
WARNING - 2023-05-24 01:41:26 --> [DEPRECATED] number_format(): Passing null to parameter #1 ($num) of type float is deprecated in APPPATH\Views\data_pesanan\row.php on line 6.
 1 APPPATH\Views\data_pesanan\row.php(6): number_format(null, 2, ',', 'ROOTPATH\\public')
 2 SYSTEMPATH\View\View.php(213): include('APPPATH\\Views\\data_pesanan\\row.php')
 3 SYSTEMPATH\View\View.php(216): CodeIgniter\View\View->CodeIgniter\View\{closure}()
 4 SYSTEMPATH\Common.php(1177): CodeIgniter\View\View->render('data_pesanan/row', [], true)
 5 APPPATH\Controllers\DataPesanan.php(366): view('data_pesanan/row', [...])
 6 SYSTEMPATH\CodeIgniter.php(934): App\Controllers\DataPesanan->laporan()
 7 SYSTEMPATH\CodeIgniter.php(499): CodeIgniter\CodeIgniter->runController(Object(App\Controllers\DataPesanan))
 8 SYSTEMPATH\CodeIgniter.php(368): CodeIgniter\CodeIgniter->handleRequest(null, Object(Config\Cache), false)
 9 FCPATH\index.php(67): CodeIgniter\CodeIgniter->run()
10 SYSTEMPATH\Commands\Server\rewrite.php(47): require_once('FCPATH\\index.php')
INFO - 2023-05-24 01:41:30 --> Session: Class initialized using 'CodeIgniter\Session\Handlers\FileHandler' driver.
INFO - 2023-05-24 01:42:06 --> Session: Class initialized using 'CodeIgniter\Session\Handlers\FileHandler' driver.
INFO - 2023-05-24 01:43:38 --> Session: Class initialized using 'CodeIgniter\Session\Handlers\FileHandler' driver.
INFO - 2023-05-24 01:44:07 --> Session: Class initialized using 'CodeIgniter\Session\Handlers\FileHandler' driver.
INFO - 2023-05-24 01:44:23 --> Session: Class initialized using 'CodeIgniter\Session\Handlers\FileHandler' driver.
INFO - 2023-05-24 01:44:44 --> Session: Class initialized using 'CodeIgniter\Session\Handlers\FileHandler' driver.
INFO - 2023-05-24 01:45:17 --> Session: Class initialized using 'CodeIgniter\Session\Handlers\FileHandler' driver.
INFO - 2023-05-24 01:45:41 --> Session: Class initialized using 'CodeIgniter\Session\Handlers\FileHandler' driver.
INFO - 2023-05-24 01:46:17 --> Session: Class initialized using 'CodeIgniter\Session\Handlers\FileHandler' driver.
INFO - 2023-05-24 01:46:21 --> Session: Class initialized using 'CodeIgniter\Session\Handlers\FileHandler' driver.
INFO - 2023-05-24 01:46:52 --> Session: Class initialized using 'CodeIgniter\Session\Handlers\FileHandler' driver.
INFO - 2023-05-24 01:47:01 --> Session: Class initialized using 'CodeIgniter\Session\Handlers\FileHandler' driver.
INFO - 2023-05-24 01:47:32 --> Session: Class initialized using 'CodeIgniter\Session\Handlers\FileHandler' driver.
INFO - 2023-05-24 01:47:46 --> Session: Class initialized using 'CodeIgniter\Session\Handlers\FileHandler' driver.
WARNING - 2023-05-24 01:47:46 --> [DEPRECATED] number_format(): Passing null to parameter #1 ($num) of type float is deprecated in APPPATH\Views\data_pesanan\row.php on line 6.
 1 APPPATH\Views\data_pesanan\row.php(6): number_format(null, 2, ',', 'ROOTPATH\\public')
 2 SYSTEMPATH\View\View.php(213): include('APPPATH\\Views\\data_pesanan\\row.php')
 3 SYSTEMPATH\View\View.php(216): CodeIgniter\View\View->CodeIgniter\View\{closure}()
 4 SYSTEMPATH\Common.php(1177): CodeIgniter\View\View->render('data_pesanan/row', [], true)
 5 APPPATH\Controllers\DataPesanan.php(366): view('data_pesanan/row', [...])
 6 SYSTEMPATH\CodeIgniter.php(934): App\Controllers\DataPesanan->laporan()
 7 SYSTEMPATH\CodeIgniter.php(499): CodeIgniter\CodeIgniter->runController(Object(App\Controllers\DataPesanan))
 8 SYSTEMPATH\CodeIgniter.php(368): CodeIgniter\CodeIgniter->handleRequest(null, Object(Config\Cache), false)
 9 FCPATH\index.php(67): CodeIgniter\CodeIgniter->run()
10 SYSTEMPATH\Commands\Server\rewrite.php(47): require_once('FCPATH\\index.php')
WARNING - 2023-05-24 01:47:46 --> [DEPRECATED] number_format(): Passing null to parameter #1 ($num) of type float is deprecated in APPPATH\Views\data_pesanan\row.php on line 6.
 1 APPPATH\Views\data_pesanan\row.php(6): number_format(null, 2, ',', 'ROOTPATH\\public')
 2 SYSTEMPATH\View\View.php(213): include('APPPATH\\Views\\data_pesanan\\row.php')
 3 SYSTEMPATH\View\View.php(216): CodeIgniter\View\View->CodeIgniter\View\{closure}()
 4 SYSTEMPATH\Common.php(1177): CodeIgniter\View\View->render('data_pesanan/row', [], true)
 5 APPPATH\Controllers\DataPesanan.php(366): view('data_pesanan/row', [...])
 6 SYSTEMPATH\CodeIgniter.php(934): App\Controllers\DataPesanan->laporan()
 7 SYSTEMPATH\CodeIgniter.php(499): CodeIgniter\CodeIgniter->runController(Object(App\Controllers\DataPesanan))
 8 SYSTEMPATH\CodeIgniter.php(368): CodeIgniter\CodeIgniter->handleRequest(null, Object(Config\Cache), false)
 9 FCPATH\index.php(67): CodeIgniter\CodeIgniter->run()
10 SYSTEMPATH\Commands\Server\rewrite.php(47): require_once('FCPATH\\index.php')
WARNING - 2023-05-24 01:47:46 --> [DEPRECATED] number_format(): Passing null to parameter #1 ($num) of type float is deprecated in APPPATH\Views\data_pesanan\row.php on line 6.
 1 APPPATH\Views\data_pesanan\row.php(6): number_format(null, 2, ',', 'ROOTPATH\\public')
 2 SYSTEMPATH\View\View.php(213): include('APPPATH\\Views\\data_pesanan\\row.php')
 3 SYSTEMPATH\View\View.php(216): CodeIgniter\View\View->CodeIgniter\View\{closure}()
 4 SYSTEMPATH\Common.php(1177): CodeIgniter\View\View->render('data_pesanan/row', [], true)
 5 APPPATH\Controllers\DataPesanan.php(366): view('data_pesanan/row', [...])
 6 SYSTEMPATH\CodeIgniter.php(934): App\Controllers\DataPesanan->laporan()
 7 SYSTEMPATH\CodeIgniter.php(499): CodeIgniter\CodeIgniter->runController(Object(App\Controllers\DataPesanan))
 8 SYSTEMPATH\CodeIgniter.php(368): CodeIgniter\CodeIgniter->handleRequest(null, Object(Config\Cache), false)
 9 FCPATH\index.php(67): CodeIgniter\CodeIgniter->run()
10 SYSTEMPATH\Commands\Server\rewrite.php(47): require_once('FCPATH\\index.php')
WARNING - 2023-05-24 01:47:46 --> [DEPRECATED] number_format(): Passing null to parameter #1 ($num) of type float is deprecated in APPPATH\Views\data_pesanan\row.php on line 6.
 1 APPPATH\Views\data_pesanan\row.php(6): number_format(null, 2, ',', 'ROOTPATH\\public')
 2 SYSTEMPATH\View\View.php(213): include('APPPATH\\Views\\data_pesanan\\row.php')
 3 SYSTEMPATH\View\View.php(216): CodeIgniter\View\View->CodeIgniter\View\{closure}()
 4 SYSTEMPATH\Common.php(1177): CodeIgniter\View\View->render('data_pesanan/row', [], true)
 5 APPPATH\Controllers\DataPesanan.php(366): view('data_pesanan/row', [...])
 6 SYSTEMPATH\CodeIgniter.php(934): App\Controllers\DataPesanan->laporan()
 7 SYSTEMPATH\CodeIgniter.php(499): CodeIgniter\CodeIgniter->runController(Object(App\Controllers\DataPesanan))
 8 SYSTEMPATH\CodeIgniter.php(368): CodeIgniter\CodeIgniter->handleRequest(null, Object(Config\Cache), false)
 9 FCPATH\index.php(67): CodeIgniter\CodeIgniter->run()
10 SYSTEMPATH\Commands\Server\rewrite.php(47): require_once('FCPATH\\index.php')
WARNING - 2023-05-24 01:47:46 --> [DEPRECATED] number_format(): Passing null to parameter #1 ($num) of type float is deprecated in APPPATH\Views\data_pesanan\row.php on line 6.
 1 APPPATH\Views\data_pesanan\row.php(6): number_format(null, 2, ',', 'ROOTPATH\\public')
 2 SYSTEMPATH\View\View.php(213): include('APPPATH\\Views\\data_pesanan\\row.php')
 3 SYSTEMPATH\View\View.php(216): CodeIgniter\View\View->CodeIgniter\View\{closure}()
 4 SYSTEMPATH\Common.php(1177): CodeIgniter\View\View->render('data_pesanan/row', [], true)
 5 APPPATH\Controllers\DataPesanan.php(366): view('data_pesanan/row', [...])
 6 SYSTEMPATH\CodeIgniter.php(934): App\Controllers\DataPesanan->laporan()
 7 SYSTEMPATH\CodeIgniter.php(499): CodeIgniter\CodeIgniter->runController(Object(App\Controllers\DataPesanan))
 8 SYSTEMPATH\CodeIgniter.php(368): CodeIgniter\CodeIgniter->handleRequest(null, Object(Config\Cache), false)
 9 FCPATH\index.php(67): CodeIgniter\CodeIgniter->run()
10 SYSTEMPATH\Commands\Server\rewrite.php(47): require_once('FCPATH\\index.php')
WARNING - 2023-05-24 01:47:46 --> [DEPRECATED] number_format(): Passing null to parameter #1 ($num) of type float is deprecated in APPPATH\Views\data_pesanan\row.php on line 6.
 1 APPPATH\Views\data_pesanan\row.php(6): number_format(null, 2, ',', 'ROOTPATH\\public')
 2 SYSTEMPATH\View\View.php(213): include('APPPATH\\Views\\data_pesanan\\row.php')
 3 SYSTEMPATH\View\View.php(216): CodeIgniter\View\View->CodeIgniter\View\{closure}()
 4 SYSTEMPATH\Common.php(1177): CodeIgniter\View\View->render('data_pesanan/row', [], true)
 5 APPPATH\Controllers\DataPesanan.php(366): view('data_pesanan/row', [...])
 6 SYSTEMPATH\CodeIgniter.php(934): App\Controllers\DataPesanan->laporan()
 7 SYSTEMPATH\CodeIgniter.php(499): CodeIgniter\CodeIgniter->runController(Object(App\Controllers\DataPesanan))
 8 SYSTEMPATH\CodeIgniter.php(368): CodeIgniter\CodeIgniter->handleRequest(null, Object(Config\Cache), false)
 9 FCPATH\index.php(67): CodeIgniter\CodeIgniter->run()
10 SYSTEMPATH\Commands\Server\rewrite.php(47): require_once('FCPATH\\index.php')
WARNING - 2023-05-24 01:47:46 --> [DEPRECATED] number_format(): Passing null to parameter #1 ($num) of type float is deprecated in APPPATH\Views\data_pesanan\row.php on line 6.
 1 APPPATH\Views\data_pesanan\row.php(6): number_format(null, 2, ',', 'ROOTPATH\\public')
 2 SYSTEMPATH\View\View.php(213): include('APPPATH\\Views\\data_pesanan\\row.php')
 3 SYSTEMPATH\View\View.php(216): CodeIgniter\View\View->CodeIgniter\View\{closure}()
 4 SYSTEMPATH\Common.php(1177): CodeIgniter\View\View->render('data_pesanan/row', [], true)
 5 APPPATH\Controllers\DataPesanan.php(366): view('data_pesanan/row', [...])
 6 SYSTEMPATH\CodeIgniter.php(934): App\Controllers\DataPesanan->laporan()
 7 SYSTEMPATH\CodeIgniter.php(499): CodeIgniter\CodeIgniter->runController(Object(App\Controllers\DataPesanan))
 8 SYSTEMPATH\CodeIgniter.php(368): CodeIgniter\CodeIgniter->handleRequest(null, Object(Config\Cache), false)
 9 FCPATH\index.php(67): CodeIgniter\CodeIgniter->run()
10 SYSTEMPATH\Commands\Server\rewrite.php(47): require_once('FCPATH\\index.php')
INFO - 2023-05-24 01:48:10 --> Session: Class initialized using 'CodeIgniter\Session\Handlers\FileHandler' driver.
WARNING - 2023-05-24 01:48:10 --> [DEPRECATED] number_format(): Passing null to parameter #1 ($num) of type float is deprecated in APPPATH\Views\data_pesanan\row.php on line 6.
 1 APPPATH\Views\data_pesanan\row.php(6): number_format(null, 2, ',', 'ROOTPATH\\public')
 2 SYSTEMPATH\View\View.php(213): include('APPPATH\\Views\\data_pesanan\\row.php')
 3 SYSTEMPATH\View\View.php(216): CodeIgniter\View\View->CodeIgniter\View\{closure}()
 4 SYSTEMPATH\Common.php(1177): CodeIgniter\View\View->render('data_pesanan/row', [], true)
 5 APPPATH\Controllers\DataPesanan.php(410): view('data_pesanan/row', [...])
 6 SYSTEMPATH\CodeIgniter.php(934): App\Controllers\DataPesanan->laporanPrint()
 7 SYSTEMPATH\CodeIgniter.php(499): CodeIgniter\CodeIgniter->runController(Object(App\Controllers\DataPesanan))
 8 SYSTEMPATH\CodeIgniter.php(368): CodeIgniter\CodeIgniter->handleRequest(null, Object(Config\Cache), false)
 9 FCPATH\index.php(67): CodeIgniter\CodeIgniter->run()
10 SYSTEMPATH\Commands\Server\rewrite.php(47): require_once('FCPATH\\index.php')
WARNING - 2023-05-24 01:48:10 --> [DEPRECATED] number_format(): Passing null to parameter #1 ($num) of type float is deprecated in APPPATH\Views\data_pesanan\row.php on line 6.
 1 APPPATH\Views\data_pesanan\row.php(6): number_format(null, 2, ',', 'ROOTPATH\\public')
 2 SYSTEMPATH\View\View.php(213): include('APPPATH\\Views\\data_pesanan\\row.php')
 3 SYSTEMPATH\View\View.php(216): CodeIgniter\View\View->CodeIgniter\View\{closure}()
 4 SYSTEMPATH\Common.php(1177): CodeIgniter\View\View->render('data_pesanan/row', [], true)
 5 APPPATH\Controllers\DataPesanan.php(410): view('data_pesanan/row', [...])
 6 SYSTEMPATH\CodeIgniter.php(934): App\Controllers\DataPesanan->laporanPrint()
 7 SYSTEMPATH\CodeIgniter.php(499): CodeIgniter\CodeIgniter->runController(Object(App\Controllers\DataPesanan))
 8 SYSTEMPATH\CodeIgniter.php(368): CodeIgniter\CodeIgniter->handleRequest(null, Object(Config\Cache), false)
 9 FCPATH\index.php(67): CodeIgniter\CodeIgniter->run()
10 SYSTEMPATH\Commands\Server\rewrite.php(47): require_once('FCPATH\\index.php')
WARNING - 2023-05-24 01:48:10 --> [DEPRECATED] number_format(): Passing null to parameter #1 ($num) of type float is deprecated in APPPATH\Views\data_pesanan\row.php on line 6.
 1 APPPATH\Views\data_pesanan\row.php(6): number_format(null, 2, ',', 'ROOTPATH\\public')
 2 SYSTEMPATH\View\View.php(213): include('APPPATH\\Views\\data_pesanan\\row.php')
 3 SYSTEMPATH\View\View.php(216): CodeIgniter\View\View->CodeIgniter\View\{closure}()
 4 SYSTEMPATH\Common.php(1177): CodeIgniter\View\View->render('data_pesanan/row', [], true)
 5 APPPATH\Controllers\DataPesanan.php(410): view('data_pesanan/row', [...])
 6 SYSTEMPATH\CodeIgniter.php(934): App\Controllers\DataPesanan->laporanPrint()
 7 SYSTEMPATH\CodeIgniter.php(499): CodeIgniter\CodeIgniter->runController(Object(App\Controllers\DataPesanan))
 8 SYSTEMPATH\CodeIgniter.php(368): CodeIgniter\CodeIgniter->handleRequest(null, Object(Config\Cache), false)
 9 FCPATH\index.php(67): CodeIgniter\CodeIgniter->run()
10 SYSTEMPATH\Commands\Server\rewrite.php(47): require_once('FCPATH\\index.php')
WARNING - 2023-05-24 01:48:10 --> [DEPRECATED] number_format(): Passing null to parameter #1 ($num) of type float is deprecated in APPPATH\Views\data_pesanan\row.php on line 6.
 1 APPPATH\Views\data_pesanan\row.php(6): number_format(null, 2, ',', 'ROOTPATH\\public')
 2 SYSTEMPATH\View\View.php(213): include('APPPATH\\Views\\data_pesanan\\row.php')
 3 SYSTEMPATH\View\View.php(216): CodeIgniter\View\View->CodeIgniter\View\{closure}()
 4 SYSTEMPATH\Common.php(1177): CodeIgniter\View\View->render('data_pesanan/row', [], true)
 5 APPPATH\Controllers\DataPesanan.php(410): view('data_pesanan/row', [...])
 6 SYSTEMPATH\CodeIgniter.php(934): App\Controllers\DataPesanan->laporanPrint()
 7 SYSTEMPATH\CodeIgniter.php(499): CodeIgniter\CodeIgniter->runController(Object(App\Controllers\DataPesanan))
 8 SYSTEMPATH\CodeIgniter.php(368): CodeIgniter\CodeIgniter->handleRequest(null, Object(Config\Cache), false)
 9 FCPATH\index.php(67): CodeIgniter\CodeIgniter->run()
10 SYSTEMPATH\Commands\Server\rewrite.php(47): require_once('FCPATH\\index.php')
WARNING - 2023-05-24 01:48:10 --> [DEPRECATED] number_format(): Passing null to parameter #1 ($num) of type float is deprecated in APPPATH\Views\data_pesanan\row.php on line 6.
 1 APPPATH\Views\data_pesanan\row.php(6): number_format(null, 2, ',', 'ROOTPATH\\public')
 2 SYSTEMPATH\View\View.php(213): include('APPPATH\\Views\\data_pesanan\\row.php')
 3 SYSTEMPATH\View\View.php(216): CodeIgniter\View\View->CodeIgniter\View\{closure}()
 4 SYSTEMPATH\Common.php(1177): CodeIgniter\View\View->render('data_pesanan/row', [], true)
 5 APPPATH\Controllers\DataPesanan.php(410): view('data_pesanan/row', [...])
 6 SYSTEMPATH\CodeIgniter.php(934): App\Controllers\DataPesanan->laporanPrint()
 7 SYSTEMPATH\CodeIgniter.php(499): CodeIgniter\CodeIgniter->runController(Object(App\Controllers\DataPesanan))
 8 SYSTEMPATH\CodeIgniter.php(368): CodeIgniter\CodeIgniter->handleRequest(null, Object(Config\Cache), false)
 9 FCPATH\index.php(67): CodeIgniter\CodeIgniter->run()
10 SYSTEMPATH\Commands\Server\rewrite.php(47): require_once('FCPATH\\index.php')
INFO - 2023-05-24 01:48:56 --> Session: Class initialized using 'CodeIgniter\Session\Handlers\FileHandler' driver.
WARNING - 2023-05-24 01:48:57 --> [DEPRECATED] number_format(): Passing null to parameter #1 ($num) of type float is deprecated in APPPATH\Views\data_pesanan\row.php on line 6.
 1 APPPATH\Views\data_pesanan\row.php(6): number_format(null, 2, ',', 'ROOTPATH\\public')
 2 SYSTEMPATH\View\View.php(213): include('APPPATH\\Views\\data_pesanan\\row.php')
 3 SYSTEMPATH\View\View.php(216): CodeIgniter\View\View->CodeIgniter\View\{closure}()
 4 SYSTEMPATH\Common.php(1177): CodeIgniter\View\View->render('data_pesanan/row', [], true)
 5 APPPATH\Controllers\DataPesanan.php(366): view('data_pesanan/row', [...])
 6 SYSTEMPATH\CodeIgniter.php(934): App\Controllers\DataPesanan->laporan()
 7 SYSTEMPATH\CodeIgniter.php(499): CodeIgniter\CodeIgniter->runController(Object(App\Controllers\DataPesanan))
 8 SYSTEMPATH\CodeIgniter.php(368): CodeIgniter\CodeIgniter->handleRequest(null, Object(Config\Cache), false)
 9 FCPATH\index.php(67): CodeIgniter\CodeIgniter->run()
10 SYSTEMPATH\Commands\Server\rewrite.php(47): require_once('FCPATH\\index.php')
WARNING - 2023-05-24 01:48:57 --> [DEPRECATED] number_format(): Passing null to parameter #1 ($num) of type float is deprecated in APPPATH\Views\data_pesanan\row.php on line 6.
 1 APPPATH\Views\data_pesanan\row.php(6): number_format(null, 2, ',', 'ROOTPATH\\public')
 2 SYSTEMPATH\View\View.php(213): include('APPPATH\\Views\\data_pesanan\\row.php')
 3 SYSTEMPATH\View\View.php(216): CodeIgniter\View\View->CodeIgniter\View\{closure}()
 4 SYSTEMPATH\Common.php(1177): CodeIgniter\View\View->render('data_pesanan/row', [], true)
 5 APPPATH\Controllers\DataPesanan.php(366): view('data_pesanan/row', [...])
 6 SYSTEMPATH\CodeIgniter.php(934): App\Controllers\DataPesanan->laporan()
 7 SYSTEMPATH\CodeIgniter.php(499): CodeIgniter\CodeIgniter->runController(Object(App\Controllers\DataPesanan))
 8 SYSTEMPATH\CodeIgniter.php(368): CodeIgniter\CodeIgniter->handleRequest(null, Object(Config\Cache), false)
 9 FCPATH\index.php(67): CodeIgniter\CodeIgniter->run()
10 SYSTEMPATH\Commands\Server\rewrite.php(47): require_once('FCPATH\\index.php')
WARNING - 2023-05-24 01:48:57 --> [DEPRECATED] number_format(): Passing null to parameter #1 ($num) of type float is deprecated in APPPATH\Views\data_pesanan\row.php on line 6.
 1 APPPATH\Views\data_pesanan\row.php(6): number_format(null, 2, ',', 'ROOTPATH\\public')
 2 SYSTEMPATH\View\View.php(213): include('APPPATH\\Views\\data_pesanan\\row.php')
 3 SYSTEMPATH\View\View.php(216): CodeIgniter\View\View->CodeIgniter\View\{closure}()
 4 SYSTEMPATH\Common.php(1177): CodeIgniter\View\View->render('data_pesanan/row', [], true)
 5 APPPATH\Controllers\DataPesanan.php(366): view('data_pesanan/row', [...])
 6 SYSTEMPATH\CodeIgniter.php(934): App\Controllers\DataPesanan->laporan()
 7 SYSTEMPATH\CodeIgniter.php(499): CodeIgniter\CodeIgniter->runController(Object(App\Controllers\DataPesanan))
 8 SYSTEMPATH\CodeIgniter.php(368): CodeIgniter\CodeIgniter->handleRequest(null, Object(Config\Cache), false)
 9 FCPATH\index.php(67): CodeIgniter\CodeIgniter->run()
10 SYSTEMPATH\Commands\Server\rewrite.php(47): require_once('FCPATH\\index.php')
WARNING - 2023-05-24 01:48:57 --> [DEPRECATED] number_format(): Passing null to parameter #1 ($num) of type float is deprecated in APPPATH\Views\data_pesanan\row.php on line 6.
 1 APPPATH\Views\data_pesanan\row.php(6): number_format(null, 2, ',', 'ROOTPATH\\public')
 2 SYSTEMPATH\View\View.php(213): include('APPPATH\\Views\\data_pesanan\\row.php')
 3 SYSTEMPATH\View\View.php(216): CodeIgniter\View\View->CodeIgniter\View\{closure}()
 4 SYSTEMPATH\Common.php(1177): CodeIgniter\View\View->render('data_pesanan/row', [], true)
 5 APPPATH\Controllers\DataPesanan.php(366): view('data_pesanan/row', [...])
 6 SYSTEMPATH\CodeIgniter.php(934): App\Controllers\DataPesanan->laporan()
 7 SYSTEMPATH\CodeIgniter.php(499): CodeIgniter\CodeIgniter->runController(Object(App\Controllers\DataPesanan))
 8 SYSTEMPATH\CodeIgniter.php(368): CodeIgniter\CodeIgniter->handleRequest(null, Object(Config\Cache), false)
 9 FCPATH\index.php(67): CodeIgniter\CodeIgniter->run()
10 SYSTEMPATH\Commands\Server\rewrite.php(47): require_once('FCPATH\\index.php')
WARNING - 2023-05-24 01:48:57 --> [DEPRECATED] number_format(): Passing null to parameter #1 ($num) of type float is deprecated in APPPATH\Views\data_pesanan\row.php on line 6.
 1 APPPATH\Views\data_pesanan\row.php(6): number_format(null, 2, ',', 'ROOTPATH\\public')
 2 SYSTEMPATH\View\View.php(213): include('APPPATH\\Views\\data_pesanan\\row.php')
 3 SYSTEMPATH\View\View.php(216): CodeIgniter\View\View->CodeIgniter\View\{closure}()
 4 SYSTEMPATH\Common.php(1177): CodeIgniter\View\View->render('data_pesanan/row', [], true)
 5 APPPATH\Controllers\DataPesanan.php(366): view('data_pesanan/row', [...])
 6 SYSTEMPATH\CodeIgniter.php(934): App\Controllers\DataPesanan->laporan()
 7 SYSTEMPATH\CodeIgniter.php(499): CodeIgniter\CodeIgniter->runController(Object(App\Controllers\DataPesanan))
 8 SYSTEMPATH\CodeIgniter.php(368): CodeIgniter\CodeIgniter->handleRequest(null, Object(Config\Cache), false)
 9 FCPATH\index.php(67): CodeIgniter\CodeIgniter->run()
10 SYSTEMPATH\Commands\Server\rewrite.php(47): require_once('FCPATH\\index.php')
WARNING - 2023-05-24 01:48:57 --> [DEPRECATED] number_format(): Passing null to parameter #1 ($num) of type float is deprecated in APPPATH\Views\data_pesanan\row.php on line 6.
 1 APPPATH\Views\data_pesanan\row.php(6): number_format(null, 2, ',', 'ROOTPATH\\public')
 2 SYSTEMPATH\View\View.php(213): include('APPPATH\\Views\\data_pesanan\\row.php')
 3 SYSTEMPATH\View\View.php(216): CodeIgniter\View\View->CodeIgniter\View\{closure}()
 4 SYSTEMPATH\Common.php(1177): CodeIgniter\View\View->render('data_pesanan/row', [], true)
 5 APPPATH\Controllers\DataPesanan.php(366): view('data_pesanan/row', [...])
 6 SYSTEMPATH\CodeIgniter.php(934): App\Controllers\DataPesanan->laporan()
 7 SYSTEMPATH\CodeIgniter.php(499): CodeIgniter\CodeIgniter->runController(Object(App\Controllers\DataPesanan))
 8 SYSTEMPATH\CodeIgniter.php(368): CodeIgniter\CodeIgniter->handleRequest(null, Object(Config\Cache), false)
 9 FCPATH\index.php(67): CodeIgniter\CodeIgniter->run()
10 SYSTEMPATH\Commands\Server\rewrite.php(47): require_once('FCPATH\\index.php')
WARNING - 2023-05-24 01:48:57 --> [DEPRECATED] number_format(): Passing null to parameter #1 ($num) of type float is deprecated in APPPATH\Views\data_pesanan\row.php on line 6.
 1 APPPATH\Views\data_pesanan\row.php(6): number_format(null, 2, ',', 'ROOTPATH\\public')
 2 SYSTEMPATH\View\View.php(213): include('APPPATH\\Views\\data_pesanan\\row.php')
 3 SYSTEMPATH\View\View.php(216): CodeIgniter\View\View->CodeIgniter\View\{closure}()
 4 SYSTEMPATH\Common.php(1177): CodeIgniter\View\View->render('data_pesanan/row', [], true)
 5 APPPATH\Controllers\DataPesanan.php(366): view('data_pesanan/row', [...])
 6 SYSTEMPATH\CodeIgniter.php(934): App\Controllers\DataPesanan->laporan()
 7 SYSTEMPATH\CodeIgniter.php(499): CodeIgniter\CodeIgniter->runController(Object(App\Controllers\DataPesanan))
 8 SYSTEMPATH\CodeIgniter.php(368): CodeIgniter\CodeIgniter->handleRequest(null, Object(Config\Cache), false)
 9 FCPATH\index.php(67): CodeIgniter\CodeIgniter->run()
10 SYSTEMPATH\Commands\Server\rewrite.php(47): require_once('FCPATH\\index.php')
INFO - 2023-05-24 01:49:01 --> Session: Class initialized using 'CodeIgniter\Session\Handlers\FileHandler' driver.
INFO - 2023-05-24 01:49:49 --> Session: Class initialized using 'CodeIgniter\Session\Handlers\FileHandler' driver.
INFO - 2023-05-24 01:50:08 --> Session: Class initialized using 'CodeIgniter\Session\Handlers\FileHandler' driver.
INFO - 2023-05-24 01:50:09 --> Session: Class initialized using 'CodeIgniter\Session\Handlers\FileHandler' driver.
INFO - 2023-05-24 01:50:17 --> Session: Class initialized using 'CodeIgniter\Session\Handlers\FileHandler' driver.
INFO - 2023-05-24 01:50:37 --> Session: Class initialized using 'CodeIgniter\Session\Handlers\FileHandler' driver.
INFO - 2023-05-24 01:50:42 --> Session: Class initialized using 'CodeIgniter\Session\Handlers\FileHandler' driver.
INFO - 2023-05-24 01:50:44 --> Session: Class initialized using 'CodeIgniter\Session\Handlers\FileHandler' driver.
INFO - 2023-05-24 01:51:30 --> Session: Class initialized using 'CodeIgniter\Session\Handlers\FileHandler' driver.
INFO - 2023-05-24 01:51:54 --> Session: Class initialized using 'CodeIgniter\Session\Handlers\FileHandler' driver.
INFO - 2023-05-24 01:52:20 --> Session: Class initialized using 'CodeIgniter\Session\Handlers\FileHandler' driver.
INFO - 2023-05-24 01:52:45 --> Session: Class initialized using 'CodeIgniter\Session\Handlers\FileHandler' driver.
WARNING - 2023-05-24 01:52:45 --> [DEPRECATED] number_format(): Passing null to parameter #1 ($num) of type float is deprecated in APPPATH\Views\data_pesanan\row.php on line 6.
 1 APPPATH\Views\data_pesanan\row.php(6): number_format(null, 2, ',', 'ROOTPATH\\public')
 2 SYSTEMPATH\View\View.php(213): include('APPPATH\\Views\\data_pesanan\\row.php')
 3 SYSTEMPATH\View\View.php(216): CodeIgniter\View\View->CodeIgniter\View\{closure}()
 4 SYSTEMPATH\Common.php(1177): CodeIgniter\View\View->render('data_pesanan/row', [], true)
 5 APPPATH\Controllers\DataPesanan.php(366): view('data_pesanan/row', [...])
 6 SYSTEMPATH\CodeIgniter.php(934): App\Controllers\DataPesanan->laporan()
 7 SYSTEMPATH\CodeIgniter.php(499): CodeIgniter\CodeIgniter->runController(Object(App\Controllers\DataPesanan))
 8 SYSTEMPATH\CodeIgniter.php(368): CodeIgniter\CodeIgniter->handleRequest(null, Object(Config\Cache), false)
 9 FCPATH\index.php(67): CodeIgniter\CodeIgniter->run()
10 SYSTEMPATH\Commands\Server\rewrite.php(47): require_once('FCPATH\\index.php')
WARNING - 2023-05-24 01:52:45 --> [DEPRECATED] number_format(): Passing null to parameter #1 ($num) of type float is deprecated in APPPATH\Views\data_pesanan\row.php on line 6.
 1 APPPATH\Views\data_pesanan\row.php(6): number_format(null, 2, ',', 'ROOTPATH\\public')
 2 SYSTEMPATH\View\View.php(213): include('APPPATH\\Views\\data_pesanan\\row.php')
 3 SYSTEMPATH\View\View.php(216): CodeIgniter\View\View->CodeIgniter\View\{closure}()
 4 SYSTEMPATH\Common.php(1177): CodeIgniter\View\View->render('data_pesanan/row', [], true)
 5 APPPATH\Controllers\DataPesanan.php(366): view('data_pesanan/row', [...])
 6 SYSTEMPATH\CodeIgniter.php(934): App\Controllers\DataPesanan->laporan()
 7 SYSTEMPATH\CodeIgniter.php(499): CodeIgniter\CodeIgniter->runController(Object(App\Controllers\DataPesanan))
 8 SYSTEMPATH\CodeIgniter.php(368): CodeIgniter\CodeIgniter->handleRequest(null, Object(Config\Cache), false)
 9 FCPATH\index.php(67): CodeIgniter\CodeIgniter->run()
10 SYSTEMPATH\Commands\Server\rewrite.php(47): require_once('FCPATH\\index.php')
WARNING - 2023-05-24 01:52:45 --> [DEPRECATED] number_format(): Passing null to parameter #1 ($num) of type float is deprecated in APPPATH\Views\data_pesanan\row.php on line 6.
 1 APPPATH\Views\data_pesanan\row.php(6): number_format(null, 2, ',', 'ROOTPATH\\public')
 2 SYSTEMPATH\View\View.php(213): include('APPPATH\\Views\\data_pesanan\\row.php')
 3 SYSTEMPATH\View\View.php(216): CodeIgniter\View\View->CodeIgniter\View\{closure}()
 4 SYSTEMPATH\Common.php(1177): CodeIgniter\View\View->render('data_pesanan/row', [], true)
 5 APPPATH\Controllers\DataPesanan.php(366): view('data_pesanan/row', [...])
 6 SYSTEMPATH\CodeIgniter.php(934): App\Controllers\DataPesanan->laporan()
 7 SYSTEMPATH\CodeIgniter.php(499): CodeIgniter\CodeIgniter->runController(Object(App\Controllers\DataPesanan))
 8 SYSTEMPATH\CodeIgniter.php(368): CodeIgniter\CodeIgniter->handleRequest(null, Object(Config\Cache), false)
 9 FCPATH\index.php(67): CodeIgniter\CodeIgniter->run()
10 SYSTEMPATH\Commands\Server\rewrite.php(47): require_once('FCPATH\\index.php')
WARNING - 2023-05-24 01:52:46 --> [DEPRECATED] number_format(): Passing null to parameter #1 ($num) of type float is deprecated in APPPATH\Views\data_pesanan\row.php on line 6.
 1 APPPATH\Views\data_pesanan\row.php(6): number_format(null, 2, ',', 'ROOTPATH\\public')
 2 SYSTEMPATH\View\View.php(213): include('APPPATH\\Views\\data_pesanan\\row.php')
 3 SYSTEMPATH\View\View.php(216): CodeIgniter\View\View->CodeIgniter\View\{closure}()
 4 SYSTEMPATH\Common.php(1177): CodeIgniter\View\View->render('data_pesanan/row', [], true)
 5 APPPATH\Controllers\DataPesanan.php(366): view('data_pesanan/row', [...])
 6 SYSTEMPATH\CodeIgniter.php(934): App\Controllers\DataPesanan->laporan()
 7 SYSTEMPATH\CodeIgniter.php(499): CodeIgniter\CodeIgniter->runController(Object(App\Controllers\DataPesanan))
 8 SYSTEMPATH\CodeIgniter.php(368): CodeIgniter\CodeIgniter->handleRequest(null, Object(Config\Cache), false)
 9 FCPATH\index.php(67): CodeIgniter\CodeIgniter->run()
10 SYSTEMPATH\Commands\Server\rewrite.php(47): require_once('FCPATH\\index.php')
WARNING - 2023-05-24 01:52:46 --> [DEPRECATED] number_format(): Passing null to parameter #1 ($num) of type float is deprecated in APPPATH\Views\data_pesanan\row.php on line 6.
 1 APPPATH\Views\data_pesanan\row.php(6): number_format(null, 2, ',', 'ROOTPATH\\public')
 2 SYSTEMPATH\View\View.php(213): include('APPPATH\\Views\\data_pesanan\\row.php')
 3 SYSTEMPATH\View\View.php(216): CodeIgniter\View\View->CodeIgniter\View\{closure}()
 4 SYSTEMPATH\Common.php(1177): CodeIgniter\View\View->render('data_pesanan/row', [], true)
 5 APPPATH\Controllers\DataPesanan.php(366): view('data_pesanan/row', [...])
 6 SYSTEMPATH\CodeIgniter.php(934): App\Controllers\DataPesanan->laporan()
 7 SYSTEMPATH\CodeIgniter.php(499): CodeIgniter\CodeIgniter->runController(Object(App\Controllers\DataPesanan))
 8 SYSTEMPATH\CodeIgniter.php(368): CodeIgniter\CodeIgniter->handleRequest(null, Object(Config\Cache), false)
 9 FCPATH\index.php(67): CodeIgniter\CodeIgniter->run()
10 SYSTEMPATH\Commands\Server\rewrite.php(47): require_once('FCPATH\\index.php')
WARNING - 2023-05-24 01:52:46 --> [DEPRECATED] number_format(): Passing null to parameter #1 ($num) of type float is deprecated in APPPATH\Views\data_pesanan\row.php on line 6.
 1 APPPATH\Views\data_pesanan\row.php(6): number_format(null, 2, ',', 'ROOTPATH\\public')
 2 SYSTEMPATH\View\View.php(213): include('APPPATH\\Views\\data_pesanan\\row.php')
 3 SYSTEMPATH\View\View.php(216): CodeIgniter\View\View->CodeIgniter\View\{closure}()
 4 SYSTEMPATH\Common.php(1177): CodeIgniter\View\View->render('data_pesanan/row', [], true)
 5 APPPATH\Controllers\DataPesanan.php(366): view('data_pesanan/row', [...])
 6 SYSTEMPATH\CodeIgniter.php(934): App\Controllers\DataPesanan->laporan()
 7 SYSTEMPATH\CodeIgniter.php(499): CodeIgniter\CodeIgniter->runController(Object(App\Controllers\DataPesanan))
 8 SYSTEMPATH\CodeIgniter.php(368): CodeIgniter\CodeIgniter->handleRequest(null, Object(Config\Cache), false)
 9 FCPATH\index.php(67): CodeIgniter\CodeIgniter->run()
10 SYSTEMPATH\Commands\Server\rewrite.php(47): require_once('FCPATH\\index.php')
WARNING - 2023-05-24 01:52:46 --> [DEPRECATED] number_format(): Passing null to parameter #1 ($num) of type float is deprecated in APPPATH\Views\data_pesanan\row.php on line 6.
 1 APPPATH\Views\data_pesanan\row.php(6): number_format(null, 2, ',', 'ROOTPATH\\public')
 2 SYSTEMPATH\View\View.php(213): include('APPPATH\\Views\\data_pesanan\\row.php')
 3 SYSTEMPATH\View\View.php(216): CodeIgniter\View\View->CodeIgniter\View\{closure}()
 4 SYSTEMPATH\Common.php(1177): CodeIgniter\View\View->render('data_pesanan/row', [], true)
 5 APPPATH\Controllers\DataPesanan.php(366): view('data_pesanan/row', [...])
 6 SYSTEMPATH\CodeIgniter.php(934): App\Controllers\DataPesanan->laporan()
 7 SYSTEMPATH\CodeIgniter.php(499): CodeIgniter\CodeIgniter->runController(Object(App\Controllers\DataPesanan))
 8 SYSTEMPATH\CodeIgniter.php(368): CodeIgniter\CodeIgniter->handleRequest(null, Object(Config\Cache), false)
 9 FCPATH\index.php(67): CodeIgniter\CodeIgniter->run()
10 SYSTEMPATH\Commands\Server\rewrite.php(47): require_once('FCPATH\\index.php')
INFO - 2023-05-24 01:52:51 --> Session: Class initialized using 'CodeIgniter\Session\Handlers\FileHandler' driver.
INFO - 2023-05-24 01:53:12 --> Session: Class initialized using 'CodeIgniter\Session\Handlers\FileHandler' driver.
INFO - 2023-05-24 01:53:47 --> Session: Class initialized using 'CodeIgniter\Session\Handlers\FileHandler' driver.
INFO - 2023-05-24 01:54:15 --> Session: Class initialized using 'CodeIgniter\Session\Handlers\FileHandler' driver.
INFO - 2023-05-24 01:54:15 --> Session: Class initialized using 'CodeIgniter\Session\Handlers\FileHandler' driver.
INFO - 2023-05-24 01:54:15 --> Session: Class initialized using 'CodeIgniter\Session\Handlers\FileHandler' driver.
INFO - 2023-05-24 01:54:32 --> Session: Class initialized using 'CodeIgniter\Session\Handlers\FileHandler' driver.
INFO - 2023-05-24 01:54:51 --> Session: Class initialized using 'CodeIgniter\Session\Handlers\FileHandler' driver.
INFO - 2023-05-24 01:54:53 --> Session: Class initialized using 'CodeIgniter\Session\Handlers\FileHandler' driver.
INFO - 2023-05-24 01:54:55 --> Session: Class initialized using 'CodeIgniter\Session\Handlers\FileHandler' driver.
INFO - 2023-05-24 01:54:57 --> Session: Class initialized using 'CodeIgniter\Session\Handlers\FileHandler' driver.
INFO - 2023-05-24 02:00:38 --> Session: Class initialized using 'CodeIgniter\Session\Handlers\FileHandler' driver.
INFO - 2023-05-24 02:00:47 --> Session: Class initialized using 'CodeIgniter\Session\Handlers\FileHandler' driver.
INFO - 2023-05-24 02:04:36 --> Session: Class initialized using 'CodeIgniter\Session\Handlers\FileHandler' driver.
INFO - 2023-05-24 02:04:36 --> Session: Class initialized using 'CodeIgniter\Session\Handlers\FileHandler' driver.
INFO - 2023-05-24 02:05:39 --> Session: Class initialized using 'CodeIgniter\Session\Handlers\FileHandler' driver.
INFO - 2023-05-24 02:05:40 --> Session: Class initialized using 'CodeIgniter\Session\Handlers\FileHandler' driver.
INFO - 2023-05-24 02:06:35 --> Session: Class initialized using 'CodeIgniter\Session\Handlers\FileHandler' driver.
INFO - 2023-05-24 02:06:55 --> Session: Class initialized using 'CodeIgniter\Session\Handlers\FileHandler' driver.
INFO - 2023-05-24 02:07:21 --> Session: Class initialized using 'CodeIgniter\Session\Handlers\FileHandler' driver.
INFO - 2023-05-24 02:07:32 --> Session: Class initialized using 'CodeIgniter\Session\Handlers\FileHandler' driver.
INFO - 2023-05-24 02:07:32 --> Session: Class initialized using 'CodeIgniter\Session\Handlers\FileHandler' driver.
INFO - 2023-05-24 02:07:43 --> Session: Class initialized using 'CodeIgniter\Session\Handlers\FileHandler' driver.
INFO - 2023-05-24 02:07:43 --> Session: Class initialized using 'CodeIgniter\Session\Handlers\FileHandler' driver.
INFO - 2023-05-24 02:08:32 --> Session: Class initialized using 'CodeIgniter\Session\Handlers\FileHandler' driver.
INFO - 2023-05-24 02:08:48 --> Session: Class initialized using 'CodeIgniter\Session\Handlers\FileHandler' driver.
INFO - 2023-05-24 02:08:51 --> Session: Class initialized using 'CodeIgniter\Session\Handlers\FileHandler' driver.
INFO - 2023-05-24 02:09:10 --> Session: Class initialized using 'CodeIgniter\Session\Handlers\FileHandler' driver.
INFO - 2023-05-24 02:09:16 --> Session: Class initialized using 'CodeIgniter\Session\Handlers\FileHandler' driver.
INFO - 2023-05-24 02:10:03 --> Session: Class initialized using 'CodeIgniter\Session\Handlers\FileHandler' driver.
INFO - 2023-05-24 02:10:36 --> Session: Class initialized using 'CodeIgniter\Session\Handlers\FileHandler' driver.
INFO - 2023-05-24 02:10:37 --> Session: Class initialized using 'CodeIgniter\Session\Handlers\FileHandler' driver.
INFO - 2023-05-24 02:10:41 --> Session: Class initialized using 'CodeIgniter\Session\Handlers\FileHandler' driver.
INFO - 2023-05-24 02:11:09 --> Session: Class initialized using 'CodeIgniter\Session\Handlers\FileHandler' driver.
INFO - 2023-05-24 02:11:09 --> Session: Class initialized using 'CodeIgniter\Session\Handlers\FileHandler' driver.
INFO - 2023-05-24 02:11:09 --> Session: Class initialized using 'CodeIgniter\Session\Handlers\FileHandler' driver.
INFO - 2023-05-24 02:11:14 --> Session: Class initialized using 'CodeIgniter\Session\Handlers\FileHandler' driver.
INFO - 2023-05-24 02:11:18 --> Session: Class initialized using 'CodeIgniter\Session\Handlers\FileHandler' driver.
INFO - 2023-05-24 02:11:23 --> Session: Class initialized using 'CodeIgniter\Session\Handlers\FileHandler' driver.
INFO - 2023-05-24 02:12:42 --> Session: Class initialized using 'CodeIgniter\Session\Handlers\FileHandler' driver.
INFO - 2023-05-24 02:13:04 --> Session: Class initialized using 'CodeIgniter\Session\Handlers\FileHandler' driver.
INFO - 2023-05-24 02:13:07 --> Session: Class initialized using 'CodeIgniter\Session\Handlers\FileHandler' driver.
INFO - 2023-05-24 02:13:08 --> Session: Class initialized using 'CodeIgniter\Session\Handlers\FileHandler' driver.
INFO - 2023-05-24 02:13:29 --> Session: Class initialized using 'CodeIgniter\Session\Handlers\FileHandler' driver.
INFO - 2023-05-24 02:15:53 --> Session: Class initialized using 'CodeIgniter\Session\Handlers\FileHandler' driver.
INFO - 2023-05-24 02:15:54 --> Session: Class initialized using 'CodeIgniter\Session\Handlers\FileHandler' driver.
INFO - 2023-05-24 02:16:07 --> Session: Class initialized using 'CodeIgniter\Session\Handlers\FileHandler' driver.
INFO - 2023-05-24 02:16:08 --> Session: Class initialized using 'CodeIgniter\Session\Handlers\FileHandler' driver.
INFO - 2023-05-24 15:29:56 --> Session: Class initialized using 'CodeIgniter\Session\Handlers\FileHandler' driver.
INFO - 2023-05-24 15:29:57 --> Session: Class initialized using 'CodeIgniter\Session\Handlers\FileHandler' driver.
INFO - 2023-05-24 15:30:03 --> Session: Class initialized using 'CodeIgniter\Session\Handlers\FileHandler' driver.
INFO - 2023-05-24 15:30:04 --> Session: Class initialized using 'CodeIgniter\Session\Handlers\FileHandler' driver.
INFO - 2023-05-24 15:30:08 --> Session: Class initialized using 'CodeIgniter\Session\Handlers\FileHandler' driver.
WARNING - 2023-05-24 15:30:08 --> [DEPRECATED] number_format(): Passing null to parameter #1 ($num) of type float is deprecated in APPPATH\Views\data_pesanan\row.php on line 6.
 1 APPPATH\Views\data_pesanan\row.php(6): number_format(null, 2, ',', 'ROOTPATH\\public')
 2 SYSTEMPATH\View\View.php(213): include('APPPATH\\Views\\data_pesanan\\row.php')
 3 SYSTEMPATH\View\View.php(216): CodeIgniter\View\View->CodeIgniter\View\{closure}()
 4 SYSTEMPATH\Common.php(1177): CodeIgniter\View\View->render('data_pesanan/row', [], true)
 5 APPPATH\Controllers\DataPesanan.php(366): view('data_pesanan/row', [...])
 6 SYSTEMPATH\CodeIgniter.php(934): App\Controllers\DataPesanan->laporan()
 7 SYSTEMPATH\CodeIgniter.php(499): CodeIgniter\CodeIgniter->runController(Object(App\Controllers\DataPesanan))
 8 SYSTEMPATH\CodeIgniter.php(368): CodeIgniter\CodeIgniter->handleRequest(null, Object(Config\Cache), false)
 9 FCPATH\index.php(67): CodeIgniter\CodeIgniter->run()
10 SYSTEMPATH\Commands\Server\rewrite.php(47): require_once('FCPATH\\index.php')
WARNING - 2023-05-24 15:30:08 --> [DEPRECATED] number_format(): Passing null to parameter #1 ($num) of type float is deprecated in APPPATH\Views\data_pesanan\row.php on line 6.
 1 APPPATH\Views\data_pesanan\row.php(6): number_format(null, 2, ',', 'ROOTPATH\\public')
 2 SYSTEMPATH\View\View.php(213): include('APPPATH\\Views\\data_pesanan\\row.php')
 3 SYSTEMPATH\View\View.php(216): CodeIgniter\View\View->CodeIgniter\View\{closure}()
 4 SYSTEMPATH\Common.php(1177): CodeIgniter\View\View->render('data_pesanan/row', [], true)
 5 APPPATH\Controllers\DataPesanan.php(366): view('data_pesanan/row', [...])
 6 SYSTEMPATH\CodeIgniter.php(934): App\Controllers\DataPesanan->laporan()
 7 SYSTEMPATH\CodeIgniter.php(499): CodeIgniter\CodeIgniter->runController(Object(App\Controllers\DataPesanan))
 8 SYSTEMPATH\CodeIgniter.php(368): CodeIgniter\CodeIgniter->handleRequest(null, Object(Config\Cache), false)
 9 FCPATH\index.php(67): CodeIgniter\CodeIgniter->run()
10 SYSTEMPATH\Commands\Server\rewrite.php(47): require_once('FCPATH\\index.php')
WARNING - 2023-05-24 15:30:08 --> [DEPRECATED] number_format(): Passing null to parameter #1 ($num) of type float is deprecated in APPPATH\Views\data_pesanan\row.php on line 6.
 1 APPPATH\Views\data_pesanan\row.php(6): number_format(null, 2, ',', 'ROOTPATH\\public')
 2 SYSTEMPATH\View\View.php(213): include('APPPATH\\Views\\data_pesanan\\row.php')
 3 SYSTEMPATH\View\View.php(216): CodeIgniter\View\View->CodeIgniter\View\{closure}()
 4 SYSTEMPATH\Common.php(1177): CodeIgniter\View\View->render('data_pesanan/row', [], true)
 5 APPPATH\Controllers\DataPesanan.php(366): view('data_pesanan/row', [...])
 6 SYSTEMPATH\CodeIgniter.php(934): App\Controllers\DataPesanan->laporan()
 7 SYSTEMPATH\CodeIgniter.php(499): CodeIgniter\CodeIgniter->runController(Object(App\Controllers\DataPesanan))
 8 SYSTEMPATH\CodeIgniter.php(368): CodeIgniter\CodeIgniter->handleRequest(null, Object(Config\Cache), false)
 9 FCPATH\index.php(67): CodeIgniter\CodeIgniter->run()
10 SYSTEMPATH\Commands\Server\rewrite.php(47): require_once('FCPATH\\index.php')
WARNING - 2023-05-24 15:30:08 --> [DEPRECATED] number_format(): Passing null to parameter #1 ($num) of type float is deprecated in APPPATH\Views\data_pesanan\row.php on line 6.
 1 APPPATH\Views\data_pesanan\row.php(6): number_format(null, 2, ',', 'ROOTPATH\\public')
 2 SYSTEMPATH\View\View.php(213): include('APPPATH\\Views\\data_pesanan\\row.php')
 3 SYSTEMPATH\View\View.php(216): CodeIgniter\View\View->CodeIgniter\View\{closure}()
 4 SYSTEMPATH\Common.php(1177): CodeIgniter\View\View->render('data_pesanan/row', [], true)
 5 APPPATH\Controllers\DataPesanan.php(366): view('data_pesanan/row', [...])
 6 SYSTEMPATH\CodeIgniter.php(934): App\Controllers\DataPesanan->laporan()
 7 SYSTEMPATH\CodeIgniter.php(499): CodeIgniter\CodeIgniter->runController(Object(App\Controllers\DataPesanan))
 8 SYSTEMPATH\CodeIgniter.php(368): CodeIgniter\CodeIgniter->handleRequest(null, Object(Config\Cache), false)
 9 FCPATH\index.php(67): CodeIgniter\CodeIgniter->run()
10 SYSTEMPATH\Commands\Server\rewrite.php(47): require_once('FCPATH\\index.php')
WARNING - 2023-05-24 15:30:08 --> [DEPRECATED] number_format(): Passing null to parameter #1 ($num) of type float is deprecated in APPPATH\Views\data_pesanan\row.php on line 6.
 1 APPPATH\Views\data_pesanan\row.php(6): number_format(null, 2, ',', 'ROOTPATH\\public')
 2 SYSTEMPATH\View\View.php(213): include('APPPATH\\Views\\data_pesanan\\row.php')
 3 SYSTEMPATH\View\View.php(216): CodeIgniter\View\View->CodeIgniter\View\{closure}()
 4 SYSTEMPATH\Common.php(1177): CodeIgniter\View\View->render('data_pesanan/row', [], true)
 5 APPPATH\Controllers\DataPesanan.php(366): view('data_pesanan/row', [...])
 6 SYSTEMPATH\CodeIgniter.php(934): App\Controllers\DataPesanan->laporan()
 7 SYSTEMPATH\CodeIgniter.php(499): CodeIgniter\CodeIgniter->runController(Object(App\Controllers\DataPesanan))
 8 SYSTEMPATH\CodeIgniter.php(368): CodeIgniter\CodeIgniter->handleRequest(null, Object(Config\Cache), false)
 9 FCPATH\index.php(67): CodeIgniter\CodeIgniter->run()
10 SYSTEMPATH\Commands\Server\rewrite.php(47): require_once('FCPATH\\index.php')
WARNING - 2023-05-24 15:30:08 --> [DEPRECATED] number_format(): Passing null to parameter #1 ($num) of type float is deprecated in APPPATH\Views\data_pesanan\row.php on line 6.
 1 APPPATH\Views\data_pesanan\row.php(6): number_format(null, 2, ',', 'ROOTPATH\\public')
 2 SYSTEMPATH\View\View.php(213): include('APPPATH\\Views\\data_pesanan\\row.php')
 3 SYSTEMPATH\View\View.php(216): CodeIgniter\View\View->CodeIgniter\View\{closure}()
 4 SYSTEMPATH\Common.php(1177): CodeIgniter\View\View->render('data_pesanan/row', [], true)
 5 APPPATH\Controllers\DataPesanan.php(366): view('data_pesanan/row', [...])
 6 SYSTEMPATH\CodeIgniter.php(934): App\Controllers\DataPesanan->laporan()
 7 SYSTEMPATH\CodeIgniter.php(499): CodeIgniter\CodeIgniter->runController(Object(App\Controllers\DataPesanan))
 8 SYSTEMPATH\CodeIgniter.php(368): CodeIgniter\CodeIgniter->handleRequest(null, Object(Config\Cache), false)
 9 FCPATH\index.php(67): CodeIgniter\CodeIgniter->run()
10 SYSTEMPATH\Commands\Server\rewrite.php(47): require_once('FCPATH\\index.php')
WARNING - 2023-05-24 15:30:08 --> [DEPRECATED] number_format(): Passing null to parameter #1 ($num) of type float is deprecated in APPPATH\Views\data_pesanan\row.php on line 6.
 1 APPPATH\Views\data_pesanan\row.php(6): number_format(null, 2, ',', 'ROOTPATH\\public')
 2 SYSTEMPATH\View\View.php(213): include('APPPATH\\Views\\data_pesanan\\row.php')
 3 SYSTEMPATH\View\View.php(216): CodeIgniter\View\View->CodeIgniter\View\{closure}()
 4 SYSTEMPATH\Common.php(1177): CodeIgniter\View\View->render('data_pesanan/row', [], true)
 5 APPPATH\Controllers\DataPesanan.php(366): view('data_pesanan/row', [...])
 6 SYSTEMPATH\CodeIgniter.php(934): App\Controllers\DataPesanan->laporan()
 7 SYSTEMPATH\CodeIgniter.php(499): CodeIgniter\CodeIgniter->runController(Object(App\Controllers\DataPesanan))
 8 SYSTEMPATH\CodeIgniter.php(368): CodeIgniter\CodeIgniter->handleRequest(null, Object(Config\Cache), false)
 9 FCPATH\index.php(67): CodeIgniter\CodeIgniter->run()
10 SYSTEMPATH\Commands\Server\rewrite.php(47): require_once('FCPATH\\index.php')
INFO - 2023-05-24 15:30:14 --> Session: Class initialized using 'CodeIgniter\Session\Handlers\FileHandler' driver.
WARNING - 2023-05-24 15:30:14 --> [DEPRECATED] number_format(): Passing null to parameter #1 ($num) of type float is deprecated in APPPATH\Views\data_pesanan\row.php on line 6.
 1 APPPATH\Views\data_pesanan\row.php(6): number_format(null, 2, ',', 'ROOTPATH\\public')
 2 SYSTEMPATH\View\View.php(213): include('APPPATH\\Views\\data_pesanan\\row.php')
 3 SYSTEMPATH\View\View.php(216): CodeIgniter\View\View->CodeIgniter\View\{closure}()
 4 SYSTEMPATH\Common.php(1177): CodeIgniter\View\View->render('data_pesanan/row', [], true)
 5 APPPATH\Controllers\DataPesanan.php(410): view('data_pesanan/row', [...])
 6 SYSTEMPATH\CodeIgniter.php(934): App\Controllers\DataPesanan->laporanPrint()
 7 SYSTEMPATH\CodeIgniter.php(499): CodeIgniter\CodeIgniter->runController(Object(App\Controllers\DataPesanan))
 8 SYSTEMPATH\CodeIgniter.php(368): CodeIgniter\CodeIgniter->handleRequest(null, Object(Config\Cache), false)
 9 FCPATH\index.php(67): CodeIgniter\CodeIgniter->run()
10 SYSTEMPATH\Commands\Server\rewrite.php(47): require_once('FCPATH\\index.php')
WARNING - 2023-05-24 15:30:14 --> [DEPRECATED] number_format(): Passing null to parameter #1 ($num) of type float is deprecated in APPPATH\Views\data_pesanan\row.php on line 6.
 1 APPPATH\Views\data_pesanan\row.php(6): number_format(null, 2, ',', 'ROOTPATH\\public')
 2 SYSTEMPATH\View\View.php(213): include('APPPATH\\Views\\data_pesanan\\row.php')
 3 SYSTEMPATH\View\View.php(216): CodeIgniter\View\View->CodeIgniter\View\{closure}()
 4 SYSTEMPATH\Common.php(1177): CodeIgniter\View\View->render('data_pesanan/row', [], true)
 5 APPPATH\Controllers\DataPesanan.php(410): view('data_pesanan/row', [...])
 6 SYSTEMPATH\CodeIgniter.php(934): App\Controllers\DataPesanan->laporanPrint()
 7 SYSTEMPATH\CodeIgniter.php(499): CodeIgniter\CodeIgniter->runController(Object(App\Controllers\DataPesanan))
 8 SYSTEMPATH\CodeIgniter.php(368): CodeIgniter\CodeIgniter->handleRequest(null, Object(Config\Cache), false)
 9 FCPATH\index.php(67): CodeIgniter\CodeIgniter->run()
10 SYSTEMPATH\Commands\Server\rewrite.php(47): require_once('FCPATH\\index.php')
WARNING - 2023-05-24 15:30:14 --> [DEPRECATED] number_format(): Passing null to parameter #1 ($num) of type float is deprecated in APPPATH\Views\data_pesanan\row.php on line 6.
 1 APPPATH\Views\data_pesanan\row.php(6): number_format(null, 2, ',', 'ROOTPATH\\public')
 2 SYSTEMPATH\View\View.php(213): include('APPPATH\\Views\\data_pesanan\\row.php')
 3 SYSTEMPATH\View\View.php(216): CodeIgniter\View\View->CodeIgniter\View\{closure}()
 4 SYSTEMPATH\Common.php(1177): CodeIgniter\View\View->render('data_pesanan/row', [], true)
 5 APPPATH\Controllers\DataPesanan.php(410): view('data_pesanan/row', [...])
 6 SYSTEMPATH\CodeIgniter.php(934): App\Controllers\DataPesanan->laporanPrint()
 7 SYSTEMPATH\CodeIgniter.php(499): CodeIgniter\CodeIgniter->runController(Object(App\Controllers\DataPesanan))
 8 SYSTEMPATH\CodeIgniter.php(368): CodeIgniter\CodeIgniter->handleRequest(null, Object(Config\Cache), false)
 9 FCPATH\index.php(67): CodeIgniter\CodeIgniter->run()
10 SYSTEMPATH\Commands\Server\rewrite.php(47): require_once('FCPATH\\index.php')
WARNING - 2023-05-24 15:30:14 --> [DEPRECATED] number_format(): Passing null to parameter #1 ($num) of type float is deprecated in APPPATH\Views\data_pesanan\row.php on line 6.
 1 APPPATH\Views\data_pesanan\row.php(6): number_format(null, 2, ',', 'ROOTPATH\\public')
 2 SYSTEMPATH\View\View.php(213): include('APPPATH\\Views\\data_pesanan\\row.php')
 3 SYSTEMPATH\View\View.php(216): CodeIgniter\View\View->CodeIgniter\View\{closure}()
 4 SYSTEMPATH\Common.php(1177): CodeIgniter\View\View->render('data_pesanan/row', [], true)
 5 APPPATH\Controllers\DataPesanan.php(410): view('data_pesanan/row', [...])
 6 SYSTEMPATH\CodeIgniter.php(934): App\Controllers\DataPesanan->laporanPrint()
 7 SYSTEMPATH\CodeIgniter.php(499): CodeIgniter\CodeIgniter->runController(Object(App\Controllers\DataPesanan))
 8 SYSTEMPATH\CodeIgniter.php(368): CodeIgniter\CodeIgniter->handleRequest(null, Object(Config\Cache), false)
 9 FCPATH\index.php(67): CodeIgniter\CodeIgniter->run()
10 SYSTEMPATH\Commands\Server\rewrite.php(47): require_once('FCPATH\\index.php')
WARNING - 2023-05-24 15:30:14 --> [DEPRECATED] number_format(): Passing null to parameter #1 ($num) of type float is deprecated in APPPATH\Views\data_pesanan\row.php on line 6.
 1 APPPATH\Views\data_pesanan\row.php(6): number_format(null, 2, ',', 'ROOTPATH\\public')
 2 SYSTEMPATH\View\View.php(213): include('APPPATH\\Views\\data_pesanan\\row.php')
 3 SYSTEMPATH\View\View.php(216): CodeIgniter\View\View->CodeIgniter\View\{closure}()
 4 SYSTEMPATH\Common.php(1177): CodeIgniter\View\View->render('data_pesanan/row', [], true)
 5 APPPATH\Controllers\DataPesanan.php(410): view('data_pesanan/row', [...])
 6 SYSTEMPATH\CodeIgniter.php(934): App\Controllers\DataPesanan->laporanPrint()
 7 SYSTEMPATH\CodeIgniter.php(499): CodeIgniter\CodeIgniter->runController(Object(App\Controllers\DataPesanan))
 8 SYSTEMPATH\CodeIgniter.php(368): CodeIgniter\CodeIgniter->handleRequest(null, Object(Config\Cache), false)
 9 FCPATH\index.php(67): CodeIgniter\CodeIgniter->run()
10 SYSTEMPATH\Commands\Server\rewrite.php(47): require_once('FCPATH\\index.php')
