INFO - 2023-05-19 12:39:13 --> Session: Class initialized using 'CodeIgniter\Session\Handlers\FileHandler' driver.
INFO - 2023-05-19 12:39:14 --> Session: Class initialized using 'CodeIgniter\Session\Handlers\FileHandler' driver.
INFO - 2023-05-19 12:39:43 --> Session: Class initialized using 'CodeIgniter\Session\Handlers\FileHandler' driver.
INFO - 2023-05-19 12:39:45 --> Session: Class initialized using 'CodeIgniter\Session\Handlers\FileHandler' driver.
INFO - 2023-05-19 12:40:00 --> Session: Class initialized using 'CodeIgniter\Session\Handlers\FileHandler' driver.
INFO - 2023-05-19 12:40:01 --> Session: Class initialized using 'CodeIgniter\Session\Handlers\FileHandler' driver.
INFO - 2023-05-19 12:40:15 --> Session: Class initialized using 'CodeIgniter\Session\Handlers\FileHandler' driver.
INFO - 2023-05-19 12:40:16 --> Session: Class initialized using 'CodeIgniter\Session\Handlers\FileHandler' driver.
INFO - 2023-05-19 12:40:48 --> Session: Class initialized using 'CodeIgniter\Session\Handlers\FileHandler' driver.
WARNING - 2023-05-19 12:40:48 --> [DEPRECATED] number_format(): Passing null to parameter #1 ($num) of type float is deprecated in APPPATH\Views\data_pesanan\laporan.php on line 104.
 1 APPPATH\Views\data_pesanan\laporan.php(104): number_format(null, 2, ',', 'ROOTPATH\\public')
 2 SYSTEMPATH\View\View.php(213): include('APPPATH\\Views\\data_pesanan\\laporan.php')
 3 SYSTEMPATH\View\View.php(216): CodeIgniter\View\View->CodeIgniter\View\{closure}()
 4 SYSTEMPATH\Common.php(1177): CodeIgniter\View\View->render('data_pesanan/laporan', [], true)
 5 APPPATH\Controllers\DataPesanan.php(356): view('data_pesanan/laporan', [...])
 6 SYSTEMPATH\CodeIgniter.php(934): App\Controllers\DataPesanan->laporan()
 7 SYSTEMPATH\CodeIgniter.php(499): CodeIgniter\CodeIgniter->runController(Object(App\Controllers\DataPesanan))
 8 SYSTEMPATH\CodeIgniter.php(368): CodeIgniter\CodeIgniter->handleRequest(null, Object(Config\Cache), false)
 9 FCPATH\index.php(67): CodeIgniter\CodeIgniter->run()
10 SYSTEMPATH\Commands\Server\rewrite.php(47): require_once('FCPATH\\index.php')
INFO - 2023-05-19 12:40:53 --> Session: Class initialized using 'CodeIgniter\Session\Handlers\FileHandler' driver.
WARNING - 2023-05-19 12:40:53 --> [DEPRECATED] number_format(): Passing null to parameter #1 ($num) of type float is deprecated in APPPATH\Views\data_pesanan\laporan.php on line 104.
 1 APPPATH\Views\data_pesanan\laporan.php(104): number_format(null, 2, ',', 'ROOTPATH\\public')
 2 SYSTEMPATH\View\View.php(213): include('APPPATH\\Views\\data_pesanan\\laporan.php')
 3 SYSTEMPATH\View\View.php(216): CodeIgniter\View\View->CodeIgniter\View\{closure}()
 4 SYSTEMPATH\Common.php(1177): CodeIgniter\View\View->render('data_pesanan/laporan', [], true)
 5 APPPATH\Controllers\DataPesanan.php(356): view('data_pesanan/laporan', [...])
 6 SYSTEMPATH\CodeIgniter.php(934): App\Controllers\DataPesanan->laporan()
 7 SYSTEMPATH\CodeIgniter.php(499): CodeIgniter\CodeIgniter->runController(Object(App\Controllers\DataPesanan))
 8 SYSTEMPATH\CodeIgniter.php(368): CodeIgniter\CodeIgniter->handleRequest(null, Object(Config\Cache), false)
 9 FCPATH\index.php(67): CodeIgniter\CodeIgniter->run()
10 SYSTEMPATH\Commands\Server\rewrite.php(47): require_once('FCPATH\\index.php')
INFO - 2023-05-19 12:41:06 --> Session: Class initialized using 'CodeIgniter\Session\Handlers\FileHandler' driver.
INFO - 2023-05-19 13:14:33 --> Session: Class initialized using 'CodeIgniter\Session\Handlers\FileHandler' driver.
CRITICAL - 2023-05-19 13:14:33 --> syntax error, unexpected end of file
in APPPATH\Views\data_pesanan\laporan.php on line 113.
 1 SYSTEMPATH\View\View.php(216): CodeIgniter\View\View->CodeIgniter\View\{closure}()
 2 SYSTEMPATH\Common.php(1177): CodeIgniter\View\View->render('data_pesanan/laporan', [], true)
 3 APPPATH\Controllers\DataPesanan.php(358): view('data_pesanan/laporan', [...])
 4 SYSTEMPATH\CodeIgniter.php(934): App\Controllers\DataPesanan->laporan()
 5 SYSTEMPATH\CodeIgniter.php(499): CodeIgniter\CodeIgniter->runController(Object(App\Controllers\DataPesanan))
 6 SYSTEMPATH\CodeIgniter.php(368): CodeIgniter\CodeIgniter->handleRequest(null, Object(Config\Cache), false)
 7 FCPATH\index.php(67): CodeIgniter\CodeIgniter->run()
 8 SYSTEMPATH\Commands\Server\rewrite.php(47): require_once('FCPATH\\index.php')
INFO - 2023-05-19 13:15:04 --> Session: Class initialized using 'CodeIgniter\Session\Handlers\FileHandler' driver.
CRITICAL - 2023-05-19 13:15:04 --> Undefined property: mysqli::$nama_mobil
in APPPATH\Views\data_pesanan\laporan.php on line 106.
 1 APPPATH\Views\data_pesanan\laporan.php(106): CodeIgniter\Debug\Exceptions->errorHandler(2, 'Undefined property: mysqli::$nama_mobil', 'APPPATH\\Views\\data_pesanan\\laporan.php', 106)
 2 SYSTEMPATH\View\View.php(213): include('APPPATH\\Views\\data_pesanan\\laporan.php')
 3 SYSTEMPATH\View\View.php(216): CodeIgniter\View\View->CodeIgniter\View\{closure}()
 4 SYSTEMPATH\Common.php(1177): CodeIgniter\View\View->render('data_pesanan/laporan', [], true)
 5 APPPATH\Controllers\DataPesanan.php(358): view('data_pesanan/laporan', [...])
 6 SYSTEMPATH\CodeIgniter.php(934): App\Controllers\DataPesanan->laporan()
 7 SYSTEMPATH\CodeIgniter.php(499): CodeIgniter\CodeIgniter->runController(Object(App\Controllers\DataPesanan))
 8 SYSTEMPATH\CodeIgniter.php(368): CodeIgniter\CodeIgniter->handleRequest(null, Object(Config\Cache), false)
 9 FCPATH\index.php(67): CodeIgniter\CodeIgniter->run()
10 SYSTEMPATH\Commands\Server\rewrite.php(47): require_once('FCPATH\\index.php')
INFO - 2023-05-19 13:23:02 --> Session: Class initialized using 'CodeIgniter\Session\Handlers\FileHandler' driver.
CRITICAL - 2023-05-19 13:23:02 --> Undefined property: mysqli::$nama_mobil
in APPPATH\Views\data_pesanan\laporan.php on line 106.
 1 APPPATH\Views\data_pesanan\laporan.php(106): CodeIgniter\Debug\Exceptions->errorHandler(2, 'Undefined property: mysqli::$nama_mobil', 'APPPATH\\Views\\data_pesanan\\laporan.php', 106)
 2 SYSTEMPATH\View\View.php(213): include('APPPATH\\Views\\data_pesanan\\laporan.php')
 3 SYSTEMPATH\View\View.php(216): CodeIgniter\View\View->CodeIgniter\View\{closure}()
 4 SYSTEMPATH\Common.php(1177): CodeIgniter\View\View->render('data_pesanan/laporan', [], true)
 5 APPPATH\Controllers\DataPesanan.php(358): view('data_pesanan/laporan', [...])
 6 SYSTEMPATH\CodeIgniter.php(934): App\Controllers\DataPesanan->laporan()
 7 SYSTEMPATH\CodeIgniter.php(499): CodeIgniter\CodeIgniter->runController(Object(App\Controllers\DataPesanan))
 8 SYSTEMPATH\CodeIgniter.php(368): CodeIgniter\CodeIgniter->handleRequest(null, Object(Config\Cache), false)
 9 FCPATH\index.php(67): CodeIgniter\CodeIgniter->run()
10 SYSTEMPATH\Commands\Server\rewrite.php(47): require_once('FCPATH\\index.php')
INFO - 2023-05-19 13:24:00 --> Session: Class initialized using 'CodeIgniter\Session\Handlers\FileHandler' driver.
INFO - 2023-05-19 13:24:55 --> Session: Class initialized using 'CodeIgniter\Session\Handlers\FileHandler' driver.
INFO - 2023-05-19 13:27:32 --> Session: Class initialized using 'CodeIgniter\Session\Handlers\FileHandler' driver.
CRITICAL - 2023-05-19 13:27:32 --> Undefined property: stdClass::$merk
in APPPATH\Views\data_pesanan\laporan.php on line 106.
 1 APPPATH\Views\data_pesanan\laporan.php(106): CodeIgniter\Debug\Exceptions->errorHandler(2, 'Undefined property: stdClass::$merk', 'APPPATH\\Views\\data_pesanan\\laporan.php', 106)
 2 SYSTEMPATH\View\View.php(213): include('APPPATH\\Views\\data_pesanan\\laporan.php')
 3 SYSTEMPATH\View\View.php(216): CodeIgniter\View\View->CodeIgniter\View\{closure}()
 4 SYSTEMPATH\Common.php(1177): CodeIgniter\View\View->render('data_pesanan/laporan', [], true)
 5 APPPATH\Controllers\DataPesanan.php(358): view('data_pesanan/laporan', [...])
 6 SYSTEMPATH\CodeIgniter.php(934): App\Controllers\DataPesanan->laporan()
 7 SYSTEMPATH\CodeIgniter.php(499): CodeIgniter\CodeIgniter->runController(Object(App\Controllers\DataPesanan))
 8 SYSTEMPATH\CodeIgniter.php(368): CodeIgniter\CodeIgniter->handleRequest(null, Object(Config\Cache), false)
 9 FCPATH\index.php(67): CodeIgniter\CodeIgniter->run()
10 SYSTEMPATH\Commands\Server\rewrite.php(47): require_once('FCPATH\\index.php')
INFO - 2023-05-19 13:27:54 --> Session: Class initialized using 'CodeIgniter\Session\Handlers\FileHandler' driver.
INFO - 2023-05-19 13:46:40 --> Session: Class initialized using 'CodeIgniter\Session\Handlers\FileHandler' driver.
CRITICAL - 2023-05-19 13:46:40 --> Call to undefined method CodeIgniter\Database\MySQLi\Result::hitungJumlahMobil()
in APPPATH\Controllers\DataPesanan.php on line 358.
 1 SYSTEMPATH\CodeIgniter.php(934): App\Controllers\DataPesanan->laporan()
 2 SYSTEMPATH\CodeIgniter.php(499): CodeIgniter\CodeIgniter->runController(Object(App\Controllers\DataPesanan))
 3 SYSTEMPATH\CodeIgniter.php(368): CodeIgniter\CodeIgniter->handleRequest(null, Object(Config\Cache), false)
 4 FCPATH\index.php(67): CodeIgniter\CodeIgniter->run()
 5 SYSTEMPATH\Commands\Server\rewrite.php(47): require_once('FCPATH\\index.php')
INFO - 2023-05-19 13:47:36 --> Session: Class initialized using 'CodeIgniter\Session\Handlers\FileHandler' driver.
CRITICAL - 2023-05-19 13:47:36 --> Call to undefined method CodeIgniter\Database\MySQLi\Result::hitungJumlahMobil()
in APPPATH\Controllers\DataPesanan.php on line 358.
 1 SYSTEMPATH\CodeIgniter.php(934): App\Controllers\DataPesanan->laporan()
 2 SYSTEMPATH\CodeIgniter.php(499): CodeIgniter\CodeIgniter->runController(Object(App\Controllers\DataPesanan))
 3 SYSTEMPATH\CodeIgniter.php(368): CodeIgniter\CodeIgniter->handleRequest(null, Object(Config\Cache), false)
 4 FCPATH\index.php(67): CodeIgniter\CodeIgniter->run()
 5 SYSTEMPATH\Commands\Server\rewrite.php(47): require_once('FCPATH\\index.php')
INFO - 2023-05-19 13:56:47 --> Session: Class initialized using 'CodeIgniter\Session\Handlers\FileHandler' driver.
CRITICAL - 2023-05-19 13:56:48 --> Call to undefined method CodeIgniter\Database\MySQLi\Result::hitungJumlahMobil()
in APPPATH\Controllers\DataPesanan.php on line 358.
 1 SYSTEMPATH\CodeIgniter.php(934): App\Controllers\DataPesanan->laporan()
 2 SYSTEMPATH\CodeIgniter.php(499): CodeIgniter\CodeIgniter->runController(Object(App\Controllers\DataPesanan))
 3 SYSTEMPATH\CodeIgniter.php(368): CodeIgniter\CodeIgniter->handleRequest(null, Object(Config\Cache), false)
 4 FCPATH\index.php(67): CodeIgniter\CodeIgniter->run()
 5 SYSTEMPATH\Commands\Server\rewrite.php(47): require_once('FCPATH\\index.php')
INFO - 2023-05-19 13:57:47 --> Session: Class initialized using 'CodeIgniter\Session\Handlers\FileHandler' driver.
CRITICAL - 2023-05-19 13:57:47 --> Undefined property: mysqli::$id_mobil
in APPPATH\Controllers\DataPesanan.php on line 358.
 1 APPPATH\Controllers\DataPesanan.php(358): CodeIgniter\Debug\Exceptions->errorHandler(2, 'Undefined property: mysqli::$id_mobil', 'APPPATH\\Controllers\\DataPesanan.php', 358)
 2 SYSTEMPATH\CodeIgniter.php(934): App\Controllers\DataPesanan->laporan()
 3 SYSTEMPATH\CodeIgniter.php(499): CodeIgniter\CodeIgniter->runController(Object(App\Controllers\DataPesanan))
 4 SYSTEMPATH\CodeIgniter.php(368): CodeIgniter\CodeIgniter->handleRequest(null, Object(Config\Cache), false)
 5 FCPATH\index.php(67): CodeIgniter\CodeIgniter->run()
 6 SYSTEMPATH\Commands\Server\rewrite.php(47): require_once('FCPATH\\index.php')
INFO - 2023-05-19 13:59:35 --> Session: Class initialized using 'CodeIgniter\Session\Handlers\FileHandler' driver.
CRITICAL - 2023-05-19 13:59:35 --> Call to undefined method CodeIgniter\Database\MySQLi\Result::hitungJumlahMobil()
in APPPATH\Controllers\DataPesanan.php on line 358.
 1 SYSTEMPATH\CodeIgniter.php(934): App\Controllers\DataPesanan->laporan()
 2 SYSTEMPATH\CodeIgniter.php(499): CodeIgniter\CodeIgniter->runController(Object(App\Controllers\DataPesanan))
 3 SYSTEMPATH\CodeIgniter.php(368): CodeIgniter\CodeIgniter->handleRequest(null, Object(Config\Cache), false)
 4 FCPATH\index.php(67): CodeIgniter\CodeIgniter->run()
 5 SYSTEMPATH\Commands\Server\rewrite.php(47): require_once('FCPATH\\index.php')
INFO - 2023-05-19 14:04:33 --> Session: Class initialized using 'CodeIgniter\Session\Handlers\FileHandler' driver.
CRITICAL - 2023-05-19 14:04:33 --> Undefined property: mysqli::$id_mobil
in APPPATH\Controllers\DataPesanan.php on line 358.
 1 APPPATH\Controllers\DataPesanan.php(358): CodeIgniter\Debug\Exceptions->errorHandler(2, 'Undefined property: mysqli::$id_mobil', 'APPPATH\\Controllers\\DataPesanan.php', 358)
 2 SYSTEMPATH\CodeIgniter.php(934): App\Controllers\DataPesanan->laporan()
 3 SYSTEMPATH\CodeIgniter.php(499): CodeIgniter\CodeIgniter->runController(Object(App\Controllers\DataPesanan))
 4 SYSTEMPATH\CodeIgniter.php(368): CodeIgniter\CodeIgniter->handleRequest(null, Object(Config\Cache), false)
 5 FCPATH\index.php(67): CodeIgniter\CodeIgniter->run()
 6 SYSTEMPATH\Commands\Server\rewrite.php(47): require_once('FCPATH\\index.php')
INFO - 2023-05-19 14:05:25 --> Session: Class initialized using 'CodeIgniter\Session\Handlers\FileHandler' driver.
CRITICAL - 2023-05-19 14:05:25 --> Undefined property: mysqli::$id
in APPPATH\Controllers\DataPesanan.php on line 360.
 1 APPPATH\Controllers\DataPesanan.php(360): CodeIgniter\Debug\Exceptions->errorHandler(2, 'Undefined property: mysqli::$id', 'APPPATH\\Controllers\\DataPesanan.php', 360)
 2 SYSTEMPATH\CodeIgniter.php(934): App\Controllers\DataPesanan->laporan()
 3 SYSTEMPATH\CodeIgniter.php(499): CodeIgniter\CodeIgniter->runController(Object(App\Controllers\DataPesanan))
 4 SYSTEMPATH\CodeIgniter.php(368): CodeIgniter\CodeIgniter->handleRequest(null, Object(Config\Cache), false)
 5 FCPATH\index.php(67): CodeIgniter\CodeIgniter->run()
 6 SYSTEMPATH\Commands\Server\rewrite.php(47): require_once('FCPATH\\index.php')
INFO - 2023-05-19 14:05:59 --> Session: Class initialized using 'CodeIgniter\Session\Handlers\FileHandler' driver.
CRITICAL - 2023-05-19 14:06:00 --> Undefined property: mysqli::$id_mobil
in APPPATH\Controllers\DataPesanan.php on line 360.
 1 APPPATH\Controllers\DataPesanan.php(360): CodeIgniter\Debug\Exceptions->errorHandler(2, 'Undefined property: mysqli::$id_mobil', 'APPPATH\\Controllers\\DataPesanan.php', 360)
 2 SYSTEMPATH\CodeIgniter.php(934): App\Controllers\DataPesanan->laporan()
 3 SYSTEMPATH\CodeIgniter.php(499): CodeIgniter\CodeIgniter->runController(Object(App\Controllers\DataPesanan))
 4 SYSTEMPATH\CodeIgniter.php(368): CodeIgniter\CodeIgniter->handleRequest(null, Object(Config\Cache), false)
 5 FCPATH\index.php(67): CodeIgniter\CodeIgniter->run()
 6 SYSTEMPATH\Commands\Server\rewrite.php(47): require_once('FCPATH\\index.php')
INFO - 2023-05-19 14:06:43 --> Session: Class initialized using 'CodeIgniter\Session\Handlers\FileHandler' driver.
CRITICAL - 2023-05-19 14:06:43 --> Attempt to read property "id_mobil" on array
in APPPATH\Controllers\DataPesanan.php on line 360.
 1 APPPATH\Controllers\DataPesanan.php(360): CodeIgniter\Debug\Exceptions->errorHandler(2, 'Attempt to read property "id_mobil" on array', 'APPPATH\\Controllers\\DataPesanan.php', 360)
 2 SYSTEMPATH\CodeIgniter.php(934): App\Controllers\DataPesanan->laporan()
 3 SYSTEMPATH\CodeIgniter.php(499): CodeIgniter\CodeIgniter->runController(Object(App\Controllers\DataPesanan))
 4 SYSTEMPATH\CodeIgniter.php(368): CodeIgniter\CodeIgniter->handleRequest(null, Object(Config\Cache), false)
 5 FCPATH\index.php(67): CodeIgniter\CodeIgniter->run()
 6 SYSTEMPATH\Commands\Server\rewrite.php(47): require_once('FCPATH\\index.php')
INFO - 2023-05-19 14:07:45 --> Session: Class initialized using 'CodeIgniter\Session\Handlers\FileHandler' driver.
CRITICAL - 2023-05-19 14:07:45 --> Invalid file: "data_laporan/row.php"
in SYSTEMPATH\Exceptions\FrameworkException.php on line 33.
 1 SYSTEMPATH\View\View.php(201): CodeIgniter\Exceptions\FrameworkException::forInvalidFile('data_laporan/row.php')
 2 SYSTEMPATH\Common.php(1177): CodeIgniter\View\View->render('data_laporan/row', [], true)
 3 APPPATH\Controllers\DataPesanan.php(360): view('data_laporan/row', [...])
 4 SYSTEMPATH\CodeIgniter.php(934): App\Controllers\DataPesanan->laporan()
 5 SYSTEMPATH\CodeIgniter.php(499): CodeIgniter\CodeIgniter->runController(Object(App\Controllers\DataPesanan))
 6 SYSTEMPATH\CodeIgniter.php(368): CodeIgniter\CodeIgniter->handleRequest(null, Object(Config\Cache), false)
 7 FCPATH\index.php(67): CodeIgniter\CodeIgniter->run()
 8 SYSTEMPATH\Commands\Server\rewrite.php(47): require_once('FCPATH\\index.php')
INFO - 2023-05-19 14:08:11 --> Session: Class initialized using 'CodeIgniter\Session\Handlers\FileHandler' driver.
CRITICAL - 2023-05-19 14:08:11 --> Attempt to read property "tgl_pinjam" on array
in APPPATH\Views\data_pesanan\row.php on line 2.
 1 APPPATH\Views\data_pesanan\row.php(2): CodeIgniter\Debug\Exceptions->errorHandler(2, 'Attempt to read property "tgl_pinjam" on array', 'APPPATH\\Views\\data_pesanan\\row.php', 2)
 2 SYSTEMPATH\View\View.php(213): include('APPPATH\\Views\\data_pesanan\\row.php')
 3 SYSTEMPATH\View\View.php(216): CodeIgniter\View\View->CodeIgniter\View\{closure}()
 4 SYSTEMPATH\Common.php(1177): CodeIgniter\View\View->render('data_pesanan/row', [], true)
 5 APPPATH\Controllers\DataPesanan.php(360): view('data_pesanan/row', [...])
 6 SYSTEMPATH\CodeIgniter.php(934): App\Controllers\DataPesanan->laporan()
 7 SYSTEMPATH\CodeIgniter.php(499): CodeIgniter\CodeIgniter->runController(Object(App\Controllers\DataPesanan))
 8 SYSTEMPATH\CodeIgniter.php(368): CodeIgniter\CodeIgniter->handleRequest(null, Object(Config\Cache), false)
 9 FCPATH\index.php(67): CodeIgniter\CodeIgniter->run()
10 SYSTEMPATH\Commands\Server\rewrite.php(47): require_once('FCPATH\\index.php')
INFO - 2023-05-19 14:08:42 --> Session: Class initialized using 'CodeIgniter\Session\Handlers\FileHandler' driver.
CRITICAL - 2023-05-19 14:08:43 --> Undefined variable $users
in APPPATH\Views\data_pesanan\laporan.php on line 106.
 1 APPPATH\Views\data_pesanan\laporan.php(106): CodeIgniter\Debug\Exceptions->errorHandler(2, 'Undefined variable $users', 'APPPATH\\Views\\data_pesanan\\laporan.php', 106)
 2 SYSTEMPATH\View\View.php(213): include('APPPATH\\Views\\data_pesanan\\laporan.php')
 3 SYSTEMPATH\View\View.php(216): CodeIgniter\View\View->CodeIgniter\View\{closure}()
 4 SYSTEMPATH\Common.php(1177): CodeIgniter\View\View->render('data_pesanan/laporan', [], true)
 5 APPPATH\Controllers\DataPesanan.php(362): view('data_pesanan/laporan', [...])
 6 SYSTEMPATH\CodeIgniter.php(934): App\Controllers\DataPesanan->laporan()
 7 SYSTEMPATH\CodeIgniter.php(499): CodeIgniter\CodeIgniter->runController(Object(App\Controllers\DataPesanan))
 8 SYSTEMPATH\CodeIgniter.php(368): CodeIgniter\CodeIgniter->handleRequest(null, Object(Config\Cache), false)
 9 FCPATH\index.php(67): CodeIgniter\CodeIgniter->run()
10 SYSTEMPATH\Commands\Server\rewrite.php(47): require_once('FCPATH\\index.php')
INFO - 2023-05-19 14:09:28 --> Session: Class initialized using 'CodeIgniter\Session\Handlers\FileHandler' driver.
CRITICAL - 2023-05-19 14:09:28 --> Attempt to read property "id" on array
in APPPATH\Views\data_pesanan\laporan.php on line 107.
 1 APPPATH\Views\data_pesanan\laporan.php(107): CodeIgniter\Debug\Exceptions->errorHandler(2, 'Attempt to read property "id" on array', 'APPPATH\\Views\\data_pesanan\\laporan.php', 107)
 2 SYSTEMPATH\View\View.php(213): include('APPPATH\\Views\\data_pesanan\\laporan.php')
 3 SYSTEMPATH\View\View.php(216): CodeIgniter\View\View->CodeIgniter\View\{closure}()
 4 SYSTEMPATH\Common.php(1177): CodeIgniter\View\View->render('data_pesanan/laporan', [], true)
 5 APPPATH\Controllers\DataPesanan.php(362): view('data_pesanan/laporan', [...])
 6 SYSTEMPATH\CodeIgniter.php(934): App\Controllers\DataPesanan->laporan()
 7 SYSTEMPATH\CodeIgniter.php(499): CodeIgniter\CodeIgniter->runController(Object(App\Controllers\DataPesanan))
 8 SYSTEMPATH\CodeIgniter.php(368): CodeIgniter\CodeIgniter->handleRequest(null, Object(Config\Cache), false)
 9 FCPATH\index.php(67): CodeIgniter\CodeIgniter->run()
10 SYSTEMPATH\Commands\Server\rewrite.php(47): require_once('FCPATH\\index.php')
INFO - 2023-05-19 14:09:42 --> Session: Class initialized using 'CodeIgniter\Session\Handlers\FileHandler' driver.
CRITICAL - 2023-05-19 14:09:42 --> Attempt to read property "id_mobil" on array
in APPPATH\Views\data_pesanan\laporan.php on line 107.
 1 APPPATH\Views\data_pesanan\laporan.php(107): CodeIgniter\Debug\Exceptions->errorHandler(2, 'Attempt to read property "id_mobil" on array', 'APPPATH\\Views\\data_pesanan\\laporan.php', 107)
 2 SYSTEMPATH\View\View.php(213): include('APPPATH\\Views\\data_pesanan\\laporan.php')
 3 SYSTEMPATH\View\View.php(216): CodeIgniter\View\View->CodeIgniter\View\{closure}()
 4 SYSTEMPATH\Common.php(1177): CodeIgniter\View\View->render('data_pesanan/laporan', [], true)
 5 APPPATH\Controllers\DataPesanan.php(362): view('data_pesanan/laporan', [...])
 6 SYSTEMPATH\CodeIgniter.php(934): App\Controllers\DataPesanan->laporan()
 7 SYSTEMPATH\CodeIgniter.php(499): CodeIgniter\CodeIgniter->runController(Object(App\Controllers\DataPesanan))
 8 SYSTEMPATH\CodeIgniter.php(368): CodeIgniter\CodeIgniter->handleRequest(null, Object(Config\Cache), false)
 9 FCPATH\index.php(67): CodeIgniter\CodeIgniter->run()
10 SYSTEMPATH\Commands\Server\rewrite.php(47): require_once('FCPATH\\index.php')
INFO - 2023-05-19 14:11:10 --> Session: Class initialized using 'CodeIgniter\Session\Handlers\FileHandler' driver.
INFO - 2023-05-19 14:12:43 --> Session: Class initialized using 'CodeIgniter\Session\Handlers\FileHandler' driver.
INFO - 2023-05-19 14:13:17 --> Session: Class initialized using 'CodeIgniter\Session\Handlers\FileHandler' driver.
CRITICAL - 2023-05-19 14:13:17 --> Trying to access array offset on value of type int
in APPPATH\Views\data_pesanan\row.php on line 2.
 1 APPPATH\Views\data_pesanan\row.php(2): CodeIgniter\Debug\Exceptions->errorHandler(2, 'Trying to access array offset on value of type int', 'APPPATH\\Views\\data_pesanan\\row.php', 2)
 2 SYSTEMPATH\View\View.php(213): include('APPPATH\\Views\\data_pesanan\\row.php')
 3 SYSTEMPATH\View\View.php(216): CodeIgniter\View\View->CodeIgniter\View\{closure}()
 4 SYSTEMPATH\Common.php(1177): CodeIgniter\View\View->render('data_pesanan/row', [], true)
 5 APPPATH\Controllers\DataPesanan.php(360): view('data_pesanan/row', [...])
 6 SYSTEMPATH\CodeIgniter.php(934): App\Controllers\DataPesanan->laporan()
 7 SYSTEMPATH\CodeIgniter.php(499): CodeIgniter\CodeIgniter->runController(Object(App\Controllers\DataPesanan))
 8 SYSTEMPATH\CodeIgniter.php(368): CodeIgniter\CodeIgniter->handleRequest(null, Object(Config\Cache), false)
 9 FCPATH\index.php(67): CodeIgniter\CodeIgniter->run()
10 SYSTEMPATH\Commands\Server\rewrite.php(47): require_once('FCPATH\\index.php')
INFO - 2023-05-19 14:14:38 --> Session: Class initialized using 'CodeIgniter\Session\Handlers\FileHandler' driver.
CRITICAL - 2023-05-19 14:14:38 --> Undefined variable $mobil
in APPPATH\Views\data_pesanan\row.php on line 2.
 1 APPPATH\Views\data_pesanan\row.php(2): CodeIgniter\Debug\Exceptions->errorHandler(2, 'Undefined variable $mobil', 'APPPATH\\Views\\data_pesanan\\row.php', 2)
 2 SYSTEMPATH\View\View.php(213): include('APPPATH\\Views\\data_pesanan\\row.php')
 3 SYSTEMPATH\View\View.php(216): CodeIgniter\View\View->CodeIgniter\View\{closure}()
 4 SYSTEMPATH\Common.php(1177): CodeIgniter\View\View->render('data_pesanan/row', [], true)
 5 APPPATH\Controllers\DataPesanan.php(360): view('data_pesanan/row', [...])
 6 SYSTEMPATH\CodeIgniter.php(934): App\Controllers\DataPesanan->laporan()
 7 SYSTEMPATH\CodeIgniter.php(499): CodeIgniter\CodeIgniter->runController(Object(App\Controllers\DataPesanan))
 8 SYSTEMPATH\CodeIgniter.php(368): CodeIgniter\CodeIgniter->handleRequest(null, Object(Config\Cache), false)
 9 FCPATH\index.php(67): CodeIgniter\CodeIgniter->run()
10 SYSTEMPATH\Commands\Server\rewrite.php(47): require_once('FCPATH\\index.php')
INFO - 2023-05-19 14:15:14 --> Session: Class initialized using 'CodeIgniter\Session\Handlers\FileHandler' driver.
CRITICAL - 2023-05-19 14:15:14 --> Trying to access array offset on value of type int
in APPPATH\Views\data_pesanan\row.php on line 3.
 1 APPPATH\Views\data_pesanan\row.php(3): CodeIgniter\Debug\Exceptions->errorHandler(2, 'Trying to access array offset on value of type int', 'APPPATH\\Views\\data_pesanan\\row.php', 3)
 2 SYSTEMPATH\View\View.php(213): include('APPPATH\\Views\\data_pesanan\\row.php')
 3 SYSTEMPATH\View\View.php(216): CodeIgniter\View\View->CodeIgniter\View\{closure}()
 4 SYSTEMPATH\Common.php(1177): CodeIgniter\View\View->render('data_pesanan/row', [], true)
 5 APPPATH\Controllers\DataPesanan.php(360): view('data_pesanan/row', [...])
 6 SYSTEMPATH\CodeIgniter.php(934): App\Controllers\DataPesanan->laporan()
 7 SYSTEMPATH\CodeIgniter.php(499): CodeIgniter\CodeIgniter->runController(Object(App\Controllers\DataPesanan))
 8 SYSTEMPATH\CodeIgniter.php(368): CodeIgniter\CodeIgniter->handleRequest(null, Object(Config\Cache), false)
 9 FCPATH\index.php(67): CodeIgniter\CodeIgniter->run()
10 SYSTEMPATH\Commands\Server\rewrite.php(47): require_once('FCPATH\\index.php')
INFO - 2023-05-19 14:15:28 --> Session: Class initialized using 'CodeIgniter\Session\Handlers\FileHandler' driver.
CRITICAL - 2023-05-19 14:15:28 --> Trying to access array offset on value of type int
in APPPATH\Views\data_pesanan\row.php on line 3.
 1 APPPATH\Views\data_pesanan\row.php(3): CodeIgniter\Debug\Exceptions->errorHandler(2, 'Trying to access array offset on value of type int', 'APPPATH\\Views\\data_pesanan\\row.php', 3)
 2 SYSTEMPATH\View\View.php(213): include('APPPATH\\Views\\data_pesanan\\row.php')
 3 SYSTEMPATH\View\View.php(216): CodeIgniter\View\View->CodeIgniter\View\{closure}()
 4 SYSTEMPATH\Common.php(1177): CodeIgniter\View\View->render('data_pesanan/row', [], true)
 5 APPPATH\Controllers\DataPesanan.php(360): view('data_pesanan/row', [...])
 6 SYSTEMPATH\CodeIgniter.php(934): App\Controllers\DataPesanan->laporan()
 7 SYSTEMPATH\CodeIgniter.php(499): CodeIgniter\CodeIgniter->runController(Object(App\Controllers\DataPesanan))
 8 SYSTEMPATH\CodeIgniter.php(368): CodeIgniter\CodeIgniter->handleRequest(null, Object(Config\Cache), false)
 9 FCPATH\index.php(67): CodeIgniter\CodeIgniter->run()
10 SYSTEMPATH\Commands\Server\rewrite.php(47): require_once('FCPATH\\index.php')
INFO - 2023-05-19 14:15:44 --> Session: Class initialized using 'CodeIgniter\Session\Handlers\FileHandler' driver.
INFO - 2023-05-19 14:16:09 --> Session: Class initialized using 'CodeIgniter\Session\Handlers\FileHandler' driver.
INFO - 2023-05-19 14:16:35 --> Session: Class initialized using 'CodeIgniter\Session\Handlers\FileHandler' driver.
INFO - 2023-05-19 14:17:56 --> Session: Class initialized using 'CodeIgniter\Session\Handlers\FileHandler' driver.
CRITICAL - 2023-05-19 14:17:56 --> Trying to access array offset on value of type int
in APPPATH\Views\data_pesanan\row.php on line 3.
 1 APPPATH\Views\data_pesanan\row.php(3): CodeIgniter\Debug\Exceptions->errorHandler(2, 'Trying to access array offset on value of type int', 'APPPATH\\Views\\data_pesanan\\row.php', 3)
 2 SYSTEMPATH\View\View.php(213): include('APPPATH\\Views\\data_pesanan\\row.php')
 3 SYSTEMPATH\View\View.php(216): CodeIgniter\View\View->CodeIgniter\View\{closure}()
 4 SYSTEMPATH\Common.php(1177): CodeIgniter\View\View->render('data_pesanan/row', [], true)
 5 APPPATH\Controllers\DataPesanan.php(360): view('data_pesanan/row', [...])
 6 SYSTEMPATH\CodeIgniter.php(934): App\Controllers\DataPesanan->laporan()
 7 SYSTEMPATH\CodeIgniter.php(499): CodeIgniter\CodeIgniter->runController(Object(App\Controllers\DataPesanan))
 8 SYSTEMPATH\CodeIgniter.php(368): CodeIgniter\CodeIgniter->handleRequest(null, Object(Config\Cache), false)
 9 FCPATH\index.php(67): CodeIgniter\CodeIgniter->run()
10 SYSTEMPATH\Commands\Server\rewrite.php(47): require_once('FCPATH\\index.php')
INFO - 2023-05-19 14:19:40 --> Session: Class initialized using 'CodeIgniter\Session\Handlers\FileHandler' driver.
CRITICAL - 2023-05-19 14:19:40 --> Trying to access array offset on value of type int
in APPPATH\Views\data_pesanan\row.php on line 3.
 1 APPPATH\Views\data_pesanan\row.php(3): CodeIgniter\Debug\Exceptions->errorHandler(2, 'Trying to access array offset on value of type int', 'APPPATH\\Views\\data_pesanan\\row.php', 3)
 2 SYSTEMPATH\View\View.php(213): include('APPPATH\\Views\\data_pesanan\\row.php')
 3 SYSTEMPATH\View\View.php(216): CodeIgniter\View\View->CodeIgniter\View\{closure}()
 4 SYSTEMPATH\Common.php(1177): CodeIgniter\View\View->render('data_pesanan/row', [], true)
 5 APPPATH\Controllers\DataPesanan.php(360): view('data_pesanan/row', [...])
 6 SYSTEMPATH\CodeIgniter.php(934): App\Controllers\DataPesanan->laporan()
 7 SYSTEMPATH\CodeIgniter.php(499): CodeIgniter\CodeIgniter->runController(Object(App\Controllers\DataPesanan))
 8 SYSTEMPATH\CodeIgniter.php(368): CodeIgniter\CodeIgniter->handleRequest(null, Object(Config\Cache), false)
 9 FCPATH\index.php(67): CodeIgniter\CodeIgniter->run()
10 SYSTEMPATH\Commands\Server\rewrite.php(47): require_once('FCPATH\\index.php')
INFO - 2023-05-19 14:20:07 --> Session: Class initialized using 'CodeIgniter\Session\Handlers\FileHandler' driver.
INFO - 2023-05-19 14:20:59 --> Session: Class initialized using 'CodeIgniter\Session\Handlers\FileHandler' driver.
INFO - 2023-05-19 14:25:05 --> Session: Class initialized using 'CodeIgniter\Session\Handlers\FileHandler' driver.
INFO - 2023-05-19 14:27:39 --> Session: Class initialized using 'CodeIgniter\Session\Handlers\FileHandler' driver.
CRITICAL - 2023-05-19 14:27:39 --> Trying to access array offset on value of type int
in APPPATH\Views\data_pesanan\row.php on line 3.
 1 APPPATH\Views\data_pesanan\row.php(3): CodeIgniter\Debug\Exceptions->errorHandler(2, 'Trying to access array offset on value of type int', 'APPPATH\\Views\\data_pesanan\\row.php', 3)
 2 SYSTEMPATH\View\View.php(213): include('APPPATH\\Views\\data_pesanan\\row.php')
 3 SYSTEMPATH\View\View.php(216): CodeIgniter\View\View->CodeIgniter\View\{closure}()
 4 SYSTEMPATH\Common.php(1177): CodeIgniter\View\View->render('data_pesanan/row', [], true)
 5 APPPATH\Controllers\DataPesanan.php(360): view('data_pesanan/row', [...])
 6 SYSTEMPATH\CodeIgniter.php(934): App\Controllers\DataPesanan->laporan()
 7 SYSTEMPATH\CodeIgniter.php(499): CodeIgniter\CodeIgniter->runController(Object(App\Controllers\DataPesanan))
 8 SYSTEMPATH\CodeIgniter.php(368): CodeIgniter\CodeIgniter->handleRequest(null, Object(Config\Cache), false)
 9 FCPATH\index.php(67): CodeIgniter\CodeIgniter->run()
10 SYSTEMPATH\Commands\Server\rewrite.php(47): require_once('FCPATH\\index.php')
INFO - 2023-05-19 14:27:57 --> Session: Class initialized using 'CodeIgniter\Session\Handlers\FileHandler' driver.
INFO - 2023-05-19 14:32:35 --> Session: Class initialized using 'CodeIgniter\Session\Handlers\FileHandler' driver.
INFO - 2023-05-19 14:33:09 --> Session: Class initialized using 'CodeIgniter\Session\Handlers\FileHandler' driver.
INFO - 2023-05-19 14:33:18 --> Session: Class initialized using 'CodeIgniter\Session\Handlers\FileHandler' driver.
INFO - 2023-05-19 14:33:24 --> Session: Class initialized using 'CodeIgniter\Session\Handlers\FileHandler' driver.
INFO - 2023-05-19 14:33:25 --> Session: Class initialized using 'CodeIgniter\Session\Handlers\FileHandler' driver.
INFO - 2023-05-19 14:33:29 --> Session: Class initialized using 'CodeIgniter\Session\Handlers\FileHandler' driver.
INFO - 2023-05-19 14:33:32 --> Session: Class initialized using 'CodeIgniter\Session\Handlers\FileHandler' driver.
WARNING - 2023-05-19 14:33:32 --> [DEPRECATED] number_format(): Passing null to parameter #1 ($num) of type float is deprecated in APPPATH\Views\data_pesanan\laporan.php on line 104.
 1 APPPATH\Views\data_pesanan\laporan.php(104): number_format(null, 2, ',', 'ROOTPATH\\public')
 2 SYSTEMPATH\View\View.php(213): include('APPPATH\\Views\\data_pesanan\\laporan.php')
 3 SYSTEMPATH\View\View.php(216): CodeIgniter\View\View->CodeIgniter\View\{closure}()
 4 SYSTEMPATH\Common.php(1177): CodeIgniter\View\View->render('data_pesanan/laporan', [], true)
 5 APPPATH\Controllers\DataPesanan.php(362): view('data_pesanan/laporan', [...])
 6 SYSTEMPATH\CodeIgniter.php(934): App\Controllers\DataPesanan->laporan()
 7 SYSTEMPATH\CodeIgniter.php(499): CodeIgniter\CodeIgniter->runController(Object(App\Controllers\DataPesanan))
 8 SYSTEMPATH\CodeIgniter.php(368): CodeIgniter\CodeIgniter->handleRequest(null, Object(Config\Cache), false)
 9 FCPATH\index.php(67): CodeIgniter\CodeIgniter->run()
10 SYSTEMPATH\Commands\Server\rewrite.php(47): require_once('FCPATH\\index.php')
INFO - 2023-05-19 14:33:37 --> Session: Class initialized using 'CodeIgniter\Session\Handlers\FileHandler' driver.
INFO - 2023-05-19 14:33:51 --> Session: Class initialized using 'CodeIgniter\Session\Handlers\FileHandler' driver.
INFO - 2023-05-19 14:34:02 --> Session: Class initialized using 'CodeIgniter\Session\Handlers\FileHandler' driver.
WARNING - 2023-05-19 14:34:02 --> [DEPRECATED] number_format(): Passing null to parameter #1 ($num) of type float is deprecated in APPPATH\Views\data_pesanan\laporan.php on line 104.
 1 APPPATH\Views\data_pesanan\laporan.php(104): number_format(null, 2, ',', 'ROOTPATH\\public')
 2 SYSTEMPATH\View\View.php(213): include('APPPATH\\Views\\data_pesanan\\laporan.php')
 3 SYSTEMPATH\View\View.php(216): CodeIgniter\View\View->CodeIgniter\View\{closure}()
 4 SYSTEMPATH\Common.php(1177): CodeIgniter\View\View->render('data_pesanan/laporan', [], true)
 5 APPPATH\Controllers\DataPesanan.php(362): view('data_pesanan/laporan', [...])
 6 SYSTEMPATH\CodeIgniter.php(934): App\Controllers\DataPesanan->laporan()
 7 SYSTEMPATH\CodeIgniter.php(499): CodeIgniter\CodeIgniter->runController(Object(App\Controllers\DataPesanan))
 8 SYSTEMPATH\CodeIgniter.php(368): CodeIgniter\CodeIgniter->handleRequest(null, Object(Config\Cache), false)
 9 FCPATH\index.php(67): CodeIgniter\CodeIgniter->run()
10 SYSTEMPATH\Commands\Server\rewrite.php(47): require_once('FCPATH\\index.php')
INFO - 2023-05-19 14:34:37 --> Session: Class initialized using 'CodeIgniter\Session\Handlers\FileHandler' driver.
WARNING - 2023-05-19 14:34:37 --> [DEPRECATED] number_format(): Passing null to parameter #1 ($num) of type float is deprecated in APPPATH\Views\data_pesanan\laporan.php on line 104.
 1 APPPATH\Views\data_pesanan\laporan.php(104): number_format(null, 2, ',', 'ROOTPATH\\public')
 2 SYSTEMPATH\View\View.php(213): include('APPPATH\\Views\\data_pesanan\\laporan.php')
 3 SYSTEMPATH\View\View.php(216): CodeIgniter\View\View->CodeIgniter\View\{closure}()
 4 SYSTEMPATH\Common.php(1177): CodeIgniter\View\View->render('data_pesanan/laporan', [], true)
 5 APPPATH\Controllers\DataPesanan.php(362): view('data_pesanan/laporan', [...])
 6 SYSTEMPATH\CodeIgniter.php(934): App\Controllers\DataPesanan->laporan()
 7 SYSTEMPATH\CodeIgniter.php(499): CodeIgniter\CodeIgniter->runController(Object(App\Controllers\DataPesanan))
 8 SYSTEMPATH\CodeIgniter.php(368): CodeIgniter\CodeIgniter->handleRequest(null, Object(Config\Cache), false)
 9 FCPATH\index.php(67): CodeIgniter\CodeIgniter->run()
10 SYSTEMPATH\Commands\Server\rewrite.php(47): require_once('FCPATH\\index.php')
INFO - 2023-05-19 14:34:41 --> Session: Class initialized using 'CodeIgniter\Session\Handlers\FileHandler' driver.
INFO - 2023-05-19 14:35:05 --> Session: Class initialized using 'CodeIgniter\Session\Handlers\FileHandler' driver.
INFO - 2023-05-19 14:36:21 --> Session: Class initialized using 'CodeIgniter\Session\Handlers\FileHandler' driver.
INFO - 2023-05-19 14:36:40 --> Session: Class initialized using 'CodeIgniter\Session\Handlers\FileHandler' driver.
INFO - 2023-05-19 14:38:58 --> Session: Class initialized using 'CodeIgniter\Session\Handlers\FileHandler' driver.
INFO - 2023-05-19 14:39:06 --> Session: Class initialized using 'CodeIgniter\Session\Handlers\FileHandler' driver.
INFO - 2023-05-19 14:41:28 --> Session: Class initialized using 'CodeIgniter\Session\Handlers\FileHandler' driver.
INFO - 2023-05-19 14:42:24 --> Session: Class initialized using 'CodeIgniter\Session\Handlers\FileHandler' driver.
INFO - 2023-05-19 14:43:46 --> Session: Class initialized using 'CodeIgniter\Session\Handlers\FileHandler' driver.
CRITICAL - 2023-05-19 14:43:46 --> Cannot use object of type mysqli as array
in APPPATH\Controllers\DataPesanan.php on line 358.
 1 SYSTEMPATH\CodeIgniter.php(934): App\Controllers\DataPesanan->laporan()
 2 SYSTEMPATH\CodeIgniter.php(499): CodeIgniter\CodeIgniter->runController(Object(App\Controllers\DataPesanan))
 3 SYSTEMPATH\CodeIgniter.php(368): CodeIgniter\CodeIgniter->handleRequest(null, Object(Config\Cache), false)
 4 FCPATH\index.php(67): CodeIgniter\CodeIgniter->run()
 5 SYSTEMPATH\Commands\Server\rewrite.php(47): require_once('FCPATH\\index.php')
INFO - 2023-05-19 14:44:08 --> Session: Class initialized using 'CodeIgniter\Session\Handlers\FileHandler' driver.
CRITICAL - 2023-05-19 14:44:08 --> Undefined property: mysqli::$id_mobil
in APPPATH\Controllers\DataPesanan.php on line 358.
 1 APPPATH\Controllers\DataPesanan.php(358): CodeIgniter\Debug\Exceptions->errorHandler(2, 'Undefined property: mysqli::$id_mobil', 'APPPATH\\Controllers\\DataPesanan.php', 358)
 2 SYSTEMPATH\CodeIgniter.php(934): App\Controllers\DataPesanan->laporan()
 3 SYSTEMPATH\CodeIgniter.php(499): CodeIgniter\CodeIgniter->runController(Object(App\Controllers\DataPesanan))
 4 SYSTEMPATH\CodeIgniter.php(368): CodeIgniter\CodeIgniter->handleRequest(null, Object(Config\Cache), false)
 5 FCPATH\index.php(67): CodeIgniter\CodeIgniter->run()
 6 SYSTEMPATH\Commands\Server\rewrite.php(47): require_once('FCPATH\\index.php')
INFO - 2023-05-19 14:44:44 --> Session: Class initialized using 'CodeIgniter\Session\Handlers\FileHandler' driver.
INFO - 2023-05-19 14:46:46 --> Session: Class initialized using 'CodeIgniter\Session\Handlers\FileHandler' driver.
INFO - 2023-05-19 14:48:46 --> Session: Class initialized using 'CodeIgniter\Session\Handlers\FileHandler' driver.
INFO - 2023-05-19 14:50:15 --> Session: Class initialized using 'CodeIgniter\Session\Handlers\FileHandler' driver.
INFO - 2023-05-19 14:51:06 --> Session: Class initialized using 'CodeIgniter\Session\Handlers\FileHandler' driver.
INFO - 2023-05-19 14:51:25 --> Session: Class initialized using 'CodeIgniter\Session\Handlers\FileHandler' driver.
INFO - 2023-05-19 14:53:27 --> Session: Class initialized using 'CodeIgniter\Session\Handlers\FileHandler' driver.
INFO - 2023-05-19 14:56:18 --> Session: Class initialized using 'CodeIgniter\Session\Handlers\FileHandler' driver.
INFO - 2023-05-19 15:00:53 --> Session: Class initialized using 'CodeIgniter\Session\Handlers\FileHandler' driver.
ERROR - 2023-05-19 15:00:53 --> mysqli_sql_exception: Column 'id_mobil' in where clause is ambiguous in C:\Users\isaka\OneDrive\Dokumen\application\ci4\rental-mobil v2\vendor\codeigniter4\framework\system\Database\MySQLi\Connection.php:295
Stack trace:
#0 C:\Users\isaka\OneDrive\Dokumen\application\ci4\rental-mobil v2\vendor\codeigniter4\framework\system\Database\MySQLi\Connection.php(295): mysqli->query('SELECT SUM(`har...', 0)
#1 C:\Users\isaka\OneDrive\Dokumen\application\ci4\rental-mobil v2\vendor\codeigniter4\framework\system\Database\BaseConnection.php(691): CodeIgniter\Database\MySQLi\Connection->execute('SELECT SUM(`har...')
#2 C:\Users\isaka\OneDrive\Dokumen\application\ci4\rental-mobil v2\vendor\codeigniter4\framework\system\Database\BaseConnection.php(605): CodeIgniter\Database\BaseConnection->simpleQuery('SELECT SUM(`har...')
#3 C:\Users\isaka\OneDrive\Dokumen\application\ci4\rental-mobil v2\vendor\codeigniter4\framework\system\Database\BaseBuilder.php(1602): CodeIgniter\Database\BaseConnection->query('SELECT SUM(`har...', Array, false)
#4 C:\Users\isaka\OneDrive\Dokumen\application\ci4\rental-mobil v2\app\Models\DataPesananModel.php(94): CodeIgniter\Database\BaseBuilder->get()
#5 C:\Users\isaka\OneDrive\Dokumen\application\ci4\rental-mobil v2\app\Controllers\DataPesanan.php(361): App\Models\DataPesananModel->joinPesananMobilSum('10', 2, '5', '2023')
#6 C:\Users\isaka\OneDrive\Dokumen\application\ci4\rental-mobil v2\vendor\codeigniter4\framework\system\CodeIgniter.php(934): App\Controllers\DataPesanan->laporan()
#7 C:\Users\isaka\OneDrive\Dokumen\application\ci4\rental-mobil v2\vendor\codeigniter4\framework\system\CodeIgniter.php(499): CodeIgniter\CodeIgniter->runController(Object(App\Controllers\DataPesanan))
#8 C:\Users\isaka\OneDrive\Dokumen\application\ci4\rental-mobil v2\vendor\codeigniter4\framework\system\CodeIgniter.php(368): CodeIgniter\CodeIgniter->handleRequest(NULL, Object(Config\Cache), false)
#9 C:\Users\isaka\OneDrive\Dokumen\application\ci4\rental-mobil v2\public\index.php(67): CodeIgniter\CodeIgniter->run()
#10 C:\Users\isaka\OneDrive\Dokumen\application\ci4\rental-mobil v2\vendor\codeigniter4\framework\system\Commands\Server\rewrite.php(47): require_once('C:\\Users\\isaka\\...')
#11 {main}
CRITICAL - 2023-05-19 15:00:53 --> Column 'id_mobil' in where clause is ambiguous
in SYSTEMPATH\Database\BaseConnection.php on line 645.
 1 SYSTEMPATH\Database\BaseBuilder.php(1602): CodeIgniter\Database\BaseConnection->query('SELECT SUM(`harga`) AS `harga`
FROM `pesanan`
JOIN `users` ON `users`.`id` = `pesanan`.`id_pemesan`
JOIN `mobil` ON `mobil`.`id_mobil` = `pesanan`.`id_mobil`
JOIN `perjalanan` ON `perjalanan`.`id_perjalanan` = `pesanan`.`id_perjalanan`
JOIN `jenis_bayar` ON `jenis_bayar`.`id_jenisbayar` = `pesanan`.`id_jenisbayar`
WHERE `id_mobil` = :id_mobil:
AND `proses` = :proses:
AND MONTH(pesanan.tgl_pinjam) = :MONTH(pesanan.tgl_pinjam):
AND YEAR(pesanan.tgl_pinjam) = :YEAR(pesanan.tgl_pinjam):', [...], false)
 2 APPPATH\Models\DataPesananModel.php(94): CodeIgniter\Database\BaseBuilder->get()
 3 APPPATH\Controllers\DataPesanan.php(361): App\Models\DataPesananModel->joinPesananMobilSum('10', 2, '5', '2023')
 4 SYSTEMPATH\CodeIgniter.php(934): App\Controllers\DataPesanan->laporan()
 5 SYSTEMPATH\CodeIgniter.php(499): CodeIgniter\CodeIgniter->runController(Object(App\Controllers\DataPesanan))
 6 SYSTEMPATH\CodeIgniter.php(368): CodeIgniter\CodeIgniter->handleRequest(null, Object(Config\Cache), false)
 7 FCPATH\index.php(67): CodeIgniter\CodeIgniter->run()
 8 SYSTEMPATH\Commands\Server\rewrite.php(47): require_once('FCPATH\\index.php')
INFO - 2023-05-19 15:02:05 --> Session: Class initialized using 'CodeIgniter\Session\Handlers\FileHandler' driver.
WARNING - 2023-05-19 15:02:05 --> [DEPRECATED] number_format(): Passing null to parameter #1 ($num) of type float is deprecated in APPPATH\Views\data_pesanan\row.php on line 2.
 1 APPPATH\Views\data_pesanan\row.php(2): number_format(null, 2, ',', 'ROOTPATH\\public')
 2 SYSTEMPATH\View\View.php(213): include('APPPATH\\Views\\data_pesanan\\row.php')
 3 SYSTEMPATH\View\View.php(216): CodeIgniter\View\View->CodeIgniter\View\{closure}()
 4 SYSTEMPATH\Common.php(1177): CodeIgniter\View\View->render('data_pesanan/row', [], true)
 5 APPPATH\Controllers\DataPesanan.php(363): view('data_pesanan/row', [...])
 6 SYSTEMPATH\CodeIgniter.php(934): App\Controllers\DataPesanan->laporan()
 7 SYSTEMPATH\CodeIgniter.php(499): CodeIgniter\CodeIgniter->runController(Object(App\Controllers\DataPesanan))
 8 SYSTEMPATH\CodeIgniter.php(368): CodeIgniter\CodeIgniter->handleRequest(null, Object(Config\Cache), false)
 9 FCPATH\index.php(67): CodeIgniter\CodeIgniter->run()
10 SYSTEMPATH\Commands\Server\rewrite.php(47): require_once('FCPATH\\index.php')
WARNING - 2023-05-19 15:02:05 --> [DEPRECATED] number_format(): Passing null to parameter #1 ($num) of type float is deprecated in APPPATH\Views\data_pesanan\row.php on line 2.
 1 APPPATH\Views\data_pesanan\row.php(2): number_format(null, 2, ',', 'ROOTPATH\\public')
 2 SYSTEMPATH\View\View.php(213): include('APPPATH\\Views\\data_pesanan\\row.php')
 3 SYSTEMPATH\View\View.php(216): CodeIgniter\View\View->CodeIgniter\View\{closure}()
 4 SYSTEMPATH\Common.php(1177): CodeIgniter\View\View->render('data_pesanan/row', [], true)
 5 APPPATH\Controllers\DataPesanan.php(363): view('data_pesanan/row', [...])
 6 SYSTEMPATH\CodeIgniter.php(934): App\Controllers\DataPesanan->laporan()
 7 SYSTEMPATH\CodeIgniter.php(499): CodeIgniter\CodeIgniter->runController(Object(App\Controllers\DataPesanan))
 8 SYSTEMPATH\CodeIgniter.php(368): CodeIgniter\CodeIgniter->handleRequest(null, Object(Config\Cache), false)
 9 FCPATH\index.php(67): CodeIgniter\CodeIgniter->run()
10 SYSTEMPATH\Commands\Server\rewrite.php(47): require_once('FCPATH\\index.php')
WARNING - 2023-05-19 15:02:05 --> [DEPRECATED] number_format(): Passing null to parameter #1 ($num) of type float is deprecated in APPPATH\Views\data_pesanan\row.php on line 2.
 1 APPPATH\Views\data_pesanan\row.php(2): number_format(null, 2, ',', 'ROOTPATH\\public')
 2 SYSTEMPATH\View\View.php(213): include('APPPATH\\Views\\data_pesanan\\row.php')
 3 SYSTEMPATH\View\View.php(216): CodeIgniter\View\View->CodeIgniter\View\{closure}()
 4 SYSTEMPATH\Common.php(1177): CodeIgniter\View\View->render('data_pesanan/row', [], true)
 5 APPPATH\Controllers\DataPesanan.php(363): view('data_pesanan/row', [...])
 6 SYSTEMPATH\CodeIgniter.php(934): App\Controllers\DataPesanan->laporan()
 7 SYSTEMPATH\CodeIgniter.php(499): CodeIgniter\CodeIgniter->runController(Object(App\Controllers\DataPesanan))
 8 SYSTEMPATH\CodeIgniter.php(368): CodeIgniter\CodeIgniter->handleRequest(null, Object(Config\Cache), false)
 9 FCPATH\index.php(67): CodeIgniter\CodeIgniter->run()
10 SYSTEMPATH\Commands\Server\rewrite.php(47): require_once('FCPATH\\index.php')
WARNING - 2023-05-19 15:02:05 --> [DEPRECATED] number_format(): Passing null to parameter #1 ($num) of type float is deprecated in APPPATH\Views\data_pesanan\row.php on line 2.
 1 APPPATH\Views\data_pesanan\row.php(2): number_format(null, 2, ',', 'ROOTPATH\\public')
 2 SYSTEMPATH\View\View.php(213): include('APPPATH\\Views\\data_pesanan\\row.php')
 3 SYSTEMPATH\View\View.php(216): CodeIgniter\View\View->CodeIgniter\View\{closure}()
 4 SYSTEMPATH\Common.php(1177): CodeIgniter\View\View->render('data_pesanan/row', [], true)
 5 APPPATH\Controllers\DataPesanan.php(363): view('data_pesanan/row', [...])
 6 SYSTEMPATH\CodeIgniter.php(934): App\Controllers\DataPesanan->laporan()
 7 SYSTEMPATH\CodeIgniter.php(499): CodeIgniter\CodeIgniter->runController(Object(App\Controllers\DataPesanan))
 8 SYSTEMPATH\CodeIgniter.php(368): CodeIgniter\CodeIgniter->handleRequest(null, Object(Config\Cache), false)
 9 FCPATH\index.php(67): CodeIgniter\CodeIgniter->run()
10 SYSTEMPATH\Commands\Server\rewrite.php(47): require_once('FCPATH\\index.php')
WARNING - 2023-05-19 15:02:05 --> [DEPRECATED] number_format(): Passing null to parameter #1 ($num) of type float is deprecated in APPPATH\Views\data_pesanan\row.php on line 2.
 1 APPPATH\Views\data_pesanan\row.php(2): number_format(null, 2, ',', 'ROOTPATH\\public')
 2 SYSTEMPATH\View\View.php(213): include('APPPATH\\Views\\data_pesanan\\row.php')
 3 SYSTEMPATH\View\View.php(216): CodeIgniter\View\View->CodeIgniter\View\{closure}()
 4 SYSTEMPATH\Common.php(1177): CodeIgniter\View\View->render('data_pesanan/row', [], true)
 5 APPPATH\Controllers\DataPesanan.php(363): view('data_pesanan/row', [...])
 6 SYSTEMPATH\CodeIgniter.php(934): App\Controllers\DataPesanan->laporan()
 7 SYSTEMPATH\CodeIgniter.php(499): CodeIgniter\CodeIgniter->runController(Object(App\Controllers\DataPesanan))
 8 SYSTEMPATH\CodeIgniter.php(368): CodeIgniter\CodeIgniter->handleRequest(null, Object(Config\Cache), false)
 9 FCPATH\index.php(67): CodeIgniter\CodeIgniter->run()
10 SYSTEMPATH\Commands\Server\rewrite.php(47): require_once('FCPATH\\index.php')
