INFO - 2024-01-19 06:09:20 --> Session: Class initialized using 'CodeIgniter\Session\Handlers\FileHandler' driver.
INFO - 2024-01-19 06:09:21 --> Session: Class initialized using 'CodeIgniter\Session\Handlers\FileHandler' driver.
INFO - 2024-01-19 06:10:58 --> Session: Class initialized using 'CodeIgniter\Session\Handlers\FileHandler' driver.
INFO - 2024-01-19 06:10:59 --> Session: Class initialized using 'CodeIgniter\Session\Handlers\FileHandler' driver.
INFO - 2024-01-19 06:11:10 --> Session: Class initialized using 'CodeIgniter\Session\Handlers\FileHandler' driver.
INFO - 2024-01-19 06:29:54 --> Session: Class initialized using 'CodeIgniter\Session\Handlers\FileHandler' driver.
CRITICAL - 2024-01-19 06:29:55 --> Undefined variable $kriteria
in APPPATH\Views\hasil_topsis\nilai_matrix_normalisasi.php on line 45.
 1 APPPATH\Views\hasil_topsis\nilai_matrix_normalisasi.php(45): CodeIgniter\Debug\Exceptions->errorHandler(2, 'Undefined variable $kriteria', 'APPPATH\\Views\\hasil_topsis\\nilai_matrix_normalisasi.php', 45)
 2 SYSTEMPATH\View\View.php(213): include('APPPATH\\Views\\hasil_topsis\\nilai_matrix_normalisasi.php')
 3 SYSTEMPATH\View\View.php(216): CodeIgniter\View\View->CodeIgniter\View\{closure}()
 4 SYSTEMPATH\Common.php(1177): CodeIgniter\View\View->render('hasil_topsis/nilai_matrix_normalisasi', [], true)
 5 APPPATH\Controllers\DataHasil.php(51): view('hasil_topsis/nilai_matrix_normalisasi', [...])
 6 SYSTEMPATH\CodeIgniter.php(934): App\Controllers\DataHasil->normalisasi()
 7 SYSTEMPATH\CodeIgniter.php(499): CodeIgniter\CodeIgniter->runController(Object(App\Controllers\DataHasil))
 8 SYSTEMPATH\CodeIgniter.php(368): CodeIgniter\CodeIgniter->handleRequest(null, Object(Config\Cache), false)
 9 FCPATH\index.php(67): CodeIgniter\CodeIgniter->run()
10 SYSTEMPATH\Commands\Server\rewrite.php(47): require_once('FCPATH\\index.php')
INFO - 2024-01-19 06:30:42 --> Session: Class initialized using 'CodeIgniter\Session\Handlers\FileHandler' driver.
CRITICAL - 2024-01-19 06:30:42 --> Undefined variable $kriteria
in APPPATH\Views\hasil_topsis\nilai_matrix_normalisasi.php on line 45.
 1 APPPATH\Views\hasil_topsis\nilai_matrix_normalisasi.php(45): CodeIgniter\Debug\Exceptions->errorHandler(2, 'Undefined variable $kriteria', 'APPPATH\\Views\\hasil_topsis\\nilai_matrix_normalisasi.php', 45)
 2 SYSTEMPATH\View\View.php(213): include('APPPATH\\Views\\hasil_topsis\\nilai_matrix_normalisasi.php')
 3 SYSTEMPATH\View\View.php(216): CodeIgniter\View\View->CodeIgniter\View\{closure}()
 4 SYSTEMPATH\Common.php(1177): CodeIgniter\View\View->render('hasil_topsis/nilai_matrix_normalisasi', [], true)
 5 APPPATH\Controllers\DataHasil.php(40): view('hasil_topsis/nilai_matrix_normalisasi', [...])
 6 SYSTEMPATH\CodeIgniter.php(934): App\Controllers\DataHasil->normalisasi()
 7 SYSTEMPATH\CodeIgniter.php(499): CodeIgniter\CodeIgniter->runController(Object(App\Controllers\DataHasil))
 8 SYSTEMPATH\CodeIgniter.php(368): CodeIgniter\CodeIgniter->handleRequest(null, Object(Config\Cache), false)
 9 FCPATH\index.php(67): CodeIgniter\CodeIgniter->run()
10 SYSTEMPATH\Commands\Server\rewrite.php(47): require_once('FCPATH\\index.php')
INFO - 2024-01-19 06:31:31 --> Session: Class initialized using 'CodeIgniter\Session\Handlers\FileHandler' driver.
CRITICAL - 2024-01-19 06:31:31 --> Undefined property: CodeIgniter\View\View::$db
in APPPATH\Views\hasil_topsis\nilai_matrix_normalisasi.php on line 48.
 1 APPPATH\Views\hasil_topsis\nilai_matrix_normalisasi.php(48): CodeIgniter\Debug\Exceptions->errorHandler(2, 'Undefined property: CodeIgniter\\View\\View::$db', 'APPPATH\\Views\\hasil_topsis\\nilai_matrix_normalisasi.php', 48)
 2 SYSTEMPATH\View\View.php(213): include('APPPATH\\Views\\hasil_topsis\\nilai_matrix_normalisasi.php')
 3 SYSTEMPATH\View\View.php(216): CodeIgniter\View\View->CodeIgniter\View\{closure}()
 4 SYSTEMPATH\Common.php(1177): CodeIgniter\View\View->render('hasil_topsis/nilai_matrix_normalisasi', [], true)
 5 APPPATH\Controllers\DataHasil.php(51): view('hasil_topsis/nilai_matrix_normalisasi', [...])
 6 SYSTEMPATH\CodeIgniter.php(934): App\Controllers\DataHasil->normalisasi()
 7 SYSTEMPATH\CodeIgniter.php(499): CodeIgniter\CodeIgniter->runController(Object(App\Controllers\DataHasil))
 8 SYSTEMPATH\CodeIgniter.php(368): CodeIgniter\CodeIgniter->handleRequest(null, Object(Config\Cache), false)
 9 FCPATH\index.php(67): CodeIgniter\CodeIgniter->run()
10 SYSTEMPATH\Commands\Server\rewrite.php(47): require_once('FCPATH\\index.php')
INFO - 2024-01-19 06:33:38 --> Session: Class initialized using 'CodeIgniter\Session\Handlers\FileHandler' driver.
ERROR - 2024-01-19 06:33:38 --> mysqli_sql_exception: Table 'topsis3.nilai_matrik' doesn't exist in D:\Data KU\Aplikasi\CI4\topsis4\vendor\codeigniter4\framework\system\Database\MySQLi\Connection.php:295
Stack trace:
#0 D:\Data KU\Aplikasi\CI4\topsis4\vendor\codeigniter4\framework\system\Database\MySQLi\Connection.php(295): mysqli->query('SELECT *\nFROM `...', 0)
#1 D:\Data KU\Aplikasi\CI4\topsis4\vendor\codeigniter4\framework\system\Database\BaseConnection.php(691): CodeIgniter\Database\MySQLi\Connection->execute('SELECT *\nFROM `...')
#2 D:\Data KU\Aplikasi\CI4\topsis4\vendor\codeigniter4\framework\system\Database\BaseConnection.php(605): CodeIgniter\Database\BaseConnection->simpleQuery('SELECT *\nFROM `...')
#3 D:\Data KU\Aplikasi\CI4\topsis4\vendor\codeigniter4\framework\system\Database\BaseBuilder.php(1602): CodeIgniter\Database\BaseConnection->query('SELECT *\nFROM `...', Array, false)
#4 D:\Data KU\Aplikasi\CI4\topsis4\app\Views\hasil_topsis\nilai_matrix_normalisasi.php(52): CodeIgniter\Database\BaseBuilder->get()
#5 D:\Data KU\Aplikasi\CI4\topsis4\vendor\codeigniter4\framework\system\View\View.php(213): include('D:\\Data KU\\Apli...')
#6 D:\Data KU\Aplikasi\CI4\topsis4\vendor\codeigniter4\framework\system\View\View.php(216): CodeIgniter\View\View->CodeIgniter\View\{closure}()
#7 D:\Data KU\Aplikasi\CI4\topsis4\vendor\codeigniter4\framework\system\Common.php(1177): CodeIgniter\View\View->render('hasil_topsis/ni...', Array, true)
#8 D:\Data KU\Aplikasi\CI4\topsis4\app\Controllers\DataHasil.php(52): view('hasil_topsis/ni...', Array)
#9 D:\Data KU\Aplikasi\CI4\topsis4\vendor\codeigniter4\framework\system\CodeIgniter.php(934): App\Controllers\DataHasil->normalisasi()
#10 D:\Data KU\Aplikasi\CI4\topsis4\vendor\codeigniter4\framework\system\CodeIgniter.php(499): CodeIgniter\CodeIgniter->runController(Object(App\Controllers\DataHasil))
#11 D:\Data KU\Aplikasi\CI4\topsis4\vendor\codeigniter4\framework\system\CodeIgniter.php(368): CodeIgniter\CodeIgniter->handleRequest(NULL, Object(Config\Cache), false)
#12 D:\Data KU\Aplikasi\CI4\topsis4\public\index.php(67): CodeIgniter\CodeIgniter->run()
#13 D:\Data KU\Aplikasi\CI4\topsis4\vendor\codeigniter4\framework\system\Commands\Server\rewrite.php(47): require_once('D:\\Data KU\\Apli...')
#14 {main}
CRITICAL - 2024-01-19 06:33:38 --> Table 'topsis3.nilai_matrik' doesn't exist
in SYSTEMPATH\Database\BaseConnection.php on line 645.
 1 SYSTEMPATH\Database\BaseBuilder.php(1602): CodeIgniter\Database\BaseConnection->query('SELECT *
FROM `nilai_matrik`
WHERE `id_alternatif` = :id_alternatif:
AND `id_kriteria` = :id_kriteria:', [...], false)
 2 APPPATH\Views\hasil_topsis\nilai_matrix_normalisasi.php(52): CodeIgniter\Database\BaseBuilder->get()
 3 SYSTEMPATH\View\View.php(213): include('APPPATH\\Views\\hasil_topsis\\nilai_matrix_normalisasi.php')
 4 SYSTEMPATH\View\View.php(216): CodeIgniter\View\View->CodeIgniter\View\{closure}()
 5 SYSTEMPATH\Common.php(1177): CodeIgniter\View\View->render('hasil_topsis/nilai_matrix_normalisasi', [], true)
 6 APPPATH\Controllers\DataHasil.php(52): view('hasil_topsis/nilai_matrix_normalisasi', [...])
 7 SYSTEMPATH\CodeIgniter.php(934): App\Controllers\DataHasil->normalisasi()
 8 SYSTEMPATH\CodeIgniter.php(499): CodeIgniter\CodeIgniter->runController(Object(App\Controllers\DataHasil))
 9 SYSTEMPATH\CodeIgniter.php(368): CodeIgniter\CodeIgniter->handleRequest(null, Object(Config\Cache), false)
10 FCPATH\index.php(67): CodeIgniter\CodeIgniter->run()
11 SYSTEMPATH\Commands\Server\rewrite.php(47): require_once('FCPATH\\index.php')
INFO - 2024-01-19 06:34:34 --> Session: Class initialized using 'CodeIgniter\Session\Handlers\FileHandler' driver.
INFO - 2024-01-19 06:38:36 --> Session: Class initialized using 'CodeIgniter\Session\Handlers\FileHandler' driver.
CRITICAL - 2024-01-19 06:38:36 --> Call to undefined method App\Models\DataKriteriaModel::getAlternatif
in SYSTEMPATH\Model.php on line 841.
 1 APPPATH\Controllers\DataHasil.php(41): CodeIgniter\Model->__call('getAlternatif', [])
 2 SYSTEMPATH\CodeIgniter.php(934): App\Controllers\DataHasil->normalisasi()
 3 SYSTEMPATH\CodeIgniter.php(499): CodeIgniter\CodeIgniter->runController(Object(App\Controllers\DataHasil))
 4 SYSTEMPATH\CodeIgniter.php(368): CodeIgniter\CodeIgniter->handleRequest(null, Object(Config\Cache), false)
 5 FCPATH\index.php(67): CodeIgniter\CodeIgniter->run()
 6 SYSTEMPATH\Commands\Server\rewrite.php(47): require_once('FCPATH\\index.php')
INFO - 2024-01-19 06:38:53 --> Session: Class initialized using 'CodeIgniter\Session\Handlers\FileHandler' driver.
INFO - 2024-01-19 06:43:01 --> Session: Class initialized using 'CodeIgniter\Session\Handlers\FileHandler' driver.
INFO - 2024-01-19 06:43:03 --> Session: Class initialized using 'CodeIgniter\Session\Handlers\FileHandler' driver.
INFO - 2024-01-19 06:43:06 --> Session: Class initialized using 'CodeIgniter\Session\Handlers\FileHandler' driver.
INFO - 2024-01-19 07:00:03 --> Session: Class initialized using 'CodeIgniter\Session\Handlers\FileHandler' driver.
CRITICAL - 2024-01-19 07:00:03 --> Undefined array key "nm_alternatif"
in APPPATH\Views\hasil_topsis\nilai_bobot_normalisasi.php on line 48.
 1 APPPATH\Views\hasil_topsis\nilai_bobot_normalisasi.php(48): CodeIgniter\Debug\Exceptions->errorHandler(2, 'Undefined array key "nm_alternatif"', 'APPPATH\\Views\\hasil_topsis\\nilai_bobot_normalisasi.php', 48)
 2 SYSTEMPATH\View\View.php(213): include('APPPATH\\Views\\hasil_topsis\\nilai_bobot_normalisasi.php')
 3 SYSTEMPATH\View\View.php(216): CodeIgniter\View\View->CodeIgniter\View\{closure}()
 4 SYSTEMPATH\Common.php(1177): CodeIgniter\View\View->render('hasil_topsis/nilai_bobot_normalisasi', [], true)
 5 APPPATH\Controllers\DataHasil.php(65): view('hasil_topsis/nilai_bobot_normalisasi', [...])
 6 SYSTEMPATH\CodeIgniter.php(934): App\Controllers\DataHasil->bobot()
 7 SYSTEMPATH\CodeIgniter.php(499): CodeIgniter\CodeIgniter->runController(Object(App\Controllers\DataHasil))
 8 SYSTEMPATH\CodeIgniter.php(368): CodeIgniter\CodeIgniter->handleRequest(null, Object(Config\Cache), false)
 9 FCPATH\index.php(67): CodeIgniter\CodeIgniter->run()
10 SYSTEMPATH\Commands\Server\rewrite.php(47): require_once('FCPATH\\index.php')
INFO - 2024-01-19 07:00:22 --> Session: Class initialized using 'CodeIgniter\Session\Handlers\FileHandler' driver.
CRITICAL - 2024-01-19 07:00:22 --> Undefined variable $model
in APPPATH\Views\hasil_topsis\nilai_bobot_normalisasi.php on line 51.
 1 APPPATH\Views\hasil_topsis\nilai_bobot_normalisasi.php(51): CodeIgniter\Debug\Exceptions->errorHandler(2, 'Undefined variable $model', 'APPPATH\\Views\\hasil_topsis\\nilai_bobot_normalisasi.php', 51)
 2 SYSTEMPATH\View\View.php(213): include('APPPATH\\Views\\hasil_topsis\\nilai_bobot_normalisasi.php')
 3 SYSTEMPATH\View\View.php(216): CodeIgniter\View\View->CodeIgniter\View\{closure}()
 4 SYSTEMPATH\Common.php(1177): CodeIgniter\View\View->render('hasil_topsis/nilai_bobot_normalisasi', [], true)
 5 APPPATH\Controllers\DataHasil.php(65): view('hasil_topsis/nilai_bobot_normalisasi', [...])
 6 SYSTEMPATH\CodeIgniter.php(934): App\Controllers\DataHasil->bobot()
 7 SYSTEMPATH\CodeIgniter.php(499): CodeIgniter\CodeIgniter->runController(Object(App\Controllers\DataHasil))
 8 SYSTEMPATH\CodeIgniter.php(368): CodeIgniter\CodeIgniter->handleRequest(null, Object(Config\Cache), false)
 9 FCPATH\index.php(67): CodeIgniter\CodeIgniter->run()
10 SYSTEMPATH\Commands\Server\rewrite.php(47): require_once('FCPATH\\index.php')
INFO - 2024-01-19 07:02:19 --> Session: Class initialized using 'CodeIgniter\Session\Handlers\FileHandler' driver.
CRITICAL - 2024-01-19 07:02:20 --> Undefined property: CodeIgniter\View\View::$datamatrixModel
in APPPATH\Views\hasil_topsis\nilai_bobot_normalisasi.php on line 51.
 1 APPPATH\Views\hasil_topsis\nilai_bobot_normalisasi.php(51): CodeIgniter\Debug\Exceptions->errorHandler(2, 'Undefined property: CodeIgniter\\View\\View::$datamatrixModel', 'APPPATH\\Views\\hasil_topsis\\nilai_bobot_normalisasi.php', 51)
 2 SYSTEMPATH\View\View.php(213): include('APPPATH\\Views\\hasil_topsis\\nilai_bobot_normalisasi.php')
 3 SYSTEMPATH\View\View.php(216): CodeIgniter\View\View->CodeIgniter\View\{closure}()
 4 SYSTEMPATH\Common.php(1177): CodeIgniter\View\View->render('hasil_topsis/nilai_bobot_normalisasi', [], true)
 5 APPPATH\Controllers\DataHasil.php(65): view('hasil_topsis/nilai_bobot_normalisasi', [...])
 6 SYSTEMPATH\CodeIgniter.php(934): App\Controllers\DataHasil->bobot()
 7 SYSTEMPATH\CodeIgniter.php(499): CodeIgniter\CodeIgniter->runController(Object(App\Controllers\DataHasil))
 8 SYSTEMPATH\CodeIgniter.php(368): CodeIgniter\CodeIgniter->handleRequest(null, Object(Config\Cache), false)
 9 FCPATH\index.php(67): CodeIgniter\CodeIgniter->run()
10 SYSTEMPATH\Commands\Server\rewrite.php(47): require_once('FCPATH\\index.php')
INFO - 2024-01-19 07:04:59 --> Session: Class initialized using 'CodeIgniter\Session\Handlers\FileHandler' driver.
CRITICAL - 2024-01-19 07:04:59 --> Call to undefined method App\Models\DataMatrixModel::getNilaiMatrik
in SYSTEMPATH\Model.php on line 841.
 1 APPPATH\Views\hasil_topsis\nilai_bobot_normalisasi.php(51): CodeIgniter\Model->__call('getNilaiMatrik', [...])
 2 SYSTEMPATH\View\View.php(213): include('APPPATH\\Views\\hasil_topsis\\nilai_bobot_normalisasi.php')
 3 SYSTEMPATH\View\View.php(216): CodeIgniter\View\View->CodeIgniter\View\{closure}()
 4 SYSTEMPATH\Common.php(1177): CodeIgniter\View\View->render('hasil_topsis/nilai_bobot_normalisasi', [], true)
 5 APPPATH\Controllers\DataHasil.php(67): view('hasil_topsis/nilai_bobot_normalisasi', [...])
 6 SYSTEMPATH\CodeIgniter.php(934): App\Controllers\DataHasil->bobot()
 7 SYSTEMPATH\CodeIgniter.php(499): CodeIgniter\CodeIgniter->runController(Object(App\Controllers\DataHasil))
 8 SYSTEMPATH\CodeIgniter.php(368): CodeIgniter\CodeIgniter->handleRequest(null, Object(Config\Cache), false)
 9 FCPATH\index.php(67): CodeIgniter\CodeIgniter->run()
10 SYSTEMPATH\Commands\Server\rewrite.php(47): require_once('FCPATH\\index.php')
INFO - 2024-01-19 07:05:40 --> Session: Class initialized using 'CodeIgniter\Session\Handlers\FileHandler' driver.
ERROR - 2024-01-19 07:05:40 --> mysqli_sql_exception: Unknown column 'id_matrik' in 'order clause' in D:\Data KU\Aplikasi\CI4\topsis4\vendor\codeigniter4\framework\system\Database\MySQLi\Connection.php:295
Stack trace:
#0 D:\Data KU\Aplikasi\CI4\topsis4\vendor\codeigniter4\framework\system\Database\MySQLi\Connection.php(295): mysqli->query('SELECT *\nFROM `...', 0)
#1 D:\Data KU\Aplikasi\CI4\topsis4\vendor\codeigniter4\framework\system\Database\BaseConnection.php(691): CodeIgniter\Database\MySQLi\Connection->execute('SELECT *\nFROM `...')
#2 D:\Data KU\Aplikasi\CI4\topsis4\vendor\codeigniter4\framework\system\Database\BaseConnection.php(605): CodeIgniter\Database\BaseConnection->simpleQuery('SELECT *\nFROM `...')
#3 D:\Data KU\Aplikasi\CI4\topsis4\vendor\codeigniter4\framework\system\Database\BaseBuilder.php(1602): CodeIgniter\Database\BaseConnection->query('SELECT *\nFROM `...', Array, false)
#4 D:\Data KU\Aplikasi\CI4\topsis4\app\Models\DataMatrixModel.php(67): CodeIgniter\Database\BaseBuilder->get()
#5 D:\Data KU\Aplikasi\CI4\topsis4\app\Views\hasil_topsis\nilai_bobot_normalisasi.php(51): App\Models\DataMatrixModel->getNilaiMatrix('10')
#6 D:\Data KU\Aplikasi\CI4\topsis4\vendor\codeigniter4\framework\system\View\View.php(213): include('D:\\Data KU\\Apli...')
#7 D:\Data KU\Aplikasi\CI4\topsis4\vendor\codeigniter4\framework\system\View\View.php(216): CodeIgniter\View\View->CodeIgniter\View\{closure}()
#8 D:\Data KU\Aplikasi\CI4\topsis4\vendor\codeigniter4\framework\system\Common.php(1177): CodeIgniter\View\View->render('hasil_topsis/ni...', Array, true)
#9 D:\Data KU\Aplikasi\CI4\topsis4\app\Controllers\DataHasil.php(67): view('hasil_topsis/ni...', Array)
#10 D:\Data KU\Aplikasi\CI4\topsis4\vendor\codeigniter4\framework\system\CodeIgniter.php(934): App\Controllers\DataHasil->bobot()
#11 D:\Data KU\Aplikasi\CI4\topsis4\vendor\codeigniter4\framework\system\CodeIgniter.php(499): CodeIgniter\CodeIgniter->runController(Object(App\Controllers\DataHasil))
#12 D:\Data KU\Aplikasi\CI4\topsis4\vendor\codeigniter4\framework\system\CodeIgniter.php(368): CodeIgniter\CodeIgniter->handleRequest(NULL, Object(Config\Cache), false)
#13 D:\Data KU\Aplikasi\CI4\topsis4\public\index.php(67): CodeIgniter\CodeIgniter->run()
#14 D:\Data KU\Aplikasi\CI4\topsis4\vendor\codeigniter4\framework\system\Commands\Server\rewrite.php(47): require_once('D:\\Data KU\\Apli...')
#15 {main}
CRITICAL - 2024-01-19 07:05:40 --> Unknown column 'id_matrik' in 'order clause'
in SYSTEMPATH\Database\BaseConnection.php on line 645.
 1 SYSTEMPATH\Database\BaseBuilder.php(1602): CodeIgniter\Database\BaseConnection->query('SELECT *
FROM `nilai_matrix`
WHERE `id_alternatif` = :id_alternatif:
ORDER BY `id_matrik` ASC', [...], false)
 2 APPPATH\Models\DataMatrixModel.php(67): CodeIgniter\Database\BaseBuilder->get()
 3 APPPATH\Views\hasil_topsis\nilai_bobot_normalisasi.php(51): App\Models\DataMatrixModel->getNilaiMatrix('10')
 4 SYSTEMPATH\View\View.php(213): include('APPPATH\\Views\\hasil_topsis\\nilai_bobot_normalisasi.php')
 5 SYSTEMPATH\View\View.php(216): CodeIgniter\View\View->CodeIgniter\View\{closure}()
 6 SYSTEMPATH\Common.php(1177): CodeIgniter\View\View->render('hasil_topsis/nilai_bobot_normalisasi', [], true)
 7 APPPATH\Controllers\DataHasil.php(67): view('hasil_topsis/nilai_bobot_normalisasi', [...])
 8 SYSTEMPATH\CodeIgniter.php(934): App\Controllers\DataHasil->bobot()
 9 SYSTEMPATH\CodeIgniter.php(499): CodeIgniter\CodeIgniter->runController(Object(App\Controllers\DataHasil))
10 SYSTEMPATH\CodeIgniter.php(368): CodeIgniter\CodeIgniter->handleRequest(null, Object(Config\Cache), false)
11 FCPATH\index.php(67): CodeIgniter\CodeIgniter->run()
12 SYSTEMPATH\Commands\Server\rewrite.php(47): require_once('FCPATH\\index.php')
INFO - 2024-01-19 07:06:21 --> Session: Class initialized using 'CodeIgniter\Session\Handlers\FileHandler' driver.
CRITICAL - 2024-01-19 07:06:21 --> Undefined property: CodeIgniter\View\View::$matrixmodel
in APPPATH\Views\hasil_topsis\nilai_bobot_normalisasi.php on line 62.
 1 APPPATH\Views\hasil_topsis\nilai_bobot_normalisasi.php(62): CodeIgniter\Debug\Exceptions->errorHandler(2, 'Undefined property: CodeIgniter\\View\\View::$matrixmodel', 'APPPATH\\Views\\hasil_topsis\\nilai_bobot_normalisasi.php', 62)
 2 SYSTEMPATH\View\View.php(213): include('APPPATH\\Views\\hasil_topsis\\nilai_bobot_normalisasi.php')
 3 SYSTEMPATH\View\View.php(216): CodeIgniter\View\View->CodeIgniter\View\{closure}()
 4 SYSTEMPATH\Common.php(1177): CodeIgniter\View\View->render('hasil_topsis/nilai_bobot_normalisasi', [], true)
 5 APPPATH\Controllers\DataHasil.php(67): view('hasil_topsis/nilai_bobot_normalisasi', [...])
 6 SYSTEMPATH\CodeIgniter.php(934): App\Controllers\DataHasil->bobot()
 7 SYSTEMPATH\CodeIgniter.php(499): CodeIgniter\CodeIgniter->runController(Object(App\Controllers\DataHasil))
 8 SYSTEMPATH\CodeIgniter.php(368): CodeIgniter\CodeIgniter->handleRequest(null, Object(Config\Cache), false)
 9 FCPATH\index.php(67): CodeIgniter\CodeIgniter->run()
10 SYSTEMPATH\Commands\Server\rewrite.php(47): require_once('FCPATH\\index.php')
INFO - 2024-01-19 07:06:46 --> Session: Class initialized using 'CodeIgniter\Session\Handlers\FileHandler' driver.
CRITICAL - 2024-01-19 07:06:46 --> Division by zero
in APPPATH\Views\hasil_topsis\nilai_bobot_normalisasi.php on line 70.
 1 SYSTEMPATH\View\View.php(213): include()
 2 SYSTEMPATH\View\View.php(216): CodeIgniter\View\View->CodeIgniter\View\{closure}()
 3 SYSTEMPATH\Common.php(1177): CodeIgniter\View\View->render('hasil_topsis/nilai_bobot_normalisasi', [], true)
 4 APPPATH\Controllers\DataHasil.php(67): view('hasil_topsis/nilai_bobot_normalisasi', [...])
 5 SYSTEMPATH\CodeIgniter.php(934): App\Controllers\DataHasil->bobot()
 6 SYSTEMPATH\CodeIgniter.php(499): CodeIgniter\CodeIgniter->runController(Object(App\Controllers\DataHasil))
 7 SYSTEMPATH\CodeIgniter.php(368): CodeIgniter\CodeIgniter->handleRequest(null, Object(Config\Cache), false)
 8 FCPATH\index.php(67): CodeIgniter\CodeIgniter->run()
 9 SYSTEMPATH\Commands\Server\rewrite.php(47): require_once('FCPATH\\index.php')
INFO - 2024-01-19 07:09:05 --> Session: Class initialized using 'CodeIgniter\Session\Handlers\FileHandler' driver.
CRITICAL - 2024-01-19 07:09:05 --> Division by zero
in APPPATH\Views\hasil_topsis\nilai_bobot_normalisasi.php on line 70.
 1 SYSTEMPATH\View\View.php(213): include()
 2 SYSTEMPATH\View\View.php(216): CodeIgniter\View\View->CodeIgniter\View\{closure}()
 3 SYSTEMPATH\Common.php(1177): CodeIgniter\View\View->render('hasil_topsis/nilai_bobot_normalisasi', [], true)
 4 APPPATH\Controllers\DataHasil.php(67): view('hasil_topsis/nilai_bobot_normalisasi', [...])
 5 SYSTEMPATH\CodeIgniter.php(934): App\Controllers\DataHasil->bobot()
 6 SYSTEMPATH\CodeIgniter.php(499): CodeIgniter\CodeIgniter->runController(Object(App\Controllers\DataHasil))
 7 SYSTEMPATH\CodeIgniter.php(368): CodeIgniter\CodeIgniter->handleRequest(null, Object(Config\Cache), false)
 8 FCPATH\index.php(67): CodeIgniter\CodeIgniter->run()
 9 SYSTEMPATH\Commands\Server\rewrite.php(47): require_once('FCPATH\\index.php')
INFO - 2024-01-19 07:09:16 --> Session: Class initialized using 'CodeIgniter\Session\Handlers\FileHandler' driver.
CRITICAL - 2024-01-19 07:09:16 --> Undefined array key "bobot"
in APPPATH\Views\hasil_topsis\nilai_bobot_normalisasi.php on line 68.
 1 APPPATH\Views\hasil_topsis\nilai_bobot_normalisasi.php(68): CodeIgniter\Debug\Exceptions->errorHandler(2, 'Undefined array key "bobot"', 'APPPATH\\Views\\hasil_topsis\\nilai_bobot_normalisasi.php', 68)
 2 SYSTEMPATH\View\View.php(213): include('APPPATH\\Views\\hasil_topsis\\nilai_bobot_normalisasi.php')
 3 SYSTEMPATH\View\View.php(216): CodeIgniter\View\View->CodeIgniter\View\{closure}()
 4 SYSTEMPATH\Common.php(1177): CodeIgniter\View\View->render('hasil_topsis/nilai_bobot_normalisasi', [], true)
 5 APPPATH\Controllers\DataHasil.php(67): view('hasil_topsis/nilai_bobot_normalisasi', [...])
 6 SYSTEMPATH\CodeIgniter.php(934): App\Controllers\DataHasil->bobot()
 7 SYSTEMPATH\CodeIgniter.php(499): CodeIgniter\CodeIgniter->runController(Object(App\Controllers\DataHasil))
 8 SYSTEMPATH\CodeIgniter.php(368): CodeIgniter\CodeIgniter->handleRequest(null, Object(Config\Cache), false)
 9 FCPATH\index.php(67): CodeIgniter\CodeIgniter->run()
10 SYSTEMPATH\Commands\Server\rewrite.php(47): require_once('FCPATH\\index.php')
INFO - 2024-01-19 07:17:18 --> Session: Class initialized using 'CodeIgniter\Session\Handlers\FileHandler' driver.
INFO - 2024-01-19 07:19:20 --> Session: Class initialized using 'CodeIgniter\Session\Handlers\FileHandler' driver.
CRITICAL - 2024-01-19 07:19:20 --> Undefined array key "bobot"
in APPPATH\Views\hasil_topsis\nilai_bobot_normalisasi.php on line 68.
 1 APPPATH\Views\hasil_topsis\nilai_bobot_normalisasi.php(68): CodeIgniter\Debug\Exceptions->errorHandler(2, 'Undefined array key "bobot"', 'APPPATH\\Views\\hasil_topsis\\nilai_bobot_normalisasi.php', 68)
 2 SYSTEMPATH\View\View.php(213): include('APPPATH\\Views\\hasil_topsis\\nilai_bobot_normalisasi.php')
 3 SYSTEMPATH\View\View.php(216): CodeIgniter\View\View->CodeIgniter\View\{closure}()
 4 SYSTEMPATH\Common.php(1177): CodeIgniter\View\View->render('hasil_topsis/nilai_bobot_normalisasi', [], true)
 5 APPPATH\Controllers\DataHasil.php(67): view('hasil_topsis/nilai_bobot_normalisasi', [...])
 6 SYSTEMPATH\CodeIgniter.php(934): App\Controllers\DataHasil->bobot()
 7 SYSTEMPATH\CodeIgniter.php(499): CodeIgniter\CodeIgniter->runController(Object(App\Controllers\DataHasil))
 8 SYSTEMPATH\CodeIgniter.php(368): CodeIgniter\CodeIgniter->handleRequest(null, Object(Config\Cache), false)
 9 FCPATH\index.php(67): CodeIgniter\CodeIgniter->run()
10 SYSTEMPATH\Commands\Server\rewrite.php(47): require_once('FCPATH\\index.php')
INFO - 2024-01-19 07:24:05 --> Session: Class initialized using 'CodeIgniter\Session\Handlers\FileHandler' driver.
CRITICAL - 2024-01-19 07:24:05 --> Undefined array key "bobot"
in APPPATH\Views\hasil_topsis\nilai_bobot_normalisasi.php on line 68.
 1 APPPATH\Views\hasil_topsis\nilai_bobot_normalisasi.php(68): CodeIgniter\Debug\Exceptions->errorHandler(2, 'Undefined array key "bobot"', 'APPPATH\\Views\\hasil_topsis\\nilai_bobot_normalisasi.php', 68)
 2 SYSTEMPATH\View\View.php(213): include('APPPATH\\Views\\hasil_topsis\\nilai_bobot_normalisasi.php')
 3 SYSTEMPATH\View\View.php(216): CodeIgniter\View\View->CodeIgniter\View\{closure}()
 4 SYSTEMPATH\Common.php(1177): CodeIgniter\View\View->render('hasil_topsis/nilai_bobot_normalisasi', [], true)
 5 APPPATH\Controllers\DataHasil.php(67): view('hasil_topsis/nilai_bobot_normalisasi', [...])
 6 SYSTEMPATH\CodeIgniter.php(934): App\Controllers\DataHasil->bobot()
 7 SYSTEMPATH\CodeIgniter.php(499): CodeIgniter\CodeIgniter->runController(Object(App\Controllers\DataHasil))
 8 SYSTEMPATH\CodeIgniter.php(368): CodeIgniter\CodeIgniter->handleRequest(null, Object(Config\Cache), false)
 9 FCPATH\index.php(67): CodeIgniter\CodeIgniter->run()
10 SYSTEMPATH\Commands\Server\rewrite.php(47): require_once('FCPATH\\index.php')
INFO - 2024-01-19 07:27:51 --> Session: Class initialized using 'CodeIgniter\Session\Handlers\FileHandler' driver.
INFO - 2024-01-19 07:28:47 --> Session: Class initialized using 'CodeIgniter\Session\Handlers\FileHandler' driver.
INFO - 2024-01-19 07:29:08 --> Session: Class initialized using 'CodeIgniter\Session\Handlers\FileHandler' driver.
INFO - 2024-01-19 07:30:57 --> Session: Class initialized using 'CodeIgniter\Session\Handlers\FileHandler' driver.
INFO - 2024-01-19 07:31:55 --> Session: Class initialized using 'CodeIgniter\Session\Handlers\FileHandler' driver.
CRITICAL - 2024-01-19 07:31:56 --> Division by zero
in APPPATH\Views\hasil_topsis\nilai_bobot_normalisasi.php on line 70.
 1 SYSTEMPATH\View\View.php(213): include()
 2 SYSTEMPATH\View\View.php(216): CodeIgniter\View\View->CodeIgniter\View\{closure}()
 3 SYSTEMPATH\Common.php(1177): CodeIgniter\View\View->render('hasil_topsis/nilai_bobot_normalisasi', [], true)
 4 APPPATH\Controllers\DataHasil.php(67): view('hasil_topsis/nilai_bobot_normalisasi', [...])
 5 SYSTEMPATH\CodeIgniter.php(934): App\Controllers\DataHasil->bobot()
 6 SYSTEMPATH\CodeIgniter.php(499): CodeIgniter\CodeIgniter->runController(Object(App\Controllers\DataHasil))
 7 SYSTEMPATH\CodeIgniter.php(368): CodeIgniter\CodeIgniter->handleRequest(null, Object(Config\Cache), false)
 8 FCPATH\index.php(67): CodeIgniter\CodeIgniter->run()
 9 SYSTEMPATH\Commands\Server\rewrite.php(47): require_once('FCPATH\\index.php')
INFO - 2024-01-19 07:32:23 --> Session: Class initialized using 'CodeIgniter\Session\Handlers\FileHandler' driver.
CRITICAL - 2024-01-19 07:32:23 --> Division by zero
in APPPATH\Views\hasil_topsis\nilai_bobot_normalisasi.php on line 70.
 1 SYSTEMPATH\View\View.php(213): include()
 2 SYSTEMPATH\View\View.php(216): CodeIgniter\View\View->CodeIgniter\View\{closure}()
 3 SYSTEMPATH\Common.php(1177): CodeIgniter\View\View->render('hasil_topsis/nilai_bobot_normalisasi', [], true)
 4 APPPATH\Controllers\DataHasil.php(67): view('hasil_topsis/nilai_bobot_normalisasi', [...])
 5 SYSTEMPATH\CodeIgniter.php(934): App\Controllers\DataHasil->bobot()
 6 SYSTEMPATH\CodeIgniter.php(499): CodeIgniter\CodeIgniter->runController(Object(App\Controllers\DataHasil))
 7 SYSTEMPATH\CodeIgniter.php(368): CodeIgniter\CodeIgniter->handleRequest(null, Object(Config\Cache), false)
 8 FCPATH\index.php(67): CodeIgniter\CodeIgniter->run()
 9 SYSTEMPATH\Commands\Server\rewrite.php(47): require_once('FCPATH\\index.php')
INFO - 2024-01-19 07:32:36 --> Session: Class initialized using 'CodeIgniter\Session\Handlers\FileHandler' driver.
CRITICAL - 2024-01-19 07:32:36 --> Division by zero
in APPPATH\Views\hasil_topsis\nilai_bobot_normalisasi.php on line 70.
 1 SYSTEMPATH\View\View.php(213): include()
 2 SYSTEMPATH\View\View.php(216): CodeIgniter\View\View->CodeIgniter\View\{closure}()
 3 SYSTEMPATH\Common.php(1177): CodeIgniter\View\View->render('hasil_topsis/nilai_bobot_normalisasi', [], true)
 4 APPPATH\Controllers\DataHasil.php(67): view('hasil_topsis/nilai_bobot_normalisasi', [...])
 5 SYSTEMPATH\CodeIgniter.php(934): App\Controllers\DataHasil->bobot()
 6 SYSTEMPATH\CodeIgniter.php(499): CodeIgniter\CodeIgniter->runController(Object(App\Controllers\DataHasil))
 7 SYSTEMPATH\CodeIgniter.php(368): CodeIgniter\CodeIgniter->handleRequest(null, Object(Config\Cache), false)
 8 FCPATH\index.php(67): CodeIgniter\CodeIgniter->run()
 9 SYSTEMPATH\Commands\Server\rewrite.php(47): require_once('FCPATH\\index.php')
INFO - 2024-01-19 07:32:44 --> Session: Class initialized using 'CodeIgniter\Session\Handlers\FileHandler' driver.
CRITICAL - 2024-01-19 07:32:44 --> Undefined array key "bobot"
in APPPATH\Views\hasil_topsis\nilai_bobot_normalisasi.php on line 68.
 1 APPPATH\Views\hasil_topsis\nilai_bobot_normalisasi.php(68): CodeIgniter\Debug\Exceptions->errorHandler(2, 'Undefined array key "bobot"', 'APPPATH\\Views\\hasil_topsis\\nilai_bobot_normalisasi.php', 68)
 2 SYSTEMPATH\View\View.php(213): include('APPPATH\\Views\\hasil_topsis\\nilai_bobot_normalisasi.php')
 3 SYSTEMPATH\View\View.php(216): CodeIgniter\View\View->CodeIgniter\View\{closure}()
 4 SYSTEMPATH\Common.php(1177): CodeIgniter\View\View->render('hasil_topsis/nilai_bobot_normalisasi', [], true)
 5 APPPATH\Controllers\DataHasil.php(67): view('hasil_topsis/nilai_bobot_normalisasi', [...])
 6 SYSTEMPATH\CodeIgniter.php(934): App\Controllers\DataHasil->bobot()
 7 SYSTEMPATH\CodeIgniter.php(499): CodeIgniter\CodeIgniter->runController(Object(App\Controllers\DataHasil))
 8 SYSTEMPATH\CodeIgniter.php(368): CodeIgniter\CodeIgniter->handleRequest(null, Object(Config\Cache), false)
 9 FCPATH\index.php(67): CodeIgniter\CodeIgniter->run()
10 SYSTEMPATH\Commands\Server\rewrite.php(47): require_once('FCPATH\\index.php')
INFO - 2024-01-19 07:33:45 --> Session: Class initialized using 'CodeIgniter\Session\Handlers\FileHandler' driver.
INFO - 2024-01-19 07:34:14 --> Session: Class initialized using 'CodeIgniter\Session\Handlers\FileHandler' driver.
CRITICAL - 2024-01-19 07:34:14 --> Division by zero
in APPPATH\Views\hasil_topsis\nilai_bobot_normalisasi.php on line 70.
 1 SYSTEMPATH\View\View.php(213): include()
 2 SYSTEMPATH\View\View.php(216): CodeIgniter\View\View->CodeIgniter\View\{closure}()
 3 SYSTEMPATH\Common.php(1177): CodeIgniter\View\View->render('hasil_topsis/nilai_bobot_normalisasi', [], true)
 4 APPPATH\Controllers\DataHasil.php(67): view('hasil_topsis/nilai_bobot_normalisasi', [...])
 5 SYSTEMPATH\CodeIgniter.php(934): App\Controllers\DataHasil->bobot()
 6 SYSTEMPATH\CodeIgniter.php(499): CodeIgniter\CodeIgniter->runController(Object(App\Controllers\DataHasil))
 7 SYSTEMPATH\CodeIgniter.php(368): CodeIgniter\CodeIgniter->handleRequest(null, Object(Config\Cache), false)
 8 FCPATH\index.php(67): CodeIgniter\CodeIgniter->run()
 9 SYSTEMPATH\Commands\Server\rewrite.php(47): require_once('FCPATH\\index.php')
INFO - 2024-01-19 07:34:49 --> Session: Class initialized using 'CodeIgniter\Session\Handlers\FileHandler' driver.
CRITICAL - 2024-01-19 07:34:49 --> Division by zero
in APPPATH\Views\hasil_topsis\nilai_bobot_normalisasi.php on line 70.
 1 SYSTEMPATH\View\View.php(213): include()
 2 SYSTEMPATH\View\View.php(216): CodeIgniter\View\View->CodeIgniter\View\{closure}()
 3 SYSTEMPATH\Common.php(1177): CodeIgniter\View\View->render('hasil_topsis/nilai_bobot_normalisasi', [], true)
 4 APPPATH\Controllers\DataHasil.php(67): view('hasil_topsis/nilai_bobot_normalisasi', [...])
 5 SYSTEMPATH\CodeIgniter.php(934): App\Controllers\DataHasil->bobot()
 6 SYSTEMPATH\CodeIgniter.php(499): CodeIgniter\CodeIgniter->runController(Object(App\Controllers\DataHasil))
 7 SYSTEMPATH\CodeIgniter.php(368): CodeIgniter\CodeIgniter->handleRequest(null, Object(Config\Cache), false)
 8 FCPATH\index.php(67): CodeIgniter\CodeIgniter->run()
 9 SYSTEMPATH\Commands\Server\rewrite.php(47): require_once('FCPATH\\index.php')
INFO - 2024-01-19 07:35:06 --> Session: Class initialized using 'CodeIgniter\Session\Handlers\FileHandler' driver.
CRITICAL - 2024-01-19 07:35:06 --> Division by zero
in APPPATH\Views\hasil_topsis\nilai_bobot_normalisasi.php on line 70.
 1 SYSTEMPATH\View\View.php(213): include()
 2 SYSTEMPATH\View\View.php(216): CodeIgniter\View\View->CodeIgniter\View\{closure}()
 3 SYSTEMPATH\Common.php(1177): CodeIgniter\View\View->render('hasil_topsis/nilai_bobot_normalisasi', [], true)
 4 APPPATH\Controllers\DataHasil.php(67): view('hasil_topsis/nilai_bobot_normalisasi', [...])
 5 SYSTEMPATH\CodeIgniter.php(934): App\Controllers\DataHasil->bobot()
 6 SYSTEMPATH\CodeIgniter.php(499): CodeIgniter\CodeIgniter->runController(Object(App\Controllers\DataHasil))
 7 SYSTEMPATH\CodeIgniter.php(368): CodeIgniter\CodeIgniter->handleRequest(null, Object(Config\Cache), false)
 8 FCPATH\index.php(67): CodeIgniter\CodeIgniter->run()
 9 SYSTEMPATH\Commands\Server\rewrite.php(47): require_once('FCPATH\\index.php')
INFO - 2024-01-19 07:36:14 --> Session: Class initialized using 'CodeIgniter\Session\Handlers\FileHandler' driver.
CRITICAL - 2024-01-19 07:36:14 --> Division by zero
in APPPATH\Views\hasil_topsis\nilai_bobot_normalisasi.php on line 70.
 1 SYSTEMPATH\View\View.php(213): include()
 2 SYSTEMPATH\View\View.php(216): CodeIgniter\View\View->CodeIgniter\View\{closure}()
 3 SYSTEMPATH\Common.php(1177): CodeIgniter\View\View->render('hasil_topsis/nilai_bobot_normalisasi', [], true)
 4 APPPATH\Controllers\DataHasil.php(67): view('hasil_topsis/nilai_bobot_normalisasi', [...])
 5 SYSTEMPATH\CodeIgniter.php(934): App\Controllers\DataHasil->bobot()
 6 SYSTEMPATH\CodeIgniter.php(499): CodeIgniter\CodeIgniter->runController(Object(App\Controllers\DataHasil))
 7 SYSTEMPATH\CodeIgniter.php(368): CodeIgniter\CodeIgniter->handleRequest(null, Object(Config\Cache), false)
 8 FCPATH\index.php(67): CodeIgniter\CodeIgniter->run()
 9 SYSTEMPATH\Commands\Server\rewrite.php(47): require_once('FCPATH\\index.php')
INFO - 2024-01-19 07:37:19 --> Session: Class initialized using 'CodeIgniter\Session\Handlers\FileHandler' driver.
CRITICAL - 2024-01-19 07:37:19 --> Division by zero
in APPPATH\Views\hasil_topsis\nilai_bobot_normalisasi.php on line 70.
 1 SYSTEMPATH\View\View.php(213): include()
 2 SYSTEMPATH\View\View.php(216): CodeIgniter\View\View->CodeIgniter\View\{closure}()
 3 SYSTEMPATH\Common.php(1177): CodeIgniter\View\View->render('hasil_topsis/nilai_bobot_normalisasi', [], true)
 4 APPPATH\Controllers\DataHasil.php(67): view('hasil_topsis/nilai_bobot_normalisasi', [...])
 5 SYSTEMPATH\CodeIgniter.php(934): App\Controllers\DataHasil->bobot()
 6 SYSTEMPATH\CodeIgniter.php(499): CodeIgniter\CodeIgniter->runController(Object(App\Controllers\DataHasil))
 7 SYSTEMPATH\CodeIgniter.php(368): CodeIgniter\CodeIgniter->handleRequest(null, Object(Config\Cache), false)
 8 FCPATH\index.php(67): CodeIgniter\CodeIgniter->run()
 9 SYSTEMPATH\Commands\Server\rewrite.php(47): require_once('FCPATH\\index.php')
INFO - 2024-01-19 07:38:14 --> Session: Class initialized using 'CodeIgniter\Session\Handlers\FileHandler' driver.
CRITICAL - 2024-01-19 07:38:14 --> Division by zero
in APPPATH\Views\hasil_topsis\nilai_bobot_normalisasi.php on line 70.
 1 SYSTEMPATH\View\View.php(213): include()
 2 SYSTEMPATH\View\View.php(216): CodeIgniter\View\View->CodeIgniter\View\{closure}()
 3 SYSTEMPATH\Common.php(1177): CodeIgniter\View\View->render('hasil_topsis/nilai_bobot_normalisasi', [], true)
 4 APPPATH\Controllers\DataHasil.php(67): view('hasil_topsis/nilai_bobot_normalisasi', [...])
 5 SYSTEMPATH\CodeIgniter.php(934): App\Controllers\DataHasil->bobot()
 6 SYSTEMPATH\CodeIgniter.php(499): CodeIgniter\CodeIgniter->runController(Object(App\Controllers\DataHasil))
 7 SYSTEMPATH\CodeIgniter.php(368): CodeIgniter\CodeIgniter->handleRequest(null, Object(Config\Cache), false)
 8 FCPATH\index.php(67): CodeIgniter\CodeIgniter->run()
 9 SYSTEMPATH\Commands\Server\rewrite.php(47): require_once('FCPATH\\index.php')
INFO - 2024-01-19 07:48:46 --> Session: Class initialized using 'CodeIgniter\Session\Handlers\FileHandler' driver.
CRITICAL - 2024-01-19 07:48:46 --> Division by zero
in APPPATH\Views\hasil_topsis\nilai_bobot_normalisasi.php on line 70.
 1 SYSTEMPATH\View\View.php(213): include()
 2 SYSTEMPATH\View\View.php(216): CodeIgniter\View\View->CodeIgniter\View\{closure}()
 3 SYSTEMPATH\Common.php(1177): CodeIgniter\View\View->render('hasil_topsis/nilai_bobot_normalisasi', [], true)
 4 APPPATH\Controllers\DataHasil.php(67): view('hasil_topsis/nilai_bobot_normalisasi', [...])
 5 SYSTEMPATH\CodeIgniter.php(934): App\Controllers\DataHasil->bobot()
 6 SYSTEMPATH\CodeIgniter.php(499): CodeIgniter\CodeIgniter->runController(Object(App\Controllers\DataHasil))
 7 SYSTEMPATH\CodeIgniter.php(368): CodeIgniter\CodeIgniter->handleRequest(null, Object(Config\Cache), false)
 8 FCPATH\index.php(67): CodeIgniter\CodeIgniter->run()
 9 SYSTEMPATH\Commands\Server\rewrite.php(47): require_once('FCPATH\\index.php')
INFO - 2024-01-19 07:50:06 --> Session: Class initialized using 'CodeIgniter\Session\Handlers\FileHandler' driver.
CRITICAL - 2024-01-19 07:50:06 --> round(): Argument #1 ($num) must be of type int|float, array given
in APPPATH\Views\hasil_topsis\nilai_bobot_normalisasi.php on line 70.
 1 APPPATH\Views\hasil_topsis\nilai_bobot_normalisasi.php(70): round([...], 3)
 2 SYSTEMPATH\View\View.php(213): include('APPPATH\\Views\\hasil_topsis\\nilai_bobot_normalisasi.php')
 3 SYSTEMPATH\View\View.php(216): CodeIgniter\View\View->CodeIgniter\View\{closure}()
 4 SYSTEMPATH\Common.php(1177): CodeIgniter\View\View->render('hasil_topsis/nilai_bobot_normalisasi', [], true)
 5 APPPATH\Controllers\DataHasil.php(67): view('hasil_topsis/nilai_bobot_normalisasi', [...])
 6 SYSTEMPATH\CodeIgniter.php(934): App\Controllers\DataHasil->bobot()
 7 SYSTEMPATH\CodeIgniter.php(499): CodeIgniter\CodeIgniter->runController(Object(App\Controllers\DataHasil))
 8 SYSTEMPATH\CodeIgniter.php(368): CodeIgniter\CodeIgniter->handleRequest(null, Object(Config\Cache), false)
 9 FCPATH\index.php(67): CodeIgniter\CodeIgniter->run()
10 SYSTEMPATH\Commands\Server\rewrite.php(47): require_once('FCPATH\\index.php')
INFO - 2024-01-19 07:50:42 --> Session: Class initialized using 'CodeIgniter\Session\Handlers\FileHandler' driver.
CRITICAL - 2024-01-19 07:50:42 --> Undefined array key "bobot"
in APPPATH\Views\hasil_topsis\nilai_bobot_normalisasi.php on line 68.
 1 APPPATH\Views\hasil_topsis\nilai_bobot_normalisasi.php(68): CodeIgniter\Debug\Exceptions->errorHandler(2, 'Undefined array key "bobot"', 'APPPATH\\Views\\hasil_topsis\\nilai_bobot_normalisasi.php', 68)
 2 SYSTEMPATH\View\View.php(213): include('APPPATH\\Views\\hasil_topsis\\nilai_bobot_normalisasi.php')
 3 SYSTEMPATH\View\View.php(216): CodeIgniter\View\View->CodeIgniter\View\{closure}()
 4 SYSTEMPATH\Common.php(1177): CodeIgniter\View\View->render('hasil_topsis/nilai_bobot_normalisasi', [], true)
 5 APPPATH\Controllers\DataHasil.php(67): view('hasil_topsis/nilai_bobot_normalisasi', [...])
 6 SYSTEMPATH\CodeIgniter.php(934): App\Controllers\DataHasil->bobot()
 7 SYSTEMPATH\CodeIgniter.php(499): CodeIgniter\CodeIgniter->runController(Object(App\Controllers\DataHasil))
 8 SYSTEMPATH\CodeIgniter.php(368): CodeIgniter\CodeIgniter->handleRequest(null, Object(Config\Cache), false)
 9 FCPATH\index.php(67): CodeIgniter\CodeIgniter->run()
10 SYSTEMPATH\Commands\Server\rewrite.php(47): require_once('FCPATH\\index.php')
INFO - 2024-01-19 07:52:21 --> Session: Class initialized using 'CodeIgniter\Session\Handlers\FileHandler' driver.
CRITICAL - 2024-01-19 07:52:21 --> Undefined variable $model
in APPPATH\Views\hasil_topsis\nilai_bobot_normalisasi.php on line 51.
 1 APPPATH\Views\hasil_topsis\nilai_bobot_normalisasi.php(51): CodeIgniter\Debug\Exceptions->errorHandler(2, 'Undefined variable $model', 'APPPATH\\Views\\hasil_topsis\\nilai_bobot_normalisasi.php', 51)
 2 SYSTEMPATH\View\View.php(213): include('APPPATH\\Views\\hasil_topsis\\nilai_bobot_normalisasi.php')
 3 SYSTEMPATH\View\View.php(216): CodeIgniter\View\View->CodeIgniter\View\{closure}()
 4 SYSTEMPATH\Common.php(1177): CodeIgniter\View\View->render('hasil_topsis/nilai_bobot_normalisasi', [], true)
 5 APPPATH\Controllers\DataHasil.php(67): view('hasil_topsis/nilai_bobot_normalisasi', [...])
 6 SYSTEMPATH\CodeIgniter.php(934): App\Controllers\DataHasil->bobot()
 7 SYSTEMPATH\CodeIgniter.php(499): CodeIgniter\CodeIgniter->runController(Object(App\Controllers\DataHasil))
 8 SYSTEMPATH\CodeIgniter.php(368): CodeIgniter\CodeIgniter->handleRequest(null, Object(Config\Cache), false)
 9 FCPATH\index.php(67): CodeIgniter\CodeIgniter->run()
10 SYSTEMPATH\Commands\Server\rewrite.php(47): require_once('FCPATH\\index.php')
INFO - 2024-01-19 07:55:56 --> Session: Class initialized using 'CodeIgniter\Session\Handlers\FileHandler' driver.
CRITICAL - 2024-01-19 07:55:56 --> Call to undefined method App\Models\DataMatrixModel::getAlternatifMatrik
in SYSTEMPATH\Model.php on line 841.
 1 APPPATH\Views\hasil_topsis\nilai_bobot_normalisasi.php(51): CodeIgniter\Model->__call('getAlternatifMatrik', [...])
 2 SYSTEMPATH\View\View.php(213): include('APPPATH\\Views\\hasil_topsis\\nilai_bobot_normalisasi.php')
 3 SYSTEMPATH\View\View.php(216): CodeIgniter\View\View->CodeIgniter\View\{closure}()
 4 SYSTEMPATH\Common.php(1177): CodeIgniter\View\View->render('hasil_topsis/nilai_bobot_normalisasi', [], true)
 5 APPPATH\Controllers\DataHasil.php(67): view('hasil_topsis/nilai_bobot_normalisasi', [...])
 6 SYSTEMPATH\CodeIgniter.php(934): App\Controllers\DataHasil->bobot()
 7 SYSTEMPATH\CodeIgniter.php(499): CodeIgniter\CodeIgniter->runController(Object(App\Controllers\DataHasil))
 8 SYSTEMPATH\CodeIgniter.php(368): CodeIgniter\CodeIgniter->handleRequest(null, Object(Config\Cache), false)
 9 FCPATH\index.php(67): CodeIgniter\CodeIgniter->run()
10 SYSTEMPATH\Commands\Server\rewrite.php(47): require_once('FCPATH\\index.php')
INFO - 2024-01-19 07:56:18 --> Session: Class initialized using 'CodeIgniter\Session\Handlers\FileHandler' driver.
INFO - 2024-01-19 08:14:48 --> Session: Class initialized using 'CodeIgniter\Session\Handlers\FileHandler' driver.
INFO - 2024-01-19 08:14:52 --> Session: Class initialized using 'CodeIgniter\Session\Handlers\FileHandler' driver.
INFO - 2024-01-19 08:14:55 --> Session: Class initialized using 'CodeIgniter\Session\Handlers\FileHandler' driver.
INFO - 2024-01-19 08:15:41 --> Session: Class initialized using 'CodeIgniter\Session\Handlers\FileHandler' driver.
CRITICAL - 2024-01-19 08:15:41 --> Undefined variable $matriksIdealPositif
in APPPATH\Views\hasil_topsis\matrix_ideal.php on line 51.
 1 APPPATH\Views\hasil_topsis\matrix_ideal.php(51): CodeIgniter\Debug\Exceptions->errorHandler(2, 'Undefined variable $matriksIdealPositif', 'APPPATH\\Views\\hasil_topsis\\matrix_ideal.php', 51)
 2 SYSTEMPATH\View\View.php(213): include('APPPATH\\Views\\hasil_topsis\\matrix_ideal.php')
 3 SYSTEMPATH\View\View.php(216): CodeIgniter\View\View->CodeIgniter\View\{closure}()
 4 SYSTEMPATH\Common.php(1177): CodeIgniter\View\View->render('hasil_topsis/matrix_ideal', [], true)
 5 APPPATH\Controllers\DataHasil.php(86): view('hasil_topsis/matrix_ideal', [...])
 6 SYSTEMPATH\CodeIgniter.php(934): App\Controllers\DataHasil->ideal()
 7 SYSTEMPATH\CodeIgniter.php(499): CodeIgniter\CodeIgniter->runController(Object(App\Controllers\DataHasil))
 8 SYSTEMPATH\CodeIgniter.php(368): CodeIgniter\CodeIgniter->handleRequest(null, Object(Config\Cache), false)
 9 FCPATH\index.php(67): CodeIgniter\CodeIgniter->run()
10 SYSTEMPATH\Commands\Server\rewrite.php(47): require_once('FCPATH\\index.php')
INFO - 2024-01-19 08:19:39 --> Session: Class initialized using 'CodeIgniter\Session\Handlers\FileHandler' driver.
CRITICAL - 2024-01-19 08:19:39 --> Undefined variable $matriksIdealPositif
in APPPATH\Views\hasil_topsis\matrix_ideal.php on line 51.
 1 APPPATH\Views\hasil_topsis\matrix_ideal.php(51): CodeIgniter\Debug\Exceptions->errorHandler(2, 'Undefined variable $matriksIdealPositif', 'APPPATH\\Views\\hasil_topsis\\matrix_ideal.php', 51)
 2 SYSTEMPATH\View\View.php(213): include('APPPATH\\Views\\hasil_topsis\\matrix_ideal.php')
 3 SYSTEMPATH\View\View.php(216): CodeIgniter\View\View->CodeIgniter\View\{closure}()
 4 SYSTEMPATH\Common.php(1177): CodeIgniter\View\View->render('hasil_topsis/matrix_ideal', [], true)
 5 APPPATH\Controllers\DataHasil.php(88): view('hasil_topsis/matrix_ideal', [...])
 6 SYSTEMPATH\CodeIgniter.php(934): App\Controllers\DataHasil->ideal()
 7 SYSTEMPATH\CodeIgniter.php(499): CodeIgniter\CodeIgniter->runController(Object(App\Controllers\DataHasil))
 8 SYSTEMPATH\CodeIgniter.php(368): CodeIgniter\CodeIgniter->handleRequest(null, Object(Config\Cache), false)
 9 FCPATH\index.php(67): CodeIgniter\CodeIgniter->run()
10 SYSTEMPATH\Commands\Server\rewrite.php(47): require_once('FCPATH\\index.php')
INFO - 2024-01-19 08:20:07 --> Session: Class initialized using 'CodeIgniter\Session\Handlers\FileHandler' driver.
INFO - 2024-01-19 08:22:02 --> Session: Class initialized using 'CodeIgniter\Session\Handlers\FileHandler' driver.
INFO - 2024-01-19 08:26:01 --> Session: Class initialized using 'CodeIgniter\Session\Handlers\FileHandler' driver.
INFO - 2024-01-19 08:26:57 --> Session: Class initialized using 'CodeIgniter\Session\Handlers\FileHandler' driver.
INFO - 2024-01-19 08:34:55 --> Session: Class initialized using 'CodeIgniter\Session\Handlers\FileHandler' driver.
INFO - 2024-01-19 08:35:13 --> Session: Class initialized using 'CodeIgniter\Session\Handlers\FileHandler' driver.
INFO - 2024-01-19 23:43:42 --> Session: Class initialized using 'CodeIgniter\Session\Handlers\FileHandler' driver.
INFO - 2024-01-19 23:43:45 --> Session: Class initialized using 'CodeIgniter\Session\Handlers\FileHandler' driver.
INFO - 2024-01-19 23:45:34 --> Session: Class initialized using 'CodeIgniter\Session\Handlers\FileHandler' driver.
INFO - 2024-01-19 23:45:35 --> Session: Class initialized using 'CodeIgniter\Session\Handlers\FileHandler' driver.
INFO - 2024-01-19 23:45:46 --> Session: Class initialized using 'CodeIgniter\Session\Handlers\FileHandler' driver.
INFO - 2024-01-19 23:45:46 --> Session: Class initialized using 'CodeIgniter\Session\Handlers\FileHandler' driver.
INFO - 2024-01-19 23:45:58 --> Session: Class initialized using 'CodeIgniter\Session\Handlers\FileHandler' driver.
CRITICAL - 2024-01-19 23:45:58 --> Undefined variable $model
in APPPATH\Controllers\DataHasil.php on line 125.
 1 APPPATH\Controllers\DataHasil.php(125): CodeIgniter\Debug\Exceptions->errorHandler(2, 'Undefined variable $model', 'APPPATH\\Controllers\\DataHasil.php', 125)
 2 SYSTEMPATH\CodeIgniter.php(934): App\Controllers\DataHasil->jarak()
 3 SYSTEMPATH\CodeIgniter.php(499): CodeIgniter\CodeIgniter->runController(Object(App\Controllers\DataHasil))
 4 SYSTEMPATH\CodeIgniter.php(368): CodeIgniter\CodeIgniter->handleRequest(null, Object(Config\Cache), false)
 5 FCPATH\index.php(67): CodeIgniter\CodeIgniter->run()
 6 SYSTEMPATH\Commands\Server\rewrite.php(47): require_once('FCPATH\\index.php')
INFO - 2024-01-19 23:50:16 --> Session: Class initialized using 'CodeIgniter\Session\Handlers\FileHandler' driver.
CRITICAL - 2024-01-19 23:50:16 --> Call to undefined method App\Models\DataMatrixModel::getNilaiMatrikByIdKriteria
in SYSTEMPATH\Model.php on line 841.
 1 APPPATH\Controllers\DataHasil.php(145): CodeIgniter\Model->__call('getNilaiMatrikByIdKriteria', [...])
 2 APPPATH\Controllers\DataHasil.php(125): App\Controllers\DataHasil->hitungDPlus()
 3 SYSTEMPATH\CodeIgniter.php(934): App\Controllers\DataHasil->jarak()
 4 SYSTEMPATH\CodeIgniter.php(499): CodeIgniter\CodeIgniter->runController(Object(App\Controllers\DataHasil))
 5 SYSTEMPATH\CodeIgniter.php(368): CodeIgniter\CodeIgniter->handleRequest(null, Object(Config\Cache), false)
 6 FCPATH\index.php(67): CodeIgniter\CodeIgniter->run()
 7 SYSTEMPATH\Commands\Server\rewrite.php(47): require_once('FCPATH\\index.php')
INFO - 2024-01-19 23:52:16 --> Session: Class initialized using 'CodeIgniter\Session\Handlers\FileHandler' driver.
INFO - 2024-01-19 23:54:52 --> Session: Class initialized using 'CodeIgniter\Session\Handlers\FileHandler' driver.
CRITICAL - 2024-01-19 23:54:53 --> Undefined array key "nm_alternatif"
in APPPATH\Views\hasil_topsis\jarak_solusi.php on line 49.
 1 APPPATH\Views\hasil_topsis\jarak_solusi.php(49): CodeIgniter\Debug\Exceptions->errorHandler(2, 'Undefined array key "nm_alternatif"', 'APPPATH\\Views\\hasil_topsis\\jarak_solusi.php', 49)
 2 SYSTEMPATH\View\View.php(213): include('APPPATH\\Views\\hasil_topsis\\jarak_solusi.php')
 3 SYSTEMPATH\View\View.php(216): CodeIgniter\View\View->CodeIgniter\View\{closure}()
 4 SYSTEMPATH\Common.php(1177): CodeIgniter\View\View->render('hasil_topsis/jarak_solusi', [], true)
 5 APPPATH\Controllers\DataHasil.php(135): view('hasil_topsis/jarak_solusi', [...])
 6 SYSTEMPATH\CodeIgniter.php(934): App\Controllers\DataHasil->jarak()
 7 SYSTEMPATH\CodeIgniter.php(499): CodeIgniter\CodeIgniter->runController(Object(App\Controllers\DataHasil))
 8 SYSTEMPATH\CodeIgniter.php(368): CodeIgniter\CodeIgniter->handleRequest(null, Object(Config\Cache), false)
 9 FCPATH\index.php(67): CodeIgniter\CodeIgniter->run()
10 SYSTEMPATH\Commands\Server\rewrite.php(47): require_once('FCPATH\\index.php')
INFO - 2024-01-19 23:55:14 --> Session: Class initialized using 'CodeIgniter\Session\Handlers\FileHandler' driver.
